[ 2016-05-23T20:47:56+08:00 ] ::1 /new_management_system1/new_management_system/
INFO: [ app_init ] --START--
INFO: Run Behavior\BuildLiteBehavior [ RunTime:0.000034s ]
INFO: [ app_init ] --END-- [ RunTime:0.001056s ]
INFO: [ app_begin ] --START--
INFO: Run Behavior\ReadHtmlCacheBehavior [ RunTime:0.001192s ]
INFO: [ app_begin ] --END-- [ RunTime:0.001338s ]
NOTIC: [8] Use of undefined constant username - assumed 'username' C:\wamp\www\new_management_system1\new_management_system\Application\Home\Controller\IndexController.class.php 第 6 行.
SQL: SHOW COLUMNS FROM `administrator` [ RunTime:0.0053s ]
NOTIC: [8] Undefined index: manageid C:\wamp\www\new_management_system1\new_management_system\Application\Home\Controller\IndexController.class.php 第 10 行.
NOTIC: [8] Use of undefined constant administratorid - assumed 'administratorid' C:\wamp\www\new_management_system1\new_management_system\Application\Home\Controller\IndexController.class.php 第 27 行.
SQL: SELECT COUNT(*) AS tp_count FROM `administrator` LIMIT 1   [ RunTime:0.0006s ]
SQL: SELECT `Id`,`Password` FROM `administrator` ORDER BY id LIMIT 0,8   [ RunTime:0.0005s ]
INFO: [ view_parse ] --START--
INFO: [ template_filter ] --START--
INFO: Run Behavior\ContentReplaceBehavior [ RunTime:0.000116s ]
INFO: [ template_filter ] --END-- [ RunTime:0.000271s ]
INFO: Run Behavior\ParseTemplateBehavior [ RunTime:0.046695s ]
INFO: [ view_parse ] --END-- [ RunTime:0.046859s ]
INFO: [ view_filter ] --START--
INFO: Run Behavior\WriteHtmlCacheBehavior [ RunTime:0.010691s ]
INFO: [ view_filter ] --END-- [ RunTime:0.011122s ]
INFO: [ app_end ] --START--
INFO: Run Behavior\ShowPageTraceBehavior [ RunTime:0.001447s ]
INFO: [ app_end ] --END-- [ RunTime:0.001595s ]

[ 2016-05-23T20:47:56+08:00 ] ::1 /new_management_system1/new_management_system/index.php/Home/Index/main
INFO: [ app_init ] --START--
INFO: Run Behavior\BuildLiteBehavior [ RunTime:0.000059s ]
INFO: [ app_init ] --END-- [ RunTime:0.002651s ]
INFO: [ app_begin ] --START--
INFO: Run Behavior\ReadHtmlCacheBehavior [ RunTime:0.002459s ]
INFO: [ app_begin ] --END-- [ RunTime:0.004587s ]
NOTIC: [8] Use of undefined constant hahaha - assumed 'hahaha' C:\wamp\www\new_management_system1\new_management_system\Application\Home\Controller\IndexController.class.php 第 77 行.
INFO: [ view_parse ] --START--
INFO: [ template_filter ] --START--
INFO: Run Behavior\ContentReplaceBehavior [ RunTime:0.000275s ]
INFO: [ template_filter ] --END-- [ RunTime:0.000676s ]
INFO: Run Behavior\ParseTemplateBehavior [ RunTime:0.025842s ]
INFO: [ view_parse ] --END-- [ RunTime:0.026162s ]
INFO: [ view_filter ] --START--
INFO: Run Behavior\WriteHtmlCacheBehavior [ RunTime:0.002107s ]
INFO: [ view_filter ] --END-- [ RunTime:0.002760s ]
INFO: [ app_end ] --START--
INFO: Run Behavior\ShowPageTraceBehavior [ RunTime:0.001500s ]
INFO: [ app_end ] --END-- [ RunTime:0.001798s ]

[ 2016-05-23T20:48:02+08:00 ] ::1 /new_management_system1/new_management_system/index.php/Home/Index/quit
INFO: [ app_init ] --START--
INFO: Run Behavior\BuildLiteBehavior [ RunTime:0.000052s ]
INFO: [ app_init ] --END-- [ RunTime:0.000995s ]
INFO: [ app_begin ] --START--
INFO: Run Behavior\ReadHtmlCacheBehavior [ RunTime:0.001154s ]
INFO: [ app_begin ] --END-- [ RunTime:0.001301s ]
NOTIC: [8] Use of undefined constant username - assumed 'username' C:\wamp\www\new_management_system1\new_management_system\Application\Home\Controller\IndexController.class.php 第 65 行.
SQL: SHOW COLUMNS FROM `log` [ RunTime:0.0078s ]
SQL: SHOW COLUMNS FROM `logtype` [ RunTime:0.0034s ]
SQL: INSERT INTO `log` (`UserId`,`Time`,`Type`) VALUES ('2013014119','16-05-23-20-48-02','1') [ RunTime:0.0699s ]
NOTIC: [8] Object of class Think\Model could not be converted to int C:\wamp\www\new_management_system1\new_management_system\Application\Home\Controller\IndexController.class.php 第 90 行.

[ 2016-05-23T20:48:02+08:00 ] ::1 /new_management_system1/new_management_system/index.php/Home/Login/index.html
INFO: [ app_init ] --START--
INFO: Run Behavior\BuildLiteBehavior [ RunTime:0.000033s ]
INFO: [ app_init ] --END-- [ RunTime:0.000604s ]
INFO: [ app_begin ] --START--
INFO: Run Behavior\ReadHtmlCacheBehavior [ RunTime:0.000971s ]
INFO: [ app_begin ] --END-- [ RunTime:0.001118s ]
NOTIC: [8] Use of undefined constant title - assumed 'title' C:\wamp\www\new_management_system1\new_management_system\Application\Home\Controller\LoginController.class.php 第 6 行.
INFO: [ view_parse ] --START--
INFO: [ template_filter ] --START--
INFO: Run Behavior\ContentReplaceBehavior [ RunTime:0.000083s ]
INFO: [ template_filter ] --END-- [ RunTime:0.000228s ]
INFO: Run Behavior\ParseTemplateBehavior [ RunTime:0.017108s ]
INFO: [ view_parse ] --END-- [ RunTime:0.017255s ]
INFO: [ view_filter ] --START--
INFO: Run Behavior\WriteHtmlCacheBehavior [ RunTime:0.000677s ]
INFO: [ view_filter ] --END-- [ RunTime:0.000802s ]
INFO: [ app_end ] --START--
INFO: Run Behavior\ShowPageTraceBehavior [ RunTime:0.000786s ]
INFO: [ app_end ] --END-- [ RunTime:0.000914s ]

[ 2016-05-23T20:48:11+08:00 ] ::1 /new_management_system1/new_management_system/index.php/Home/Login/login
INFO: [ app_init ] --START--
INFO: Run Behavior\BuildLiteBehavior [ RunTime:0.000052s ]
INFO: [ app_init ] --END-- [ RunTime:0.000895s ]
INFO: [ app_begin ] --START--
INFO: Run Behavior\ReadHtmlCacheBehavior [ RunTime:0.001070s ]
INFO: [ app_begin ] --END-- [ RunTime:0.001288s ]
SQL: SHOW COLUMNS FROM `administrator` [ RunTime:0.0053s ]
SQL: SELECT * FROM `administrator` WHERE ( ID = '2013014119' AND Password = '123456' ) LIMIT 1   [ RunTime:0.0009s ]
NOTIC: [8] Use of undefined constant username - assumed 'username' C:\wamp\www\new_management_system1\new_management_system\Application\Home\Controller\LoginController.class.php 第 19 行.
SQL: SELECT `Permission` FROM `administrator` WHERE ( Id = '2013014119' )  [ RunTime:0.0011s ]
NOTIC: [8] Use of undefined constant userpermission - assumed 'userpermission' C:\wamp\www\new_management_system1\new_management_system\Application\Home\Controller\LoginController.class.php 第 21 行.
SQL: SHOW COLUMNS FROM `log` [ RunTime:0.0065s ]
SQL: SHOW COLUMNS FROM `logtype` [ RunTime:0.0053s ]
SQL: INSERT INTO `log` (`UserId`,`Time`,`Type`) VALUES ('2013014119','16-05-23-20-48-11','0') [ RunTime:0.0578s ]
NOTIC: [8] Object of class Think\Model could not be converted to int C:\wamp\www\new_management_system1\new_management_system\Application\Home\Controller\LoginController.class.php 第 46 行.

[ 2016-05-23T20:48:11+08:00 ] ::1 /new_management_system1/new_management_system/index.php/Home/Index/index.html
INFO: [ app_init ] --START--
INFO: Run Behavior\BuildLiteBehavior [ RunTime:0.000030s ]
INFO: [ app_init ] --END-- [ RunTime:0.000491s ]
INFO: [ app_begin ] --START--
INFO: Run Behavior\ReadHtmlCacheBehavior [ RunTime:0.001036s ]
INFO: [ app_begin ] --END-- [ RunTime:0.001257s ]
NOTIC: [8] Use of undefined constant username - assumed 'username' C:\wamp\www\new_management_system1\new_management_system\Application\Home\Controller\IndexController.class.php 第 6 行.
SQL: SHOW COLUMNS FROM `administrator` [ RunTime:0.0033s ]
NOTIC: [8] Undefined index: manageid C:\wamp\www\new_management_system1\new_management_system\Application\Home\Controller\IndexController.class.php 第 10 行.
NOTIC: [8] Use of undefined constant administratorid - assumed 'administratorid' C:\wamp\www\new_management_system1\new_management_system\Application\Home\Controller\IndexController.class.php 第 27 行.
SQL: SELECT COUNT(*) AS tp_count FROM `administrator` LIMIT 1   [ RunTime:0.0003s ]
SQL: SELECT `Id`,`Password` FROM `administrator` ORDER BY id LIMIT 0,8   [ RunTime:0.0002s ]
INFO: [ view_parse ] --START--
INFO: [ template_filter ] --START--
INFO: Run Behavior\ContentReplaceBehavior [ RunTime:0.000123s ]
INFO: [ template_filter ] --END-- [ RunTime:0.000298s ]
INFO: Run Behavior\ParseTemplateBehavior [ RunTime:0.009534s ]
INFO: [ view_parse ] --END-- [ RunTime:0.009693s ]
INFO: [ view_filter ] --START--
INFO: Run Behavior\WriteHtmlCacheBehavior [ RunTime:0.000595s ]
INFO: [ view_filter ] --END-- [ RunTime:0.000728s ]
INFO: [ app_end ] --START--
INFO: Run Behavior\ShowPageTraceBehavior [ RunTime:0.000785s ]
INFO: [ app_end ] --END-- [ RunTime:0.000921s ]

[ 2016-05-23T20:48:11+08:00 ] ::1 /new_management_system1/new_management_system/index.php/Home/Index/main
INFO: [ app_init ] --START--
INFO: Run Behavior\BuildLiteBehavior [ RunTime:0.000062s ]
INFO: [ app_init ] --END-- [ RunTime:0.000874s ]
INFO: [ app_begin ] --START--
INFO: Run Behavior\ReadHtmlCacheBehavior [ RunTime:0.001481s ]
INFO: [ app_begin ] --END-- [ RunTime:0.001803s ]
NOTIC: [8] Use of undefined constant hahaha - assumed 'hahaha' C:\wamp\www\new_management_system1\new_management_system\Application\Home\Controller\IndexController.class.php 第 77 行.
INFO: [ view_parse ] --START--
INFO: [ template_filter ] --START--
INFO: Run Behavior\ContentReplaceBehavior [ RunTime:0.000110s ]
INFO: [ template_filter ] --END-- [ RunTime:0.000415s ]
INFO: Run Behavior\ParseTemplateBehavior [ RunTime:0.012434s ]
INFO: [ view_parse ] --END-- [ RunTime:0.012704s ]
INFO: [ view_filter ] --START--
INFO: Run Behavior\WriteHtmlCacheBehavior [ RunTime:0.001183s ]
INFO: [ view_filter ] --END-- [ RunTime:0.001485s ]
INFO: [ app_end ] --START--
INFO: Run Behavior\ShowPageTraceBehavior [ RunTime:0.001002s ]
INFO: [ app_end ] --END-- [ RunTime:0.001152s ]

[ 2016-05-23T20:48:15+08:00 ] ::1 /new_management_system1/new_management_system/index.php/Home/Currmanage
INFO: [ app_init ] --START--
INFO: Run Behavior\BuildLiteBehavior [ RunTime:0.000031s ]
INFO: [ app_init ] --END-- [ RunTime:0.000492s ]
INFO: [ app_begin ] --START--
INFO: Run Behavior\ReadHtmlCacheBehavior [ RunTime:0.000733s ]
INFO: [ app_begin ] --END-- [ RunTime:0.000865s ]
INFO: [ view_parse ] --START--
INFO: [ template_filter ] --START--
INFO: Run Behavior\ContentReplaceBehavior [ RunTime:0.000187s ]
INFO: [ template_filter ] --END-- [ RunTime:0.000343s ]
INFO: Run Behavior\ParseTemplateBehavior [ RunTime:0.075486s ]
INFO: [ view_parse ] --END-- [ RunTime:0.075650s ]
INFO: [ view_filter ] --START--
INFO: Run Behavior\WriteHtmlCacheBehavior [ RunTime:0.000576s ]
INFO: [ view_filter ] --END-- [ RunTime:0.000702s ]
INFO: [ app_end ] --START--
INFO: Run Behavior\ShowPageTraceBehavior [ RunTime:0.000728s ]
INFO: [ app_end ] --END-- [ RunTime:0.000856s ]

[ 2016-05-23T20:48:15+08:00 ] ::1 /new_management_system1/new_management_system/index.php/Home/Currmanage/main
INFO: [ app_init ] --START--
INFO: Run Behavior\BuildLiteBehavior [ RunTime:0.000067s ]
INFO: [ app_init ] --END-- [ RunTime:0.001054s ]
INFO: [ app_begin ] --START--
INFO: Run Behavior\ReadHtmlCacheBehavior [ RunTime:0.001634s ]
INFO: [ app_begin ] --END-- [ RunTime:0.001964s ]
SQL: SHOW COLUMNS FROM `curricula` [ RunTime:0.1514s ]
SQL: SELECT COUNT(*) AS tp_count FROM `curricula` LIMIT 1   [ RunTime:0.0004s ]
SQL: SELECT `Id`,`Name`,`Credit`,`Hours`,`Speciality_Id`,`Academy_Id`,`Type`,`Contain` FROM `curricula` LIMIT 0,8   [ RunTime:0.0003s ]
INFO: [ view_parse ] --START--
INFO: [ template_filter ] --START--
INFO: Run Behavior\ContentReplaceBehavior [ RunTime:0.000268s ]
INFO: [ template_filter ] --END-- [ RunTime:0.000544s ]
NOTIC: [8] Undefined index: title C:\wamp\www\new_management_system1\new_management_system\Application\Runtime\Cache\Home\468fe3152dffb7c0a99ab8c5b347918a.php 第 48 行.
NOTIC: [8] Undefined index: title C:\wamp\www\new_management_system1\new_management_system\Application\Runtime\Cache\Home\468fe3152dffb7c0a99ab8c5b347918a.php 第 48 行.
NOTIC: [8] Undefined index: title C:\wamp\www\new_management_system1\new_management_system\Application\Runtime\Cache\Home\468fe3152dffb7c0a99ab8c5b347918a.php 第 48 行.
NOTIC: [8] Undefined index: title C:\wamp\www\new_management_system1\new_management_system\Application\Runtime\Cache\Home\468fe3152dffb7c0a99ab8c5b347918a.php 第 48 行.
NOTIC: [8] Undefined index: title C:\wamp\www\new_management_system1\new_management_system\Application\Runtime\Cache\Home\468fe3152dffb7c0a99ab8c5b347918a.php 第 48 行.
INFO: Run Behavior\ParseTemplateBehavior [ RunTime:0.074286s ]
INFO: [ view_parse ] --END-- [ RunTime:0.074432s ]
INFO: [ view_filter ] --START--
INFO: Run Behavior\WriteHtmlCacheBehavior [ RunTime:0.000867s ]
INFO: [ view_filter ] --END-- [ RunTime:0.001066s ]
INFO: [ app_end ] --START--
INFO: Run Behavior\ShowPageTraceBehavior [ RunTime:0.001241s ]
INFO: [ app_end ] --END-- [ RunTime:0.001462s ]

[ 2016-05-23T20:48:17+08:00 ] ::1 /new_management_system1/new_management_system/index.php/Home/Currmanage/add
INFO: [ app_init ] --START--
INFO: Run Behavior\BuildLiteBehavior [ RunTime:0.000030s ]
INFO: [ app_init ] --END-- [ RunTime:0.000557s ]
INFO: [ app_begin ] --START--
INFO: Run Behavior\ReadHtmlCacheBehavior [ RunTime:0.000874s ]
INFO: [ app_begin ] --END-- [ RunTime:0.001021s ]
SQL: SHOW COLUMNS FROM `curricula` [ RunTime:0.0082s ]
NOTIC: [8] Undefined index: curriculaid C:\wamp\www\new_management_system1\new_management_system\Application\Home\Controller\CurrmanageController.class.php 第 31 行.
NOTIC: [8] Undefined index: curriculaid C:\wamp\www\new_management_system1\new_management_system\Application\Home\Controller\CurrmanageController.class.php 第 32 行.
INFO: [ view_parse ] --START--
INFO: [ template_filter ] --START--
INFO: Run Behavior\ContentReplaceBehavior [ RunTime:0.000113s ]
INFO: [ template_filter ] --END-- [ RunTime:0.000271s ]
INFO: Run Behavior\ParseTemplateBehavior [ RunTime:0.065130s ]
INFO: [ view_parse ] --END-- [ RunTime:0.065286s ]
INFO: [ view_filter ] --START--
INFO: Run Behavior\WriteHtmlCacheBehavior [ RunTime:0.000648s ]
INFO: [ view_filter ] --END-- [ RunTime:0.000787s ]
INFO: [ app_end ] --START--
INFO: Run Behavior\ShowPageTraceBehavior [ RunTime:0.000775s ]
INFO: [ app_end ] --END-- [ RunTime:0.000903s ]

[ 2016-05-23T20:48:17+08:00 ] ::1 /new_management_system1/new_management_system/index.php/Home/Currmanage/__PUBLIC_/css/main.css
INFO: [ app_init ] --START--
INFO: Run Behavior\BuildLiteBehavior [ RunTime:0.000032s ]
INFO: [ app_init ] --END-- [ RunTime:0.000524s ]
INFO: [ app_begin ] --START--
INFO: Run Behavior\ReadHtmlCacheBehavior [ RunTime:0.001129s ]
INFO: [ app_begin ] --END-- [ RunTime:0.001292s ]
ERR: 非法操作:__PUBLIC_

[ 2016-05-23T20:48:21+08:00 ] ::1 /new_management_system1/new_management_system/index.php/Home/Currmanage/add
INFO: [ app_init ] --START--
INFO: Run Behavior\BuildLiteBehavior [ RunTime:0.000033s ]
INFO: [ app_init ] --END-- [ RunTime:0.000559s ]
INFO: [ app_begin ] --START--
INFO: Run Behavior\ReadHtmlCacheBehavior [ RunTime:0.000910s ]
INFO: [ app_begin ] --END-- [ RunTime:0.001075s ]
SQL: SHOW COLUMNS FROM `curricula` [ RunTime:0.1753s ]
ERR: 1062:Duplicate entry '1' for key 'PRIMARY'
 [ SQL语句 ] : INSERT INTO `curricula` (`Id`,`Name`,`Credit`,`Hours`,`Speciality_Id`,`Academy_Id`,`Type`,`Contain`) VALUES ('1','','0','0','0','0','0','0')
ERR: 1062:Duplicate entry '1' for key 'PRIMARY'
 [ SQL语句 ] : INSERT INTO `curricula` (`Id`,`Name`,`Credit`,`Hours`,`Speciality_Id`,`Academy_Id`,`Type`,`Contain`) VALUES ('1','','0','0','0','0','0','0')

[ 2016-05-23T20:48:36+08:00 ] ::1 /new_management_system1/new_management_system/index.php/Home/Currmanage/add
INFO: [ app_init ] --START--
INFO: Run Behavior\BuildLiteBehavior [ RunTime:0.000044s ]
INFO: [ app_init ] --END-- [ RunTime:0.000615s ]
INFO: [ app_begin ] --START--
INFO: Run Behavior\ReadHtmlCacheBehavior [ RunTime:0.001763s ]
INFO: [ app_begin ] --END-- [ RunTime:0.002099s ]
SQL: SHOW COLUMNS FROM `curricula` [ RunTime:0.0367s ]
ERR: 1452:Cannot add or update a child row: a foreign key constraint fails (`back-stage_management`.`curricula`, CONSTRAINT `curricula_ibfk_2` FOREIGN KEY (`Speciality_Id`) REFERENCES `speciality` (`Id`))
 [ SQL语句 ] : INSERT INTO `curricula` (`Id`,`Name`,`Credit`,`Hours`,`Speciality_Id`,`Academy_Id`,`Type`,`Contain`) VALUES ('777','','0','0','0','0','0','0')
ERR: 1452:Cannot add or update a child row: a foreign key constraint fails (`back-stage_management`.`curricula`, CONSTRAINT `curricula_ibfk_2` FOREIGN KEY (`Speciality_Id`) REFERENCES `speciality` (`Id`))
 [ SQL语句 ] : INSERT INTO `curricula` (`Id`,`Name`,`Credit`,`Hours`,`Speciality_Id`,`Academy_Id`,`Type`,`Contain`) VALUES ('777','','0','0','0','0','0','0')

[ 2016-05-23T20:49:10+08:00 ] ::1 /new_management_system1/new_management_system/index.php/Home/Currmanage/add
INFO: [ app_init ] --START--
INFO: Run Behavior\BuildLiteBehavior [ RunTime:0.000041s ]
INFO: [ app_init ] --END-- [ RunTime:0.000497s ]
INFO: [ app_begin ] --START--
INFO: Run Behavior\ReadHtmlCacheBehavior [ RunTime:0.001037s ]
INFO: [ app_begin ] --END-- [ RunTime:0.001221s ]
SQL: SHOW COLUMNS FROM `curricula` [ RunTime:0.0079s ]
ERR: 1452:Cannot add or update a child row: a foreign key constraint fails (`back-stage_management`.`curricula`, CONSTRAINT `curricula_ibfk_2` FOREIGN KEY (`Speciality_Id`) REFERENCES `speciality` (`Id`))
 [ SQL语句 ] : INSERT INTO `curricula` (`Id`,`Name`,`Credit`,`Hours`,`Speciality_Id`,`Academy_Id`,`Type`,`Contain`) VALUES ('777','','0','0','0','0','0','0')
ERR: 1452:Cannot add or update a child row: a foreign key constraint fails (`back-stage_management`.`curricula`, CONSTRAINT `curricula_ibfk_2` FOREIGN KEY (`Speciality_Id`) REFERENCES `speciality` (`Id`))
 [ SQL语句 ] : INSERT INTO `curricula` (`Id`,`Name`,`Credit`,`Hours`,`Speciality_Id`,`Academy_Id`,`Type`,`Contain`) VALUES ('777','','0','0','0','0','0','0')

[ 2016-05-23T21:06:02+08:00 ] ::1 /new_management_system1/new_management_system/
INFO: [ app_init ] --START--
INFO: Run Behavior\BuildLiteBehavior [ RunTime:0.000031s ]
INFO: [ app_init ] --END-- [ RunTime:0.000490s ]
INFO: [ app_begin ] --START--
INFO: Run Behavior\ReadHtmlCacheBehavior [ RunTime:0.000869s ]
INFO: [ app_begin ] --END-- [ RunTime:0.001038s ]
NOTIC: [8] Use of undefined constant username - assumed 'username' C:\wamp\www\new_management_system1\new_management_system\Application\Home\Controller\IndexController.class.php 第 6 行.
SQL: SHOW COLUMNS FROM `administrator` [ RunTime:0.0778s ]
NOTIC: [8] Undefined index: manageid C:\wamp\www\new_management_system1\new_management_system\Application\Home\Controller\IndexController.class.php 第 10 行.
NOTIC: [8] Use of undefined constant administratorid - assumed 'administratorid' C:\wamp\www\new_management_system1\new_management_system\Application\Home\Controller\IndexController.class.php 第 27 行.
SQL: SELECT COUNT(*) AS tp_count FROM `administrator` LIMIT 1   [ RunTime:0.0005s ]
SQL: SELECT `Id`,`Password` FROM `administrator` ORDER BY id LIMIT 0,8   [ RunTime:0.0003s ]
INFO: [ view_parse ] --START--
INFO: [ template_filter ] --START--
INFO: Run Behavior\ContentReplaceBehavior [ RunTime:0.000110s ]
INFO: [ template_filter ] --END-- [ RunTime:0.000257s ]
INFO: Run Behavior\ParseTemplateBehavior [ RunTime:0.016288s ]
INFO: [ view_parse ] --END-- [ RunTime:0.016434s ]
INFO: [ view_filter ] --START--
INFO: Run Behavior\WriteHtmlCacheBehavior [ RunTime:0.000653s ]
INFO: [ view_filter ] --END-- [ RunTime:0.000790s ]
INFO: [ app_end ] --START--
INFO: Run Behavior\ShowPageTraceBehavior [ RunTime:0.000927s ]
INFO: [ app_end ] --END-- [ RunTime:0.001073s ]

[ 2016-05-23T21:06:02+08:00 ] ::1 /new_management_system1/new_management_system/index.php/Home/Index/main
INFO: [ app_init ] --START--
INFO: Run Behavior\BuildLiteBehavior [ RunTime:0.000034s ]
INFO: [ app_init ] --END-- [ RunTime:0.000610s ]
INFO: [ app_begin ] --START--
INFO: Run Behavior\ReadHtmlCacheBehavior [ RunTime:0.000877s ]
INFO: [ app_begin ] --END-- [ RunTime:0.001028s ]
NOTIC: [8] Use of undefined constant hahaha - assumed 'hahaha' C:\wamp\www\new_management_system1\new_management_system\Application\Home\Controller\IndexController.class.php 第 77 行.
INFO: [ view_parse ] --START--
INFO: [ template_filter ] --START--
INFO: Run Behavior\ContentReplaceBehavior [ RunTime:0.000112s ]
INFO: [ template_filter ] --END-- [ RunTime:0.000364s ]
INFO: Run Behavior\ParseTemplateBehavior [ RunTime:0.008203s ]
INFO: [ view_parse ] --END-- [ RunTime:0.008443s ]
INFO: [ view_filter ] --START--
INFO: Run Behavior\WriteHtmlCacheBehavior [ RunTime:0.000689s ]
INFO: [ view_filter ] --END-- [ RunTime:0.000886s ]
INFO: [ app_end ] --START--
INFO: Run Behavior\ShowPageTraceBehavior [ RunTime:0.000833s ]
INFO: [ app_end ] --END-- [ RunTime:0.000969s ]

[ 2016-05-23T21:06:04+08:00 ] ::1 /new_management_system1/new_management_system/index.php/Home/Index/quit
INFO: [ app_init ] --START--
INFO: Run Behavior\BuildLiteBehavior [ RunTime:0.000030s ]
INFO: [ app_init ] --END-- [ RunTime:0.000537s ]
INFO: [ app_begin ] --START--
INFO: Run Behavior\ReadHtmlCacheBehavior [ RunTime:0.000771s ]
INFO: [ app_begin ] --END-- [ RunTime:0.000903s ]
NOTIC: [8] Use of undefined constant username - assumed 'username' C:\wamp\www\new_management_system1\new_management_system\Application\Home\Controller\IndexController.class.php 第 65 行.
SQL: SHOW COLUMNS FROM `log` [ RunTime:0.0077s ]
SQL: SHOW COLUMNS FROM `logtype` [ RunTime:0.0034s ]
SQL: INSERT INTO `log` (`UserId`,`Time`,`Type`) VALUES ('2013014119','16-05-23-21-06-04','1') [ RunTime:0.1102s ]
NOTIC: [8] Object of class Think\Model could not be converted to int C:\wamp\www\new_management_system1\new_management_system\Application\Home\Controller\IndexController.class.php 第 90 行.

[ 2016-05-23T21:06:04+08:00 ] ::1 /new_management_system1/new_management_system/index.php/Home/Login/index.html
INFO: [ app_init ] --START--
INFO: Run Behavior\BuildLiteBehavior [ RunTime:0.000031s ]
INFO: [ app_init ] --END-- [ RunTime:0.000647s ]
INFO: [ app_begin ] --START--
INFO: Run Behavior\ReadHtmlCacheBehavior [ RunTime:0.000805s ]
INFO: [ app_begin ] --END-- [ RunTime:0.000951s ]
NOTIC: [8] Use of undefined constant title - assumed 'title' C:\wamp\www\new_management_system1\new_management_system\Application\Home\Controller\LoginController.class.php 第 6 行.
INFO: [ view_parse ] --START--
INFO: [ template_filter ] --START--
INFO: Run Behavior\ContentReplaceBehavior [ RunTime:0.000176s ]
INFO: [ template_filter ] --END-- [ RunTime:0.000491s ]
INFO: Run Behavior\ParseTemplateBehavior [ RunTime:0.008943s ]
INFO: [ view_parse ] --END-- [ RunTime:0.009091s ]
INFO: [ view_filter ] --START--
INFO: Run Behavior\WriteHtmlCacheBehavior [ RunTime:0.000639s ]
INFO: [ view_filter ] --END-- [ RunTime:0.000769s ]
INFO: [ app_end ] --START--
INFO: Run Behavior\ShowPageTraceBehavior [ RunTime:0.000815s ]
INFO: [ app_end ] --END-- [ RunTime:0.000954s ]

[ 2016-05-23T21:06:05+08:00 ] ::1 /new_management_system1/new_management_system/index.php/Home/Login/login
INFO: [ app_init ] --START--
INFO: Run Behavior\BuildLiteBehavior [ RunTime:0.000058s ]
INFO: [ app_init ] --END-- [ RunTime:0.000735s ]
INFO: [ app_begin ] --START--
INFO: Run Behavior\ReadHtmlCacheBehavior [ RunTime:0.000873s ]
INFO: [ app_begin ] --END-- [ RunTime:0.001030s ]
SQL: SHOW COLUMNS FROM `administrator` [ RunTime:0.0043s ]
INFO: [ view_parse ] --START--
INFO: [ template_filter ] --START--
INFO: Run Behavior\ContentReplaceBehavior [ RunTime:0.000081s ]
INFO: [ template_filter ] --END-- [ RunTime:0.000223s ]
INFO: Run Behavior\ParseTemplateBehavior [ RunTime:0.051447s ]
INFO: [ view_parse ] --END-- [ RunTime:0.051653s ]
INFO: [ view_filter ] --START--
INFO: Run Behavior\WriteHtmlCacheBehavior [ RunTime:0.000760s ]
INFO: [ view_filter ] --END-- [ RunTime:0.000891s ]

[ 2016-05-23T21:06:14+08:00 ] ::1 /new_management_system1/new_management_system/index.php/Home/Login/login
INFO: [ app_init ] --START--
INFO: Run Behavior\BuildLiteBehavior [ RunTime:0.000029s ]
INFO: [ app_init ] --END-- [ RunTime:0.000514s ]
INFO: [ app_begin ] --START--
INFO: Run Behavior\ReadHtmlCacheBehavior [ RunTime:0.001131s ]
INFO: [ app_begin ] --END-- [ RunTime:0.001312s ]
SQL: SHOW COLUMNS FROM `administrator` [ RunTime:0.0075s ]
INFO: [ view_parse ] --START--
INFO: [ template_filter ] --START--
INFO: Run Behavior\ContentReplaceBehavior [ RunTime:0.000078s ]
INFO: [ template_filter ] --END-- [ RunTime:0.000218s ]
INFO: Run Behavior\ParseTemplateBehavior [ RunTime:0.008327s ]
INFO: [ view_parse ] --END-- [ RunTime:0.008534s ]
INFO: [ view_filter ] --START--
INFO: Run Behavior\WriteHtmlCacheBehavior [ RunTime:0.000765s ]
INFO: [ view_filter ] --END-- [ RunTime:0.000908s ]

[ 2016-05-23T21:17:54+08:00 ] ::1 /new_management_system1/new_management_system/index.php/Home/Login/login
INFO: [ app_init ] --START--
INFO: Run Behavior\BuildLiteBehavior [ RunTime:0.000036s ]
INFO: [ app_init ] --END-- [ RunTime:0.000981s ]
INFO: [ app_begin ] --START--
INFO: Run Behavior\ReadHtmlCacheBehavior [ RunTime:0.001296s ]
INFO: [ app_begin ] --END-- [ RunTime:0.001569s ]
SQL: SHOW COLUMNS FROM `administrator` [ RunTime:0.0120s ]
SQL: SELECT * FROM `administrator` WHERE ( ID = '2013014119' AND Password = '123456' ) LIMIT 1   [ RunTime:0.0006s ]
NOTIC: [8] Use of undefined constant username - assumed 'username' C:\wamp\www\new_management_system1\new_management_system\Application\Home\Controller\LoginController.class.php 第 19 行.
SQL: SELECT `Permission` FROM `administrator` WHERE ( Id = '2013014119' )  [ RunTime:0.0003s ]
NOTIC: [8] Use of undefined constant userpermission - assumed 'userpermission' C:\wamp\www\new_management_system1\new_management_system\Application\Home\Controller\LoginController.class.php 第 21 行.
SQL: SHOW COLUMNS FROM `log` [ RunTime:0.0500s ]
SQL: SHOW COLUMNS FROM `logtype` [ RunTime:0.0073s ]
SQL: INSERT INTO `log` (`UserId`,`Time`,`Type`) VALUES ('2013014119','16-05-23-21-17-54','0') [ RunTime:0.0519s ]
NOTIC: [8] Object of class Think\Model could not be converted to int C:\wamp\www\new_management_system1\new_management_system\Application\Home\Controller\LoginController.class.php 第 46 行.

[ 2016-05-23T21:17:54+08:00 ] ::1 /new_management_system1/new_management_system/index.php/Home/Index/index.html
INFO: [ app_init ] --START--
INFO: Run Behavior\BuildLiteBehavior [ RunTime:0.000032s ]
INFO: [ app_init ] --END-- [ RunTime:0.000615s ]
INFO: [ app_begin ] --START--
INFO: Run Behavior\ReadHtmlCacheBehavior [ RunTime:0.000839s ]
INFO: [ app_begin ] --END-- [ RunTime:0.000979s ]
NOTIC: [8] Use of undefined constant username - assumed 'username' C:\wamp\www\new_management_system1\new_management_system\Application\Home\Controller\IndexController.class.php 第 6 行.
SQL: SHOW COLUMNS FROM `administrator` [ RunTime:0.0034s ]
NOTIC: [8] Undefined index: manageid C:\wamp\www\new_management_system1\new_management_system\Application\Home\Controller\IndexController.class.php 第 10 行.
NOTIC: [8] Use of undefined constant administratorid - assumed 'administratorid' C:\wamp\www\new_management_system1\new_management_system\Application\Home\Controller\IndexController.class.php 第 27 行.
SQL: SELECT COUNT(*) AS tp_count FROM `administrator` LIMIT 1   [ RunTime:0.0002s ]
SQL: SELECT `Id`,`Password` FROM `administrator` ORDER BY id LIMIT 0,8   [ RunTime:0.0002s ]
INFO: [ view_parse ] --START--
INFO: [ template_filter ] --START--
INFO: Run Behavior\ContentReplaceBehavior [ RunTime:0.000121s ]
INFO: [ template_filter ] --END-- [ RunTime:0.000289s ]
INFO: Run Behavior\ParseTemplateBehavior [ RunTime:0.009245s ]
INFO: [ view_parse ] --END-- [ RunTime:0.009412s ]
INFO: [ view_filter ] --START--
INFO: Run Behavior\WriteHtmlCacheBehavior [ RunTime:0.000665s ]
INFO: [ view_filter ] --END-- [ RunTime:0.000801s ]
INFO: [ app_end ] --START--
INFO: Run Behavior\ShowPageTraceBehavior [ RunTime:0.000829s ]
INFO: [ app_end ] --END-- [ RunTime:0.000965s ]

[ 2016-05-23T21:17:54+08:00 ] ::1 /new_management_system1/new_management_system/index.php/Home/Index/main
INFO: [ app_init ] --START--
INFO: Run Behavior\BuildLiteBehavior [ RunTime:0.000066s ]
INFO: [ app_init ] --END-- [ RunTime:0.001017s ]
INFO: [ app_begin ] --START--
INFO: Run Behavior\ReadHtmlCacheBehavior [ RunTime:0.001535s ]
INFO: [ app_begin ] --END-- [ RunTime:0.001848s ]
NOTIC: [8] Use of undefined constant hahaha - assumed 'hahaha' C:\wamp\www\new_management_system1\new_management_system\Application\Home\Controller\IndexController.class.php 第 77 行.
INFO: [ view_parse ] --START--
INFO: [ template_filter ] --START--
INFO: Run Behavior\ContentReplaceBehavior [ RunTime:0.000150s ]
INFO: [ template_filter ] --END-- [ RunTime:0.000453s ]
INFO: Run Behavior\ParseTemplateBehavior [ RunTime:0.014253s ]
INFO: [ view_parse ] --END-- [ RunTime:0.014594s ]
INFO: [ view_filter ] --START--
INFO: Run Behavior\WriteHtmlCacheBehavior [ RunTime:0.001294s ]
INFO: [ view_filter ] --END-- [ RunTime:0.001588s ]
INFO: [ app_end ] --START--
INFO: Run Behavior\ShowPageTraceBehavior [ RunTime:0.001521s ]
INFO: [ app_end ] --END-- [ RunTime:0.001814s ]

[ 2016-05-23T21:17:57+08:00 ] ::1 /new_management_system1/new_management_system/index.php/Home/Currmanage
INFO: [ app_init ] --START--
INFO: Run Behavior\BuildLiteBehavior [ RunTime:0.000029s ]
INFO: [ app_init ] --END-- [ RunTime:0.000530s ]
INFO: [ app_begin ] --START--
INFO: Run Behavior\ReadHtmlCacheBehavior [ RunTime:0.001550s ]
INFO: [ app_begin ] --END-- [ RunTime:0.001776s ]
INFO: [ view_parse ] --START--
INFO: [ template_filter ] --START--
INFO: Run Behavior\ContentReplaceBehavior [ RunTime:0.000111s ]
INFO: [ template_filter ] --END-- [ RunTime:0.000286s ]
INFO: Run Behavior\ParseTemplateBehavior [ RunTime:0.009258s ]
INFO: [ view_parse ] --END-- [ RunTime:0.009436s ]
INFO: [ view_filter ] --START--
INFO: Run Behavior\WriteHtmlCacheBehavior [ RunTime:0.000620s ]
INFO: [ view_filter ] --END-- [ RunTime:0.000749s ]
INFO: [ app_end ] --START--
INFO: Run Behavior\ShowPageTraceBehavior [ RunTime:0.000770s ]
INFO: [ app_end ] --END-- [ RunTime:0.000916s ]

[ 2016-05-23T21:17:57+08:00 ] ::1 /new_management_system1/new_management_system/index.php/Home/Currmanage/main
INFO: [ app_init ] --START--
INFO: Run Behavior\BuildLiteBehavior [ RunTime:0.000035s ]
INFO: [ app_init ] --END-- [ RunTime:0.000771s ]
INFO: [ app_begin ] --START--
INFO: Run Behavior\ReadHtmlCacheBehavior [ RunTime:0.001515s ]
INFO: [ app_begin ] --END-- [ RunTime:0.001803s ]
SQL: SHOW COLUMNS FROM `curricula` [ RunTime:0.0318s ]
SQL: SELECT COUNT(*) AS tp_count FROM `curricula` LIMIT 1   [ RunTime:0.0004s ]
SQL: SELECT `Id`,`Name`,`Credit`,`Hours`,`Speciality_Id`,`Academy_Id`,`Type`,`Contain` FROM `curricula` LIMIT 0,8   [ RunTime:0.0003s ]
INFO: [ view_parse ] --START--
INFO: [ template_filter ] --START--
INFO: Run Behavior\ContentReplaceBehavior [ RunTime:0.000132s ]
INFO: [ template_filter ] --END-- [ RunTime:0.000300s ]
NOTIC: [8] Undefined index: title C:\wamp\www\new_management_system1\new_management_system\Application\Runtime\Cache\Home\468fe3152dffb7c0a99ab8c5b347918a.php 第 48 行.
NOTIC: [8] Undefined index: title C:\wamp\www\new_management_system1\new_management_system\Application\Runtime\Cache\Home\468fe3152dffb7c0a99ab8c5b347918a.php 第 48 行.
NOTIC: [8] Undefined index: title C:\wamp\www\new_management_system1\new_management_system\Application\Runtime\Cache\Home\468fe3152dffb7c0a99ab8c5b347918a.php 第 48 行.
NOTIC: [8] Undefined index: title C:\wamp\www\new_management_system1\new_management_system\Application\Runtime\Cache\Home\468fe3152dffb7c0a99ab8c5b347918a.php 第 48 行.
NOTIC: [8] Undefined index: title C:\wamp\www\new_management_system1\new_management_system\Application\Runtime\Cache\Home\468fe3152dffb7c0a99ab8c5b347918a.php 第 48 行.
INFO: Run Behavior\ParseTemplateBehavior [ RunTime:0.015263s ]
INFO: [ view_parse ] --END-- [ RunTime:0.015477s ]
INFO: [ view_filter ] --START--
INFO: Run Behavior\WriteHtmlCacheBehavior [ RunTime:0.000646s ]
INFO: [ view_filter ] --END-- [ RunTime:0.000773s ]
INFO: [ app_end ] --START--
INFO: Run Behavior\ShowPageTraceBehavior [ RunTime:0.000801s ]
INFO: [ app_end ] --END-- [ RunTime:0.000925s ]

[ 2016-05-23T21:17:59+08:00 ] ::1 /new_management_system1/new_management_system/index.php/Home/Currmanage/add
INFO: [ app_init ] --START--
INFO: Run Behavior\BuildLiteBehavior [ RunTime:0.000058s ]
INFO: [ app_init ] --END-- [ RunTime:0.000883s ]
INFO: [ app_begin ] --START--
INFO: Run Behavior\ReadHtmlCacheBehavior [ RunTime:0.001095s ]
INFO: [ app_begin ] --END-- [ RunTime:0.001295s ]
SQL: SHOW COLUMNS FROM `curricula` [ RunTime:0.0075s ]
NOTIC: [8] Undefined index: curriculaid C:\wamp\www\new_management_system1\new_management_system\Application\Home\Controller\CurrmanageController.class.php 第 31 行.
NOTIC: [8] Undefined index: curriculaid C:\wamp\www\new_management_system1\new_management_system\Application\Home\Controller\CurrmanageController.class.php 第 32 行.
INFO: [ view_parse ] --START--
INFO: [ template_filter ] --START--
INFO: Run Behavior\ContentReplaceBehavior [ RunTime:0.000142s ]
INFO: [ template_filter ] --END-- [ RunTime:0.000298s ]
INFO: Run Behavior\ParseTemplateBehavior [ RunTime:0.091113s ]
INFO: [ view_parse ] --END-- [ RunTime:0.091275s ]
INFO: [ view_filter ] --START--
INFO: Run Behavior\WriteHtmlCacheBehavior [ RunTime:0.000652s ]
INFO: [ view_filter ] --END-- [ RunTime:0.000784s ]
INFO: [ app_end ] --START--
INFO: Run Behavior\ShowPageTraceBehavior [ RunTime:0.000824s ]
INFO: [ app_end ] --END-- [ RunTime:0.000952s ]

[ 2016-05-23T21:17:59+08:00 ] ::1 /new_management_system1/new_management_system/index.php/Home/Currmanage/__PUBLIC_/css/main.css
INFO: [ app_init ] --START--
INFO: Run Behavior\BuildLiteBehavior [ RunTime:0.000032s ]
INFO: [ app_init ] --END-- [ RunTime:0.000584s ]
INFO: [ app_begin ] --START--
INFO: Run Behavior\ReadHtmlCacheBehavior [ RunTime:0.000873s ]
INFO: [ app_begin ] --END-- [ RunTime:0.001012s ]
ERR: 非法操作:__PUBLIC_

[ 2016-05-23T21:18:26+08:00 ] ::1 /new_management_system1/new_management_system/index.php/Home/Currmanage/add
INFO: [ app_init ] --START--
INFO: Run Behavior\BuildLiteBehavior [ RunTime:0.000033s ]
INFO: [ app_init ] --END-- [ RunTime:0.000650s ]
INFO: [ app_begin ] --START--
INFO: Run Behavior\ReadHtmlCacheBehavior [ RunTime:0.001243s ]
INFO: [ app_begin ] --END-- [ RunTime:0.001585s ]
SQL: SHOW COLUMNS FROM `curricula` [ RunTime:0.0080s ]
SQL: INSERT INTO `curricula` (`Id`,`Name`,`Credit`,`Hours`,`Speciality_Id`,`Academy_Id`,`Type`,`Contain`) VALUES ('444444','3','1','1','1','3','1','55') [ RunTime:0.0969s ]

[ 2016-05-23T21:18:29+08:00 ] ::1 /new_management_system1/new_management_system/index.php/Home/Currmanage/main.html
INFO: [ app_init ] --START--
INFO: Run Behavior\BuildLiteBehavior [ RunTime:0.000041s ]
INFO: [ app_init ] --END-- [ RunTime:0.000599s ]
INFO: [ app_begin ] --START--
INFO: Run Behavior\ReadHtmlCacheBehavior [ RunTime:0.000811s ]
INFO: [ app_begin ] --END-- [ RunTime:0.000948s ]
SQL: SHOW COLUMNS FROM `curricula` [ RunTime:0.0041s ]
SQL: SELECT COUNT(*) AS tp_count FROM `curricula` LIMIT 1   [ RunTime:0.0003s ]
SQL: SELECT `Id`,`Name`,`Credit`,`Hours`,`Speciality_Id`,`Academy_Id`,`Type`,`Contain` FROM `curricula` LIMIT 0,8   [ RunTime:0.0005s ]
INFO: [ view_parse ] --START--
INFO: [ template_filter ] --START--
INFO: Run Behavior\ContentReplaceBehavior [ RunTime:0.000121s ]
INFO: [ template_filter ] --END-- [ RunTime:0.000277s ]
NOTIC: [8] Undefined index: title C:\wamp\www\new_management_system1\new_management_system\Application\Runtime\Cache\Home\468fe3152dffb7c0a99ab8c5b347918a.php 第 48 行.
NOTIC: [8] Undefined index: title C:\wamp\www\new_management_system1\new_management_system\Application\Runtime\Cache\Home\468fe3152dffb7c0a99ab8c5b347918a.php 第 48 行.
NOTIC: [8] Undefined index: title C:\wamp\www\new_management_system1\new_management_system\Application\Runtime\Cache\Home\468fe3152dffb7c0a99ab8c5b347918a.php 第 48 行.
NOTIC: [8] Undefined index: title C:\wamp\www\new_management_system1\new_management_system\Application\Runtime\Cache\Home\468fe3152dffb7c0a99ab8c5b347918a.php 第 48 行.
NOTIC: [8] Undefined index: title C:\wamp\www\new_management_system1\new_management_system\Application\Runtime\Cache\Home\468fe3152dffb7c0a99ab8c5b347918a.php 第 48 行.
NOTIC: [8] Undefined index: title C:\wamp\www\new_management_system1\new_management_system\Application\Runtime\Cache\Home\468fe3152dffb7c0a99ab8c5b347918a.php 第 48 行.
INFO: Run Behavior\ParseTemplateBehavior [ RunTime:0.014713s ]
INFO: [ view_parse ] --END-- [ RunTime:0.014857s ]
INFO: [ view_filter ] --START--
INFO: Run Behavior\WriteHtmlCacheBehavior [ RunTime:0.000721s ]
INFO: [ view_filter ] --END-- [ RunTime:0.000849s ]
INFO: [ app_end ] --START--
INFO: Run Behavior\ShowPageTraceBehavior [ RunTime:0.001096s ]
INFO: [ app_end ] --END-- [ RunTime:0.001247s ]

[ 2016-05-23T21:30:44+08:00 ] ::1 /new_management_system1/new_management_system/index.php/Home/Currmanage/add
INFO: [ app_init ] --START--
INFO: Run Behavior\BuildLiteBehavior [ RunTime:0.000029s ]
INFO: [ app_init ] --END-- [ RunTime:0.000516s ]
INFO: [ app_begin ] --START--
INFO: Run Behavior\ReadHtmlCacheBehavior [ RunTime:0.000786s ]
INFO: [ app_begin ] --END-- [ RunTime:0.000933s ]
SQL: SHOW COLUMNS FROM `curricula` [ RunTime:0.0049s ]
NOTIC: [8] Undefined index: curriculaid C:\wamp\www\new_management_system1\new_management_system\Application\Home\Controller\CurrmanageController.class.php 第 31 行.
NOTIC: [8] Undefined index: curriculaid C:\wamp\www\new_management_system1\new_management_system\Application\Home\Controller\CurrmanageController.class.php 第 32 行.
INFO: [ view_parse ] --START--
INFO: [ template_filter ] --START--
INFO: Run Behavior\ContentReplaceBehavior [ RunTime:0.000123s ]
INFO: [ template_filter ] --END-- [ RunTime:0.000286s ]
INFO: Run Behavior\ParseTemplateBehavior [ RunTime:0.009457s ]
INFO: [ view_parse ] --END-- [ RunTime:0.009613s ]
INFO: [ view_filter ] --START--
INFO: Run Behavior\WriteHtmlCacheBehavior [ RunTime:0.000625s ]
INFO: [ view_filter ] --END-- [ RunTime:0.000754s ]
INFO: [ app_end ] --START--
INFO: Run Behavior\ShowPageTraceBehavior [ RunTime:0.000850s ]
INFO: [ app_end ] --END-- [ RunTime:0.000990s ]

[ 2016-05-23T21:30:44+08:00 ] ::1 /new_management_system1/new_management_system/index.php/Home/Currmanage/__PUBLIC_/css/main.css
INFO: [ app_init ] --START--
INFO: Run Behavior\BuildLiteBehavior [ RunTime:0.000032s ]
INFO: [ app_init ] --END-- [ RunTime:0.000672s ]
INFO: [ app_begin ] --START--
INFO: Run Behavior\ReadHtmlCacheBehavior [ RunTime:0.000858s ]
INFO: [ app_begin ] --END-- [ RunTime:0.001010s ]
ERR: 非法操作:__PUBLIC_

[ 2016-05-23T21:31:04+08:00 ] ::1 /new_management_system1/new_management_system/index.php/Home/Currmanage/add
INFO: [ app_init ] --START--
INFO: Run Behavior\BuildLiteBehavior [ RunTime:0.000035s ]
INFO: [ app_init ] --END-- [ RunTime:0.001155s ]
INFO: [ app_begin ] --START--
INFO: Run Behavior\ReadHtmlCacheBehavior [ RunTime:0.000842s ]
INFO: [ app_begin ] --END-- [ RunTime:0.001000s ]
SQL: SHOW COLUMNS FROM `curricula` [ RunTime:0.0079s ]
ERR: 1062:Duplicate entry '222' for key 'PRIMARY'
 [ SQL语句 ] : INSERT INTO `curricula` (`Id`,`Name`,`Credit`,`Hours`,`Speciality_Id`,`Academy_Id`,`Type`,`Contain`) VALUES ('222','如4','555','5','1','11','1','5')
ERR: 1062:Duplicate entry '222' for key 'PRIMARY'
 [ SQL语句 ] : INSERT INTO `curricula` (`Id`,`Name`,`Credit`,`Hours`,`Speciality_Id`,`Academy_Id`,`Type`,`Contain`) VALUES ('222','如4','555','5','1','11','1','5')

[ 2016-05-23T21:31:13+08:00 ] ::1 /new_management_system1/new_management_system/index.php/Home/Currmanage/add
INFO: [ app_init ] --START--
INFO: Run Behavior\BuildLiteBehavior [ RunTime:0.000034s ]
INFO: [ app_init ] --END-- [ RunTime:0.000619s ]
INFO: [ app_begin ] --START--
INFO: Run Behavior\ReadHtmlCacheBehavior [ RunTime:0.002238s ]
INFO: [ app_begin ] --END-- [ RunTime:0.002873s ]
SQL: SHOW COLUMNS FROM `curricula` [ RunTime:0.0084s ]
SQL: INSERT INTO `curricula` (`Id`,`Name`,`Credit`,`Hours`,`Speciality_Id`,`Academy_Id`,`Type`,`Contain`) VALUES ('222555','如4','555','5','1','11','1','5') [ RunTime:0.1056s ]

[ 2016-05-23T21:31:17+08:00 ] ::1 /new_management_system1/new_management_system/index.php/Home/Currmanage/main.html
INFO: [ app_init ] --START--
INFO: Run Behavior\BuildLiteBehavior [ RunTime:0.000028s ]
INFO: [ app_init ] --END-- [ RunTime:0.000491s ]
INFO: [ app_begin ] --START--
INFO: Run Behavior\ReadHtmlCacheBehavior [ RunTime:0.000771s ]
INFO: [ app_begin ] --END-- [ RunTime:0.000901s ]
SQL: SHOW COLUMNS FROM `curricula` [ RunTime:0.0081s ]
SQL: SELECT COUNT(*) AS tp_count FROM `curricula` LIMIT 1   [ RunTime:0.0003s ]
SQL: SELECT `Id`,`Name`,`Credit`,`Hours`,`Speciality_Id`,`Academy_Id`,`Type`,`Contain` FROM `curricula` LIMIT 0,8   [ RunTime:0.0004s ]
INFO: [ view_parse ] --START--
INFO: [ template_filter ] --START--
INFO: Run Behavior\ContentReplaceBehavior [ RunTime:0.000122s ]
INFO: [ template_filter ] --END-- [ RunTime:0.000259s ]
NOTIC: [8] Undefined index: title C:\wamp\www\new_management_system1\new_management_system\Application\Runtime\Cache\Home\468fe3152dffb7c0a99ab8c5b347918a.php 第 48 行.
NOTIC: [8] Undefined index: title C:\wamp\www\new_management_system1\new_management_system\Application\Runtime\Cache\Home\468fe3152dffb7c0a99ab8c5b347918a.php 第 48 行.
NOTIC: [8] Undefined index: title C:\wamp\www\new_management_system1\new_management_system\Application\Runtime\Cache\Home\468fe3152dffb7c0a99ab8c5b347918a.php 第 48 行.
NOTIC: [8] Undefined index: title C:\wamp\www\new_management_system1\new_management_system\Application\Runtime\Cache\Home\468fe3152dffb7c0a99ab8c5b347918a.php 第 48 行.
NOTIC: [8] Undefined index: title C:\wamp\www\new_management_system1\new_management_system\Application\Runtime\Cache\Home\468fe3152dffb7c0a99ab8c5b347918a.php 第 48 行.
NOTIC: [8] Undefined index: title C:\wamp\www\new_management_system1\new_management_system\Application\Runtime\Cache\Home\468fe3152dffb7c0a99ab8c5b347918a.php 第 48 行.
NOTIC: [8] Undefined index: title C:\wamp\www\new_management_system1\new_management_system\Application\Runtime\Cache\Home\468fe3152dffb7c0a99ab8c5b347918a.php 第 48 行.
INFO: Run Behavior\ParseTemplateBehavior [ RunTime:0.013722s ]
INFO: [ view_parse ] --END-- [ RunTime:0.013865s ]
INFO: [ view_filter ] --START--
INFO: Run Behavior\WriteHtmlCacheBehavior [ RunTime:0.000670s ]
INFO: [ view_filter ] --END-- [ RunTime:0.000797s ]
INFO: [ app_end ] --START--
INFO: Run Behavior\ShowPageTraceBehavior [ RunTime:0.001115s ]
INFO: [ app_end ] --END-- [ RunTime:0.001272s ]

[ 2016-05-23T21:32:59+08:00 ] ::1 /new_management_system1/new_management_system/index.php/Home/Currmanage/add
INFO: [ app_init ] --START--
INFO: Run Behavior\BuildLiteBehavior [ RunTime:0.000031s ]
INFO: [ app_init ] --END-- [ RunTime:0.000576s ]
INFO: [ app_begin ] --START--
INFO: Run Behavior\ReadHtmlCacheBehavior [ RunTime:0.000852s ]
INFO: [ app_begin ] --END-- [ RunTime:0.001023s ]
SQL: SHOW COLUMNS FROM `curricula` [ RunTime:0.0042s ]
NOTIC: [8] Undefined index: curriculaid C:\wamp\www\new_management_system1\new_management_system\Application\Home\Controller\CurrmanageController.class.php 第 31 行.
NOTIC: [8] Undefined index: curriculaid C:\wamp\www\new_management_system1\new_management_system\Application\Home\Controller\CurrmanageController.class.php 第 32 行.
INFO: [ view_parse ] --START--
INFO: [ template_filter ] --START--
INFO: Run Behavior\ContentReplaceBehavior [ RunTime:0.000135s ]
INFO: [ template_filter ] --END-- [ RunTime:0.000288s ]
INFO: Run Behavior\ParseTemplateBehavior [ RunTime:0.009249s ]
INFO: [ view_parse ] --END-- [ RunTime:0.009417s ]
INFO: [ view_filter ] --START--
INFO: Run Behavior\WriteHtmlCacheBehavior [ RunTime:0.000651s ]
INFO: [ view_filter ] --END-- [ RunTime:0.000784s ]
INFO: [ app_end ] --START--
INFO: Run Behavior\ShowPageTraceBehavior [ RunTime:0.000880s ]
INFO: [ app_end ] --END-- [ RunTime:0.001009s ]

[ 2016-05-23T21:32:59+08:00 ] ::1 /new_management_system1/new_management_system/index.php/Home/Currmanage/__PUBLIC_/css/main.css
INFO: [ app_init ] --START--
INFO: Run Behavior\BuildLiteBehavior [ RunTime:0.000034s ]
INFO: [ app_init ] --END-- [ RunTime:0.000681s ]
INFO: [ app_begin ] --START--
INFO: Run Behavior\ReadHtmlCacheBehavior [ RunTime:0.000926s ]
INFO: [ app_begin ] --END-- [ RunTime:0.001068s ]
ERR: 非法操作:__PUBLIC_

[ 2016-05-23T21:38:40+08:00 ] ::1 /new_management_system1/new_management_system/index.php/Home/Currmanage/add
INFO: [ app_init ] --START--
INFO: Run Behavior\BuildLiteBehavior [ RunTime:0.000028s ]
INFO: [ app_init ] --END-- [ RunTime:0.000501s ]
INFO: [ app_begin ] --START--
INFO: Run Behavior\ReadHtmlCacheBehavior [ RunTime:0.000849s ]
INFO: [ app_begin ] --END-- [ RunTime:0.000996s ]
SQL: SHOW COLUMNS FROM `curricula` [ RunTime:0.0076s ]
NOTIC: [8] Undefined index: curriculaid C:\wamp\www\new_management_system1\new_management_system\Application\Home\Controller\CurrmanageController.class.php 第 31 行.
NOTIC: [8] Undefined index: curriculaid C:\wamp\www\new_management_system1\new_management_system\Application\Home\Controller\CurrmanageController.class.php 第 32 行.
INFO: [ view_parse ] --START--
INFO: [ template_filter ] --START--
INFO: Run Behavior\ContentReplaceBehavior [ RunTime:0.000137s ]
INFO: [ template_filter ] --END-- [ RunTime:0.000287s ]
INFO: Run Behavior\ParseTemplateBehavior [ RunTime:0.008599s ]
INFO: [ view_parse ] --END-- [ RunTime:0.008784s ]
INFO: [ view_filter ] --START--
INFO: Run Behavior\WriteHtmlCacheBehavior [ RunTime:0.000898s ]
INFO: [ view_filter ] --END-- [ RunTime:0.001103s ]
INFO: [ app_end ] --START--
INFO: Run Behavior\ShowPageTraceBehavior [ RunTime:0.000861s ]
INFO: [ app_end ] --END-- [ RunTime:0.000990s ]

[ 2016-05-23T21:38:40+08:00 ] ::1 /new_management_system1/new_management_system/index.php/Home/Currmanage/__PUBLIC_/css/main.css
INFO: [ app_init ] --START--
INFO: Run Behavior\BuildLiteBehavior [ RunTime:0.000031s ]
INFO: [ app_init ] --END-- [ RunTime:0.000539s ]
INFO: [ app_begin ] --START--
INFO: Run Behavior\ReadHtmlCacheBehavior [ RunTime:0.001015s ]
INFO: [ app_begin ] --END-- [ RunTime:0.001198s ]
ERR: 非法操作:__PUBLIC_

[ 2016-05-23T21:39:05+08:00 ] ::1 /new_management_system1/new_management_system/index.php/Home/Currmanage/add
INFO: [ app_init ] --START--
INFO: Run Behavior\BuildLiteBehavior [ RunTime:0.000036s ]
INFO: [ app_init ] --END-- [ RunTime:0.000859s ]
INFO: [ app_begin ] --START--
INFO: Run Behavior\ReadHtmlCacheBehavior [ RunTime:0.000815s ]
INFO: [ app_begin ] --END-- [ RunTime:0.000960s ]
SQL: SHOW COLUMNS FROM `curricula` [ RunTime:0.0081s ]
ERR: 1452:Cannot add or update a child row: a foreign key constraint fails (`back-stage_management`.`curricula`, CONSTRAINT `curricula_ibfk_2` FOREIGN KEY (`Speciality_Id`) REFERENCES `speciality` (`Id`))
 [ SQL语句 ] : INSERT INTO `curricula` (`Id`,`Name`,`Credit`,`Hours`,`Speciality_Id`,`Academy_Id`,`Type`,`Contain`) VALUES ('44444444','啊啊啊','5','7','0','0','0','66')
ERR: 1452:Cannot add or update a child row: a foreign key constraint fails (`back-stage_management`.`curricula`, CONSTRAINT `curricula_ibfk_2` FOREIGN KEY (`Speciality_Id`) REFERENCES `speciality` (`Id`))
 [ SQL语句 ] : INSERT INTO `curricula` (`Id`,`Name`,`Credit`,`Hours`,`Speciality_Id`,`Academy_Id`,`Type`,`Contain`) VALUES ('44444444','啊啊啊','5','7','0','0','0','66')

[ 2016-05-23T21:39:23+08:00 ] ::1 /new_management_system1/new_management_system/index.php/Home/Currmanage/add
INFO: [ app_init ] --START--
INFO: Run Behavior\BuildLiteBehavior [ RunTime:0.000029s ]
INFO: [ app_init ] --END-- [ RunTime:0.000502s ]
INFO: [ app_begin ] --START--
INFO: Run Behavior\ReadHtmlCacheBehavior [ RunTime:0.000856s ]
INFO: [ app_begin ] --END-- [ RunTime:0.001002s ]
SQL: SHOW COLUMNS FROM `curricula` [ RunTime:0.0082s ]
ERR: 1452:Cannot add or update a child row: a foreign key constraint fails (`back-stage_management`.`curricula`, CONSTRAINT `curricula_ibfk_4` FOREIGN KEY (`Type`) REFERENCES `curricula_type` (`Id`))
 [ SQL语句 ] : INSERT INTO `curricula` (`Id`,`Name`,`Credit`,`Hours`,`Speciality_Id`,`Academy_Id`,`Type`,`Contain`) VALUES ('44444444','啊啊啊','55555','7','1','13','0','66')
ERR: 1452:Cannot add or update a child row: a foreign key constraint fails (`back-stage_management`.`curricula`, CONSTRAINT `curricula_ibfk_4` FOREIGN KEY (`Type`) REFERENCES `curricula_type` (`Id`))
 [ SQL语句 ] : INSERT INTO `curricula` (`Id`,`Name`,`Credit`,`Hours`,`Speciality_Id`,`Academy_Id`,`Type`,`Contain`) VALUES ('44444444','啊啊啊','55555','7','1','13','0','66')

[ 2016-05-23T21:39:48+08:00 ] ::1 /new_management_system1/new_management_system/index.php/Home/Currmanage/add
INFO: [ app_init ] --START--
INFO: Run Behavior\BuildLiteBehavior [ RunTime:0.000033s ]
INFO: [ app_init ] --END-- [ RunTime:0.000607s ]
INFO: [ app_begin ] --START--
INFO: Run Behavior\ReadHtmlCacheBehavior [ RunTime:0.000848s ]
INFO: [ app_begin ] --END-- [ RunTime:0.000990s ]
SQL: SHOW COLUMNS FROM `curricula` [ RunTime:0.0081s ]
SQL: INSERT INTO `curricula` (`Id`,`Name`,`Credit`,`Hours`,`Speciality_Id`,`Academy_Id`,`Type`,`Contain`) VALUES ('44444444','啊啊啊','55555','7','1','13','3','66') [ RunTime:0.0970s ]

[ 2016-05-23T21:39:51+08:00 ] ::1 /new_management_system1/new_management_system/index.php/Home/Currmanage/main.html
INFO: [ app_init ] --START--
INFO: Run Behavior\BuildLiteBehavior [ RunTime:0.000031s ]
INFO: [ app_init ] --END-- [ RunTime:0.000537s ]
INFO: [ app_begin ] --START--
INFO: Run Behavior\ReadHtmlCacheBehavior [ RunTime:0.000780s ]
INFO: [ app_begin ] --END-- [ RunTime:0.000912s ]
SQL: SHOW COLUMNS FROM `curricula` [ RunTime:0.0074s ]
SQL: SELECT COUNT(*) AS tp_count FROM `curricula` LIMIT 1   [ RunTime:0.0003s ]
SQL: SELECT `Id`,`Name`,`Credit`,`Hours`,`Speciality_Id`,`Academy_Id`,`Type`,`Contain` FROM `curricula` LIMIT 0,8   [ RunTime:0.0003s ]
INFO: [ view_parse ] --START--
INFO: [ template_filter ] --START--
INFO: Run Behavior\ContentReplaceBehavior [ RunTime:0.000122s ]
INFO: [ template_filter ] --END-- [ RunTime:0.000263s ]
NOTIC: [8] Undefined index: title C:\wamp\www\new_management_system1\new_management_system\Application\Runtime\Cache\Home\468fe3152dffb7c0a99ab8c5b347918a.php 第 48 行.
NOTIC: [8] Undefined index: title C:\wamp\www\new_management_system1\new_management_system\Application\Runtime\Cache\Home\468fe3152dffb7c0a99ab8c5b347918a.php 第 48 行.
NOTIC: [8] Undefined index: title C:\wamp\www\new_management_system1\new_management_system\Application\Runtime\Cache\Home\468fe3152dffb7c0a99ab8c5b347918a.php 第 48 行.
NOTIC: [8] Undefined index: title C:\wamp\www\new_management_system1\new_management_system\Application\Runtime\Cache\Home\468fe3152dffb7c0a99ab8c5b347918a.php 第 48 行.
NOTIC: [8] Undefined index: title C:\wamp\www\new_management_system1\new_management_system\Application\Runtime\Cache\Home\468fe3152dffb7c0a99ab8c5b347918a.php 第 48 行.
NOTIC: [8] Undefined index: title C:\wamp\www\new_management_system1\new_management_system\Application\Runtime\Cache\Home\468fe3152dffb7c0a99ab8c5b347918a.php 第 48 行.
NOTIC: [8] Undefined index: title C:\wamp\www\new_management_system1\new_management_system\Application\Runtime\Cache\Home\468fe3152dffb7c0a99ab8c5b347918a.php 第 48 行.
NOTIC: [8] Undefined index: title C:\wamp\www\new_management_system1\new_management_system\Application\Runtime\Cache\Home\468fe3152dffb7c0a99ab8c5b347918a.php 第 48 行.
INFO: Run Behavior\ParseTemplateBehavior [ RunTime:0.013845s ]
INFO: [ view_parse ] --END-- [ RunTime:0.013988s ]
INFO: [ view_filter ] --START--
INFO: Run Behavior\WriteHtmlCacheBehavior [ RunTime:0.000641s ]
INFO: [ view_filter ] --END-- [ RunTime:0.000768s ]
INFO: [ app_end ] --START--
INFO: Run Behavior\ShowPageTraceBehavior [ RunTime:0.001079s ]
INFO: [ app_end ] --END-- [ RunTime:0.001296s ]

[ 2016-05-23T21:40:00+08:00 ] ::1 /new_management_system1/new_management_system/index.php/Home/Currmanage/delete/id/44444444
INFO: [ app_init ] --START--
INFO: Run Behavior\BuildLiteBehavior [ RunTime:0.000055s ]
INFO: [ app_init ] --END-- [ RunTime:0.000680s ]
INFO: [ app_begin ] --START--
INFO: Run Behavior\ReadHtmlCacheBehavior [ RunTime:0.000788s ]
INFO: [ app_begin ] --END-- [ RunTime:0.000921s ]
SQL: SHOW COLUMNS FROM `curricula` [ RunTime:0.0075s ]
SQL: DELETE FROM `curricula` WHERE ( Id = '44444444' ) [ RunTime:0.1003s ]

[ 2016-05-23T21:40:04+08:00 ] ::1 /new_management_system1/new_management_system/index.php/Home/Currmanage/main.html
INFO: [ app_init ] --START--
INFO: Run Behavior\BuildLiteBehavior [ RunTime:0.000029s ]
INFO: [ app_init ] --END-- [ RunTime:0.000504s ]
INFO: [ app_begin ] --START--
INFO: Run Behavior\ReadHtmlCacheBehavior [ RunTime:0.000774s ]
INFO: [ app_begin ] --END-- [ RunTime:0.000908s ]
SQL: SHOW COLUMNS FROM `curricula` [ RunTime:0.0074s ]
SQL: SELECT COUNT(*) AS tp_count FROM `curricula` LIMIT 1   [ RunTime:0.0003s ]
SQL: SELECT `Id`,`Name`,`Credit`,`Hours`,`Speciality_Id`,`Academy_Id`,`Type`,`Contain` FROM `curricula` LIMIT 0,8   [ RunTime:0.0003s ]
INFO: [ view_parse ] --START--
INFO: [ template_filter ] --START--
INFO: Run Behavior\ContentReplaceBehavior [ RunTime:0.000121s ]
INFO: [ template_filter ] --END-- [ RunTime:0.000262s ]
NOTIC: [8] Undefined index: title C:\wamp\www\new_management_system1\new_management_system\Application\Runtime\Cache\Home\468fe3152dffb7c0a99ab8c5b347918a.php 第 48 行.
NOTIC: [8] Undefined index: title C:\wamp\www\new_management_system1\new_management_system\Application\Runtime\Cache\Home\468fe3152dffb7c0a99ab8c5b347918a.php 第 48 行.
NOTIC: [8] Undefined index: title C:\wamp\www\new_management_system1\new_management_system\Application\Runtime\Cache\Home\468fe3152dffb7c0a99ab8c5b347918a.php 第 48 行.
NOTIC: [8] Undefined index: title C:\wamp\www\new_management_system1\new_management_system\Application\Runtime\Cache\Home\468fe3152dffb7c0a99ab8c5b347918a.php 第 48 行.
NOTIC: [8] Undefined index: title C:\wamp\www\new_management_system1\new_management_system\Application\Runtime\Cache\Home\468fe3152dffb7c0a99ab8c5b347918a.php 第 48 行.
NOTIC: [8] Undefined index: title C:\wamp\www\new_management_system1\new_management_system\Application\Runtime\Cache\Home\468fe3152dffb7c0a99ab8c5b347918a.php 第 48 行.
NOTIC: [8] Undefined index: title C:\wamp\www\new_management_system1\new_management_system\Application\Runtime\Cache\Home\468fe3152dffb7c0a99ab8c5b347918a.php 第 48 行.
INFO: Run Behavior\ParseTemplateBehavior [ RunTime:0.014842s ]
INFO: [ view_parse ] --END-- [ RunTime:0.014984s ]
INFO: [ view_filter ] --START--
INFO: Run Behavior\WriteHtmlCacheBehavior [ RunTime:0.000723s ]
INFO: [ view_filter ] --END-- [ RunTime:0.000851s ]
INFO: [ app_end ] --START--
INFO: Run Behavior\ShowPageTraceBehavior [ RunTime:0.001262s ]
INFO: [ app_end ] --END-- [ RunTime:0.001555s ]

[ 2016-05-23T21:40:06+08:00 ] ::1 /new_management_system1/new_management_system/index.php/Home/Currmanage/delete/id/444444
INFO: [ app_init ] --START--
INFO: Run Behavior\BuildLiteBehavior [ RunTime:0.000031s ]
INFO: [ app_init ] --END-- [ RunTime:0.000550s ]
INFO: [ app_begin ] --START--
INFO: Run Behavior\ReadHtmlCacheBehavior [ RunTime:0.000811s ]
INFO: [ app_begin ] --END-- [ RunTime:0.000945s ]
SQL: SHOW COLUMNS FROM `curricula` [ RunTime:0.0285s ]
SQL: DELETE FROM `curricula` WHERE ( Id = '444444' ) [ RunTime:0.0540s ]

[ 2016-05-23T21:40:09+08:00 ] ::1 /new_management_system1/new_management_system/index.php/Home/Currmanage/main.html
INFO: [ app_init ] --START--
INFO: Run Behavior\BuildLiteBehavior [ RunTime:0.000034s ]
INFO: [ app_init ] --END-- [ RunTime:0.000639s ]
INFO: [ app_begin ] --START--
INFO: Run Behavior\ReadHtmlCacheBehavior [ RunTime:0.000799s ]
INFO: [ app_begin ] --END-- [ RunTime:0.000933s ]
SQL: SHOW COLUMNS FROM `curricula` [ RunTime:0.0076s ]
SQL: SELECT COUNT(*) AS tp_count FROM `curricula` LIMIT 1   [ RunTime:0.0003s ]
SQL: SELECT `Id`,`Name`,`Credit`,`Hours`,`Speciality_Id`,`Academy_Id`,`Type`,`Contain` FROM `curricula` LIMIT 0,8   [ RunTime:0.0004s ]
INFO: [ view_parse ] --START--
INFO: [ template_filter ] --START--
INFO: Run Behavior\ContentReplaceBehavior [ RunTime:0.000119s ]
INFO: [ template_filter ] --END-- [ RunTime:0.000314s ]
NOTIC: [8] Undefined index: title C:\wamp\www\new_management_system1\new_management_system\Application\Runtime\Cache\Home\468fe3152dffb7c0a99ab8c5b347918a.php 第 48 行.
NOTIC: [8] Undefined index: title C:\wamp\www\new_management_system1\new_management_system\Application\Runtime\Cache\Home\468fe3152dffb7c0a99ab8c5b347918a.php 第 48 行.
NOTIC: [8] Undefined index: title C:\wamp\www\new_management_system1\new_management_system\Application\Runtime\Cache\Home\468fe3152dffb7c0a99ab8c5b347918a.php 第 48 行.
NOTIC: [8] Undefined index: title C:\wamp\www\new_management_system1\new_management_system\Application\Runtime\Cache\Home\468fe3152dffb7c0a99ab8c5b347918a.php 第 48 行.
NOTIC: [8] Undefined index: title C:\wamp\www\new_management_system1\new_management_system\Application\Runtime\Cache\Home\468fe3152dffb7c0a99ab8c5b347918a.php 第 48 行.
NOTIC: [8] Undefined index: title C:\wamp\www\new_management_system1\new_management_system\Application\Runtime\Cache\Home\468fe3152dffb7c0a99ab8c5b347918a.php 第 48 行.
INFO: Run Behavior\ParseTemplateBehavior [ RunTime:0.014518s ]
INFO: [ view_parse ] --END-- [ RunTime:0.014660s ]
INFO: [ view_filter ] --START--
INFO: Run Behavior\WriteHtmlCacheBehavior [ RunTime:0.000650s ]
INFO: [ view_filter ] --END-- [ RunTime:0.000778s ]
INFO: [ app_end ] --START--
INFO: Run Behavior\ShowPageTraceBehavior [ RunTime:0.001136s ]
INFO: [ app_end ] --END-- [ RunTime:0.001458s ]

[ 2016-05-23T21:40:11+08:00 ] ::1 /new_management_system1/new_management_system/index.php/Home/Currmanage/delete/id/222555
INFO: [ app_init ] --START--
INFO: Run Behavior\BuildLiteBehavior [ RunTime:0.000030s ]
INFO: [ app_init ] --END-- [ RunTime:0.000564s ]
INFO: [ app_begin ] --START--
INFO: Run Behavior\ReadHtmlCacheBehavior [ RunTime:0.000861s ]
INFO: [ app_begin ] --END-- [ RunTime:0.001038s ]
SQL: SHOW COLUMNS FROM `curricula` [ RunTime:0.0040s ]
SQL: DELETE FROM `curricula` WHERE ( Id = '222555' ) [ RunTime:0.1653s ]

[ 2016-05-23T21:40:15+08:00 ] ::1 /new_management_system1/new_management_system/index.php/Home/Currmanage/main.html
INFO: [ app_init ] --START--
INFO: Run Behavior\BuildLiteBehavior [ RunTime:0.000028s ]
INFO: [ app_init ] --END-- [ RunTime:0.000495s ]
INFO: [ app_begin ] --START--
INFO: Run Behavior\ReadHtmlCacheBehavior [ RunTime:0.000810s ]
INFO: [ app_begin ] --END-- [ RunTime:0.000943s ]
SQL: SHOW COLUMNS FROM `curricula` [ RunTime:0.0040s ]
SQL: SELECT COUNT(*) AS tp_count FROM `curricula` LIMIT 1   [ RunTime:0.0003s ]
SQL: SELECT `Id`,`Name`,`Credit`,`Hours`,`Speciality_Id`,`Academy_Id`,`Type`,`Contain` FROM `curricula` LIMIT 0,8   [ RunTime:0.0003s ]
INFO: [ view_parse ] --START--
INFO: [ template_filter ] --START--
INFO: Run Behavior\ContentReplaceBehavior [ RunTime:0.000119s ]
INFO: [ template_filter ] --END-- [ RunTime:0.000252s ]
NOTIC: [8] Undefined index: title C:\wamp\www\new_management_system1\new_management_system\Application\Runtime\Cache\Home\468fe3152dffb7c0a99ab8c5b347918a.php 第 48 行.
NOTIC: [8] Undefined index: title C:\wamp\www\new_management_system1\new_management_system\Application\Runtime\Cache\Home\468fe3152dffb7c0a99ab8c5b347918a.php 第 48 行.
NOTIC: [8] Undefined index: title C:\wamp\www\new_management_system1\new_management_system\Application\Runtime\Cache\Home\468fe3152dffb7c0a99ab8c5b347918a.php 第 48 行.
NOTIC: [8] Undefined index: title C:\wamp\www\new_management_system1\new_management_system\Application\Runtime\Cache\Home\468fe3152dffb7c0a99ab8c5b347918a.php 第 48 行.
NOTIC: [8] Undefined index: title C:\wamp\www\new_management_system1\new_management_system\Application\Runtime\Cache\Home\468fe3152dffb7c0a99ab8c5b347918a.php 第 48 行.
INFO: Run Behavior\ParseTemplateBehavior [ RunTime:0.013929s ]
INFO: [ view_parse ] --END-- [ RunTime:0.014071s ]
INFO: [ view_filter ] --START--
INFO: Run Behavior\WriteHtmlCacheBehavior [ RunTime:0.000864s ]
INFO: [ view_filter ] --END-- [ RunTime:0.000997s ]
INFO: [ app_end ] --START--
INFO: Run Behavior\ShowPageTraceBehavior [ RunTime:0.000786s ]
INFO: [ app_end ] --END-- [ RunTime:0.000921s ]

[ 2016-05-23T21:40:16+08:00 ] ::1 /new_management_system1/new_management_system/index.php/Home/Currmanage/add
INFO: [ app_init ] --START--
INFO: Run Behavior\BuildLiteBehavior [ RunTime:0.000030s ]
INFO: [ app_init ] --END-- [ RunTime:0.000615s ]
INFO: [ app_begin ] --START--
INFO: Run Behavior\ReadHtmlCacheBehavior [ RunTime:0.000879s ]
INFO: [ app_begin ] --END-- [ RunTime:0.001019s ]
SQL: SHOW COLUMNS FROM `curricula` [ RunTime:0.0072s ]
NOTIC: [8] Undefined index: curriculaid C:\wamp\www\new_management_system1\new_management_system\Application\Home\Controller\CurrmanageController.class.php 第 31 行.
NOTIC: [8] Undefined index: curriculaid C:\wamp\www\new_management_system1\new_management_system\Application\Home\Controller\CurrmanageController.class.php 第 32 行.
INFO: [ view_parse ] --START--
INFO: [ template_filter ] --START--
INFO: Run Behavior\ContentReplaceBehavior [ RunTime:0.000134s ]
INFO: [ template_filter ] --END-- [ RunTime:0.000288s ]
INFO: Run Behavior\ParseTemplateBehavior [ RunTime:0.009636s ]
INFO: [ view_parse ] --END-- [ RunTime:0.009800s ]
INFO: [ view_filter ] --START--
INFO: Run Behavior\WriteHtmlCacheBehavior [ RunTime:0.000716s ]
INFO: [ view_filter ] --END-- [ RunTime:0.000859s ]
INFO: [ app_end ] --START--
INFO: Run Behavior\ShowPageTraceBehavior [ RunTime:0.000876s ]
INFO: [ app_end ] --END-- [ RunTime:0.001016s ]

[ 2016-05-23T21:40:16+08:00 ] ::1 /new_management_system1/new_management_system/index.php/Home/Currmanage/__PUBLIC_/css/main.css
INFO: [ app_init ] --START--
INFO: Run Behavior\BuildLiteBehavior [ RunTime:0.000028s ]
INFO: [ app_init ] --END-- [ RunTime:0.000499s ]
INFO: [ app_begin ] --START--
INFO: Run Behavior\ReadHtmlCacheBehavior [ RunTime:0.000833s ]
INFO: [ app_begin ] --END-- [ RunTime:0.000972s ]
ERR: 非法操作:__PUBLIC_

[ 2016-05-23T21:47:15+08:00 ] ::1 /new_management_system1/new_management_system/index.php/Home/Currmanage
INFO: [ app_init ] --START--
INFO: Run Behavior\BuildLiteBehavior [ RunTime:0.000033s ]
INFO: [ app_init ] --END-- [ RunTime:0.000649s ]
INFO: [ app_begin ] --START--
INFO: Run Behavior\ReadHtmlCacheBehavior [ RunTime:0.000862s ]
INFO: [ app_begin ] --END-- [ RunTime:0.001015s ]
INFO: [ view_parse ] --START--
INFO: [ template_filter ] --START--
INFO: Run Behavior\ContentReplaceBehavior [ RunTime:0.000126s ]
INFO: [ template_filter ] --END-- [ RunTime:0.000282s ]
INFO: Run Behavior\ParseTemplateBehavior [ RunTime:0.009128s ]
INFO: [ view_parse ] --END-- [ RunTime:0.009303s ]
INFO: [ view_filter ] --START--
INFO: Run Behavior\WriteHtmlCacheBehavior [ RunTime:0.000747s ]
INFO: [ view_filter ] --END-- [ RunTime:0.000896s ]
INFO: [ app_end ] --START--
INFO: Run Behavior\ShowPageTraceBehavior [ RunTime:0.000879s ]
INFO: [ app_end ] --END-- [ RunTime:0.001018s ]

[ 2016-05-23T21:47:15+08:00 ] ::1 /new_management_system1/new_management_system/index.php/Home/Currmanage/main
INFO: [ app_init ] --START--
INFO: Run Behavior\BuildLiteBehavior [ RunTime:0.000064s ]
INFO: [ app_init ] --END-- [ RunTime:0.000986s ]
INFO: [ app_begin ] --START--
INFO: Run Behavior\ReadHtmlCacheBehavior [ RunTime:0.001582s ]
INFO: [ app_begin ] --END-- [ RunTime:0.001908s ]
SQL: SHOW COLUMNS FROM `curricula` [ RunTime:0.0603s ]
SQL: SELECT COUNT(*) AS tp_count FROM `curricula` LIMIT 1   [ RunTime:0.0008s ]
SQL: SELECT `Id`,`Name`,`Credit`,`Hours`,`Speciality_Id`,`Academy_Id`,`Type`,`Contain` FROM `curricula` LIMIT 0,8   [ RunTime:0.0016s ]
INFO: [ view_parse ] --START--
INFO: [ template_filter ] --START--
INFO: Run Behavior\ContentReplaceBehavior [ RunTime:0.000202s ]
INFO: [ template_filter ] --END-- [ RunTime:0.000499s ]
NOTIC: [8] Undefined index: title C:\wamp\www\new_management_system1\new_management_system\Application\Runtime\Cache\Home\468fe3152dffb7c0a99ab8c5b347918a.php 第 48 行.
NOTIC: [8] Undefined index: title C:\wamp\www\new_management_system1\new_management_system\Application\Runtime\Cache\Home\468fe3152dffb7c0a99ab8c5b347918a.php 第 48 行.
NOTIC: [8] Undefined index: title C:\wamp\www\new_management_system1\new_management_system\Application\Runtime\Cache\Home\468fe3152dffb7c0a99ab8c5b347918a.php 第 48 行.
NOTIC: [8] Undefined index: title C:\wamp\www\new_management_system1\new_management_system\Application\Runtime\Cache\Home\468fe3152dffb7c0a99ab8c5b347918a.php 第 48 行.
NOTIC: [8] Undefined index: title C:\wamp\www\new_management_system1\new_management_system\Application\Runtime\Cache\Home\468fe3152dffb7c0a99ab8c5b347918a.php 第 48 行.
INFO: Run Behavior\ParseTemplateBehavior [ RunTime:0.020041s ]
INFO: [ view_parse ] --END-- [ RunTime:0.020312s ]
INFO: [ view_filter ] --START--
INFO: Run Behavior\WriteHtmlCacheBehavior [ RunTime:0.001155s ]
INFO: [ view_filter ] --END-- [ RunTime:0.001419s ]
INFO: [ app_end ] --START--
INFO: Run Behavior\ShowPageTraceBehavior [ RunTime:0.001006s ]
INFO: [ app_end ] --END-- [ RunTime:0.001153s ]

[ 2016-05-23T21:47:17+08:00 ] ::1 /new_management_system1/new_management_system/index.php/Home/Currmanage/add
INFO: [ app_init ] --START--
INFO: Run Behavior\BuildLiteBehavior [ RunTime:0.000028s ]
INFO: [ app_init ] --END-- [ RunTime:0.000537s ]
INFO: [ app_begin ] --START--
INFO: Run Behavior\ReadHtmlCacheBehavior [ RunTime:0.000792s ]
INFO: [ app_begin ] --END-- [ RunTime:0.000924s ]
SQL: SHOW COLUMNS FROM `curricula` [ RunTime:0.0075s ]
NOTIC: [8] Undefined index: curriculaid C:\wamp\www\new_management_system1\new_management_system\Application\Home\Controller\CurrmanageController.class.php 第 31 行.
NOTIC: [8] Undefined index: curriculaid C:\wamp\www\new_management_system1\new_management_system\Application\Home\Controller\CurrmanageController.class.php 第 32 行.
INFO: [ view_parse ] --START--
INFO: [ template_filter ] --START--
INFO: Run Behavior\ContentReplaceBehavior [ RunTime:0.000128s ]
INFO: [ template_filter ] --END-- [ RunTime:0.000271s ]
INFO: Run Behavior\ParseTemplateBehavior [ RunTime:0.009094s ]
INFO: [ view_parse ] --END-- [ RunTime:0.009247s ]
INFO: [ view_filter ] --START--
INFO: Run Behavior\WriteHtmlCacheBehavior [ RunTime:0.000619s ]
INFO: [ view_filter ] --END-- [ RunTime:0.000744s ]
INFO: [ app_end ] --START--
INFO: Run Behavior\ShowPageTraceBehavior [ RunTime:0.000772s ]
INFO: [ app_end ] --END-- [ RunTime:0.000899s ]

[ 2016-05-23T21:47:17+08:00 ] ::1 /new_management_system1/new_management_system/index.php/Home/Currmanage/__PUBLIC_/css/main.css
INFO: [ app_init ] --START--
INFO: Run Behavior\BuildLiteBehavior [ RunTime:0.000029s ]
INFO: [ app_init ] --END-- [ RunTime:0.000645s ]
INFO: [ app_begin ] --START--
INFO: Run Behavior\ReadHtmlCacheBehavior [ RunTime:0.001164s ]
INFO: [ app_begin ] --END-- [ RunTime:0.001325s ]
ERR: 非法操作:__PUBLIC_

[ 2016-05-23T21:47:40+08:00 ] ::1 /new_management_system1/new_management_system/index.php/Home/Currmanage/add
INFO: [ app_init ] --START--
INFO: Run Behavior\BuildLiteBehavior [ RunTime:0.000029s ]
INFO: [ app_init ] --END-- [ RunTime:0.000500s ]
INFO: [ app_begin ] --START--
INFO: Run Behavior\ReadHtmlCacheBehavior [ RunTime:0.000792s ]
INFO: [ app_begin ] --END-- [ RunTime:0.000933s ]
SQL: SHOW COLUMNS FROM `curricula` [ RunTime:0.0054s ]
SQL: INSERT INTO `curricula` (`Id`,`Name`,`Credit`,`Hours`,`Speciality_Id`,`Academy_Id`,`Type`,`Contain`) VALUES ('876','任溶溶','5.77','5','1','14','1','888') [ RunTime:0.0488s ]

[ 2016-05-23T21:47:44+08:00 ] ::1 /new_management_system1/new_management_system/index.php/Home/Currmanage/main.html
INFO: [ app_init ] --START--
INFO: Run Behavior\BuildLiteBehavior [ RunTime:0.000041s ]
INFO: [ app_init ] --END-- [ RunTime:0.000508s ]
INFO: [ app_begin ] --START--
INFO: Run Behavior\ReadHtmlCacheBehavior [ RunTime:0.000880s ]
INFO: [ app_begin ] --END-- [ RunTime:0.001034s ]
SQL: SHOW COLUMNS FROM `curricula` [ RunTime:0.0079s ]
SQL: SELECT COUNT(*) AS tp_count FROM `curricula` LIMIT 1   [ RunTime:0.0003s ]
SQL: SELECT `Id`,`Name`,`Credit`,`Hours`,`Speciality_Id`,`Academy_Id`,`Type`,`Contain` FROM `curricula` LIMIT 0,8   [ RunTime:0.0004s ]
INFO: [ view_parse ] --START--
INFO: [ template_filter ] --START--
INFO: Run Behavior\ContentReplaceBehavior [ RunTime:0.000133s ]
INFO: [ template_filter ] --END-- [ RunTime:0.000308s ]
NOTIC: [8] Undefined index: title C:\wamp\www\new_management_system1\new_management_system\Application\Runtime\Cache\Home\468fe3152dffb7c0a99ab8c5b347918a.php 第 48 行.
NOTIC: [8] Undefined index: title C:\wamp\www\new_management_system1\new_management_system\Application\Runtime\Cache\Home\468fe3152dffb7c0a99ab8c5b347918a.php 第 48 行.
NOTIC: [8] Undefined index: title C:\wamp\www\new_management_system1\new_management_system\Application\Runtime\Cache\Home\468fe3152dffb7c0a99ab8c5b347918a.php 第 48 行.
NOTIC: [8] Undefined index: title C:\wamp\www\new_management_system1\new_management_system\Application\Runtime\Cache\Home\468fe3152dffb7c0a99ab8c5b347918a.php 第 48 行.
NOTIC: [8] Undefined index: title C:\wamp\www\new_management_system1\new_management_system\Application\Runtime\Cache\Home\468fe3152dffb7c0a99ab8c5b347918a.php 第 48 行.
NOTIC: [8] Undefined index: title C:\wamp\www\new_management_system1\new_management_system\Application\Runtime\Cache\Home\468fe3152dffb7c0a99ab8c5b347918a.php 第 48 行.
INFO: Run Behavior\ParseTemplateBehavior [ RunTime:0.015126s ]
INFO: [ view_parse ] --END-- [ RunTime:0.015265s ]
INFO: [ view_filter ] --START--
INFO: Run Behavior\WriteHtmlCacheBehavior [ RunTime:0.000638s ]
INFO: [ view_filter ] --END-- [ RunTime:0.000761s ]
INFO: [ app_end ] --START--
INFO: Run Behavior\ShowPageTraceBehavior [ RunTime:0.001004s ]
INFO: [ app_end ] --END-- [ RunTime:0.001407s ]

