[ 2016-05-10T21:45:50+08:00 ] ::1 /thinkphp_3.2.3_full/
INFO: [ app_init ] --START--
INFO: Run Behavior\BuildLiteBehavior [ RunTime:0.000077s ]
INFO: [ app_init ] --END-- [ RunTime:0.000638s ]
INFO: [ app_begin ] --START--
INFO: Run Behavior\ReadHtmlCacheBehavior [ RunTime:0.000986s ]
INFO: [ app_begin ] --END-- [ RunTime:0.001182s ]
INFO: [ view_parse ] --START--
INFO: [ template_filter ] --START--
INFO: Run Behavior\ContentReplaceBehavior [ RunTime:0.000391s ]
INFO: [ template_filter ] --END-- [ RunTime:0.000593s ]
INFO: Run Behavior\ParseTemplateBehavior [ RunTime:0.018911s ]
INFO: [ view_parse ] --END-- [ RunTime:0.019133s ]
INFO: [ view_filter ] --START--
INFO: Run Behavior\WriteHtmlCacheBehavior [ RunTime:0.000754s ]
INFO: [ view_filter ] --END-- [ RunTime:0.000951s ]
INFO: [ app_end ] --START--
INFO: Run Behavior\ShowPageTraceBehavior [ RunTime:0.002877s ]
INFO: [ app_end ] --END-- [ RunTime:0.003081s ]

[ 2016-05-10T21:49:20+08:00 ] ::1 /thinkphp_3.2.3_full/
INFO: [ app_init ] --START--
INFO: Run Behavior\BuildLiteBehavior [ RunTime:0.000042s ]
INFO: [ app_init ] --END-- [ RunTime:0.000726s ]
INFO: [ app_begin ] --START--
INFO: Run Behavior\ReadHtmlCacheBehavior [ RunTime:0.000739s ]
INFO: [ app_begin ] --END-- [ RunTime:0.000862s ]
NOTIC: [8] Use of undefined constant username - assumed 'username' G:\wamp\www\thinkphp_3.2.3_full\Application\Home\Controller\IndexController.class.php 第 6 行.
NOTIC: [8] Use of undefined constant username - assumed 'username' G:\wamp\www\thinkphp_3.2.3_full\Application\Home\Controller\IndexController.class.php 第 9 行.
SQL: SHOW COLUMNS FROM `test_article` [ RunTime:0.0033s ]
SQL: SELECT COUNT(*) AS tp_count FROM `test_article` LIMIT 1   [ RunTime:0.0002s ]
SQL: SELECT `id`,`subject`,`author`,`createtime` FROM `test_article` ORDER BY id desc LIMIT 0,8   [ RunTime:0.0003s ]
INFO: [ view_parse ] --START--
INFO: [ template_filter ] --START--
INFO: Run Behavior\ContentReplaceBehavior [ RunTime:0.000184s ]
INFO: [ template_filter ] --END-- [ RunTime:0.000434s ]
NOTIC: [8] Undefined index: lastmodifytime G:\wamp\www\thinkphp_3.2.3_full\Application\Runtime\Cache\Home\2a94b8bda04ff446dcedd42276fc99ee.php 第 177 行.
NOTIC: [8] Undefined index: lastmodifytime G:\wamp\www\thinkphp_3.2.3_full\Application\Runtime\Cache\Home\2a94b8bda04ff446dcedd42276fc99ee.php 第 177 行.
NOTIC: [8] Undefined index: lastmodifytime G:\wamp\www\thinkphp_3.2.3_full\Application\Runtime\Cache\Home\2a94b8bda04ff446dcedd42276fc99ee.php 第 177 行.
INFO: Run Behavior\ParseTemplateBehavior [ RunTime:0.014338s ]
INFO: [ view_parse ] --END-- [ RunTime:0.014452s ]
INFO: [ view_filter ] --START--
INFO: Run Behavior\WriteHtmlCacheBehavior [ RunTime:0.000550s ]
INFO: [ view_filter ] --END-- [ RunTime:0.000664s ]
INFO: [ app_end ] --START--
INFO: Run Behavior\ShowPageTraceBehavior [ RunTime:0.000693s ]
INFO: [ app_end ] --END-- [ RunTime:0.000796s ]

[ 2016-05-10T21:49:51+08:00 ] ::1 /thinkphp_3.2.3_full/
INFO: [ app_init ] --START--
INFO: Run Behavior\BuildLiteBehavior [ RunTime:0.000029s ]
INFO: [ app_init ] --END-- [ RunTime:0.000663s ]
INFO: [ app_begin ] --START--
INFO: Run Behavior\ReadHtmlCacheBehavior [ RunTime:0.000964s ]
INFO: [ app_begin ] --END-- [ RunTime:0.001137s ]
NOTIC: [8] Use of undefined constant username - assumed 'username' G:\wamp\www\thinkphp_3.2.3_full\Application\Home\Controller\IndexController.class.php 第 6 行.
NOTIC: [8] Use of undefined constant username - assumed 'username' G:\wamp\www\thinkphp_3.2.3_full\Application\Home\Controller\IndexController.class.php 第 9 行.
SQL: SHOW COLUMNS FROM `test_article` [ RunTime:0.0042s ]
SQL: SELECT COUNT(*) AS tp_count FROM `test_article` LIMIT 1   [ RunTime:0.0003s ]
SQL: SELECT `id`,`subject`,`author`,`createtime` FROM `test_article` ORDER BY id desc LIMIT 0,8   [ RunTime:0.0005s ]
INFO: [ view_parse ] --START--
INFO: [ template_filter ] --START--
INFO: Run Behavior\ContentReplaceBehavior [ RunTime:0.000203s ]
INFO: [ template_filter ] --END-- [ RunTime:0.000414s ]
NOTIC: [8] Undefined index: lastmodifytime G:\wamp\www\thinkphp_3.2.3_full\Application\Runtime\Cache\Home\2a94b8bda04ff446dcedd42276fc99ee.php 第 177 行.
NOTIC: [8] Undefined index: lastmodifytime G:\wamp\www\thinkphp_3.2.3_full\Application\Runtime\Cache\Home\2a94b8bda04ff446dcedd42276fc99ee.php 第 177 行.
NOTIC: [8] Undefined index: lastmodifytime G:\wamp\www\thinkphp_3.2.3_full\Application\Runtime\Cache\Home\2a94b8bda04ff446dcedd42276fc99ee.php 第 177 行.
INFO: Run Behavior\ParseTemplateBehavior [ RunTime:0.020491s ]
INFO: [ view_parse ] --END-- [ RunTime:0.020795s ]
INFO: [ view_filter ] --START--
INFO: Run Behavior\WriteHtmlCacheBehavior [ RunTime:0.000938s ]
INFO: [ view_filter ] --END-- [ RunTime:0.001125s ]
INFO: [ app_end ] --START--
INFO: Run Behavior\ShowPageTraceBehavior [ RunTime:0.001055s ]
INFO: [ app_end ] --END-- [ RunTime:0.001249s ]

[ 2016-05-10T21:50:08+08:00 ] ::1 /thinkphp_3.2.3_full/index.php/Home/Login
INFO: [ app_init ] --START--
INFO: Run Behavior\BuildLiteBehavior [ RunTime:0.000041s ]
INFO: [ app_init ] --END-- [ RunTime:0.000576s ]
INFO: [ app_begin ] --START--
INFO: Run Behavior\ReadHtmlCacheBehavior [ RunTime:0.000734s ]
INFO: [ app_begin ] --END-- [ RunTime:0.000878s ]
NOTIC: [8] Use of undefined constant title - assumed 'title' G:\wamp\www\thinkphp_3.2.3_full\Application\Home\Controller\LoginController.class.php 第 6 行.
INFO: [ view_parse ] --START--
INFO: [ template_filter ] --START--
INFO: Run Behavior\ContentReplaceBehavior [ RunTime:0.000127s ]
INFO: [ template_filter ] --END-- [ RunTime:0.000330s ]
INFO: Run Behavior\ParseTemplateBehavior [ RunTime:0.010447s ]
INFO: [ view_parse ] --END-- [ RunTime:0.010608s ]
INFO: [ view_filter ] --START--
INFO: Run Behavior\WriteHtmlCacheBehavior [ RunTime:0.000692s ]
INFO: [ view_filter ] --END-- [ RunTime:0.000844s ]
INFO: [ app_end ] --START--
INFO: Run Behavior\ShowPageTraceBehavior [ RunTime:0.001060s ]
INFO: [ app_end ] --END-- [ RunTime:0.001200s ]

[ 2016-05-10T21:50:10+08:00 ] ::1 /thinkphp_3.2.3_full/index.php/Home/Login/login
INFO: [ app_init ] --START--
INFO: Run Behavior\BuildLiteBehavior [ RunTime:0.000028s ]
INFO: [ app_init ] --END-- [ RunTime:0.000481s ]
INFO: [ app_begin ] --START--
INFO: Run Behavior\ReadHtmlCacheBehavior [ RunTime:0.000787s ]
INFO: [ app_begin ] --END-- [ RunTime:0.000966s ]
SQL: SHOW COLUMNS FROM `test_login` [ RunTime:0.0033s ]
SQL: SELECT * FROM `test_login` WHERE ( user_name = 'lfding' AND user_password = '202cb962ac59075b964b07152d234b70' ) LIMIT 1   [ RunTime:0.0004s ]
INFO: [ view_parse ] --START--
INFO: [ template_filter ] --START--
INFO: Run Behavior\ContentReplaceBehavior [ RunTime:0.000069s ]
INFO: [ template_filter ] --END-- [ RunTime:0.000193s ]
INFO: Run Behavior\ParseTemplateBehavior [ RunTime:0.042417s ]
INFO: [ view_parse ] --END-- [ RunTime:0.042612s ]
INFO: [ view_filter ] --START--
INFO: Run Behavior\WriteHtmlCacheBehavior [ RunTime:0.000751s ]
INFO: [ view_filter ] --END-- [ RunTime:0.000919s ]

[ 2016-05-10T21:50:21+08:00 ] ::1 /thinkphp_3.2.3_full/index.php/Home/Login/login
INFO: [ app_init ] --START--
INFO: Run Behavior\BuildLiteBehavior [ RunTime:0.000027s ]
INFO: [ app_init ] --END-- [ RunTime:0.000513s ]
INFO: [ app_begin ] --START--
INFO: Run Behavior\ReadHtmlCacheBehavior [ RunTime:0.000801s ]
INFO: [ app_begin ] --END-- [ RunTime:0.001002s ]
SQL: SHOW COLUMNS FROM `test_login` [ RunTime:0.0035s ]
SQL: SELECT * FROM `test_login` WHERE ( user_name = 'Jane' AND user_password = 'e10adc3949ba59abbe56e057f20f883e' ) LIMIT 1   [ RunTime:0.0004s ]
NOTIC: [8] Use of undefined constant username - assumed 'username' G:\wamp\www\thinkphp_3.2.3_full\Application\Home\Controller\LoginController.class.php 第 19 行.
NOTIC: [8] Undefined variable: usernamse G:\wamp\www\thinkphp_3.2.3_full\Application\Home\Controller\LoginController.class.php 第 19 行.

[ 2016-05-10T21:50:21+08:00 ] ::1 /thinkphp_3.2.3_full/index.php/Home/Index/index.html
INFO: [ app_init ] --START--
INFO: Run Behavior\BuildLiteBehavior [ RunTime:0.000044s ]
INFO: [ app_init ] --END-- [ RunTime:0.000704s ]
INFO: [ app_begin ] --START--
INFO: Run Behavior\ReadHtmlCacheBehavior [ RunTime:0.000802s ]
INFO: [ app_begin ] --END-- [ RunTime:0.000954s ]
NOTIC: [8] Use of undefined constant username - assumed 'username' G:\wamp\www\thinkphp_3.2.3_full\Application\Home\Controller\IndexController.class.php 第 6 行.
NOTIC: [8] Use of undefined constant username - assumed 'username' G:\wamp\www\thinkphp_3.2.3_full\Application\Home\Controller\IndexController.class.php 第 9 行.
SQL: SHOW COLUMNS FROM `test_article` [ RunTime:0.0029s ]
SQL: SELECT COUNT(*) AS tp_count FROM `test_article` LIMIT 1   [ RunTime:0.0003s ]
SQL: SELECT `id`,`subject`,`author`,`createtime` FROM `test_article` ORDER BY id desc LIMIT 0,8   [ RunTime:0.0004s ]
INFO: [ view_parse ] --START--
INFO: [ template_filter ] --START--
INFO: Run Behavior\ContentReplaceBehavior [ RunTime:0.000169s ]
INFO: [ template_filter ] --END-- [ RunTime:0.000353s ]
NOTIC: [8] Undefined index: lastmodifytime G:\wamp\www\thinkphp_3.2.3_full\Application\Runtime\Cache\Home\2a94b8bda04ff446dcedd42276fc99ee.php 第 177 行.
NOTIC: [8] Undefined index: lastmodifytime G:\wamp\www\thinkphp_3.2.3_full\Application\Runtime\Cache\Home\2a94b8bda04ff446dcedd42276fc99ee.php 第 177 行.
NOTIC: [8] Undefined index: lastmodifytime G:\wamp\www\thinkphp_3.2.3_full\Application\Runtime\Cache\Home\2a94b8bda04ff446dcedd42276fc99ee.php 第 177 行.
INFO: Run Behavior\ParseTemplateBehavior [ RunTime:0.015905s ]
INFO: [ view_parse ] --END-- [ RunTime:0.016117s ]
INFO: [ view_filter ] --START--
INFO: Run Behavior\WriteHtmlCacheBehavior [ RunTime:0.000712s ]
INFO: [ view_filter ] --END-- [ RunTime:0.000857s ]
INFO: [ app_end ] --START--
INFO: Run Behavior\ShowPageTraceBehavior [ RunTime:0.000947s ]
INFO: [ app_end ] --END-- [ RunTime:0.001067s ]

[ 2016-05-10T21:52:20+08:00 ] ::1 /thinkphp_3.2.3_full/index.php/Home/Index/index.html
INFO: [ app_init ] --START--
INFO: Run Behavior\BuildLiteBehavior [ RunTime:0.000024s ]
INFO: [ app_init ] --END-- [ RunTime:0.000463s ]
INFO: [ app_begin ] --START--
INFO: Run Behavior\ReadHtmlCacheBehavior [ RunTime:0.000645s ]
INFO: [ app_begin ] --END-- [ RunTime:0.000779s ]
NOTIC: [8] Use of undefined constant username - assumed 'username' G:\wamp\www\thinkphp_3.2.3_full\Application\Home\Controller\IndexController.class.php 第 6 行.
NOTIC: [8] Use of undefined constant username - assumed 'username' G:\wamp\www\thinkphp_3.2.3_full\Application\Home\Controller\IndexController.class.php 第 9 行.
SQL: SHOW COLUMNS FROM `test_article` [ RunTime:0.0028s ]
SQL: SELECT COUNT(*) AS tp_count FROM `test_article` LIMIT 1   [ RunTime:0.0002s ]
SQL: SELECT `id`,`subject`,`author`,`createtime` FROM `test_article` ORDER BY id desc LIMIT 0,8   [ RunTime:0.0003s ]
INFO: [ view_parse ] --START--
INFO: [ template_filter ] --START--
INFO: Run Behavior\ContentReplaceBehavior [ RunTime:0.000118s ]
INFO: [ template_filter ] --END-- [ RunTime:0.000249s ]
NOTIC: [8] Undefined index: lastmodifytime G:\wamp\www\thinkphp_3.2.3_full\Application\Runtime\Cache\Home\2a94b8bda04ff446dcedd42276fc99ee.php 第 177 行.
NOTIC: [8] Undefined index: lastmodifytime G:\wamp\www\thinkphp_3.2.3_full\Application\Runtime\Cache\Home\2a94b8bda04ff446dcedd42276fc99ee.php 第 177 行.
NOTIC: [8] Undefined index: lastmodifytime G:\wamp\www\thinkphp_3.2.3_full\Application\Runtime\Cache\Home\2a94b8bda04ff446dcedd42276fc99ee.php 第 177 行.
INFO: Run Behavior\ParseTemplateBehavior [ RunTime:0.013789s ]
INFO: [ view_parse ] --END-- [ RunTime:0.013944s ]
INFO: [ view_filter ] --START--
INFO: Run Behavior\WriteHtmlCacheBehavior [ RunTime:0.000457s ]
INFO: [ view_filter ] --END-- [ RunTime:0.000552s ]
INFO: [ app_end ] --START--
INFO: Run Behavior\ShowPageTraceBehavior [ RunTime:0.000949s ]
INFO: [ app_end ] --END-- [ RunTime:0.001090s ]

[ 2016-05-10T21:52:23+08:00 ] ::1 /thinkphp_3.2.3_full/index.php/Home/Login
INFO: [ app_init ] --START--
INFO: Run Behavior\BuildLiteBehavior [ RunTime:0.000036s ]
INFO: [ app_init ] --END-- [ RunTime:0.000541s ]
INFO: [ app_begin ] --START--
INFO: Run Behavior\ReadHtmlCacheBehavior [ RunTime:0.000643s ]
INFO: [ app_begin ] --END-- [ RunTime:0.000766s ]
NOTIC: [8] Use of undefined constant title - assumed 'title' G:\wamp\www\thinkphp_3.2.3_full\Application\Home\Controller\LoginController.class.php 第 6 行.
INFO: [ view_parse ] --START--
INFO: [ template_filter ] --START--
INFO: Run Behavior\ContentReplaceBehavior [ RunTime:0.000077s ]
INFO: [ template_filter ] --END-- [ RunTime:0.000193s ]
INFO: Run Behavior\ParseTemplateBehavior [ RunTime:0.009347s ]
INFO: [ view_parse ] --END-- [ RunTime:0.009495s ]
INFO: [ view_filter ] --START--
INFO: Run Behavior\WriteHtmlCacheBehavior [ RunTime:0.000572s ]
INFO: [ view_filter ] --END-- [ RunTime:0.000677s ]
INFO: [ app_end ] --START--
INFO: Run Behavior\ShowPageTraceBehavior [ RunTime:0.000874s ]
INFO: [ app_end ] --END-- [ RunTime:0.001006s ]

[ 2016-05-10T22:30:29+08:00 ] ::1 /thinkphp_3.2.3_full/
INFO: [ app_init ] --START--
INFO: Run Behavior\BuildLiteBehavior [ RunTime:0.000023s ]
INFO: [ app_init ] --END-- [ RunTime:0.000416s ]
INFO: [ app_begin ] --START--
INFO: Run Behavior\ReadHtmlCacheBehavior [ RunTime:0.000704s ]
INFO: [ app_begin ] --END-- [ RunTime:0.000846s ]
NOTIC: [8] Use of undefined constant username - assumed 'username' G:\wamp\www\thinkphp_3.2.3_full\Application\Home\Controller\IndexController.class.php 第 6 行.
NOTIC: [8] Use of undefined constant username - assumed 'username' G:\wamp\www\thinkphp_3.2.3_full\Application\Home\Controller\IndexController.class.php 第 7 行.
NOTIC: [8] Use of undefined constant username - assumed 'username' G:\wamp\www\thinkphp_3.2.3_full\Application\Home\Controller\IndexController.class.php 第 10 行.
SQL: SHOW COLUMNS FROM `test_article` [ RunTime:0.0029s ]
SQL: SELECT COUNT(*) AS tp_count FROM `test_article` LIMIT 1   [ RunTime:0.0002s ]
SQL: SELECT `id`,`subject`,`author`,`createtime` FROM `test_article` ORDER BY id desc LIMIT 0,8   [ RunTime:0.0003s ]
INFO: [ app_end ] --START--
INFO: Run Behavior\ShowPageTraceBehavior [ RunTime:0.000732s ]
INFO: [ app_end ] --END-- [ RunTime:0.000836s ]

[ 2016-05-10T22:30:39+08:00 ] ::1 /thinkphp_3.2.3_full/
INFO: [ app_init ] --START--
INFO: Run Behavior\BuildLiteBehavior [ RunTime:0.000024s ]
INFO: [ app_init ] --END-- [ RunTime:0.000431s ]
INFO: [ app_begin ] --START--
INFO: Run Behavior\ReadHtmlCacheBehavior [ RunTime:0.000647s ]
INFO: [ app_begin ] --END-- [ RunTime:0.000749s ]
NOTIC: [8] Use of undefined constant username - assumed 'username' G:\wamp\www\thinkphp_3.2.3_full\Application\Home\Controller\IndexController.class.php 第 6 行.
NOTIC: [8] Use of undefined constant username - assumed 'username' G:\wamp\www\thinkphp_3.2.3_full\Application\Home\Controller\IndexController.class.php 第 7 行.
NOTIC: [8] Use of undefined constant username - assumed 'username' G:\wamp\www\thinkphp_3.2.3_full\Application\Home\Controller\IndexController.class.php 第 10 行.
SQL: SHOW COLUMNS FROM `test_article` [ RunTime:0.0030s ]
SQL: SELECT COUNT(*) AS tp_count FROM `test_article` LIMIT 1   [ RunTime:0.0002s ]
SQL: SELECT `id`,`subject`,`author`,`createtime` FROM `test_article` ORDER BY id desc LIMIT 0,8   [ RunTime:0.0003s ]
INFO: [ view_parse ] --START--
INFO: [ template_filter ] --START--
INFO: Run Behavior\ContentReplaceBehavior [ RunTime:0.000117s ]
INFO: [ template_filter ] --END-- [ RunTime:0.000232s ]
NOTIC: [8] Undefined index: lastmodifytime G:\wamp\www\thinkphp_3.2.3_full\Application\Runtime\Cache\Home\2a94b8bda04ff446dcedd42276fc99ee.php 第 177 行.
NOTIC: [8] Undefined index: lastmodifytime G:\wamp\www\thinkphp_3.2.3_full\Application\Runtime\Cache\Home\2a94b8bda04ff446dcedd42276fc99ee.php 第 177 行.
NOTIC: [8] Undefined index: lastmodifytime G:\wamp\www\thinkphp_3.2.3_full\Application\Runtime\Cache\Home\2a94b8bda04ff446dcedd42276fc99ee.php 第 177 行.
INFO: Run Behavior\ParseTemplateBehavior [ RunTime:0.012486s ]
INFO: [ view_parse ] --END-- [ RunTime:0.012601s ]
INFO: [ view_filter ] --START--
INFO: Run Behavior\WriteHtmlCacheBehavior [ RunTime:0.000461s ]
INFO: [ view_filter ] --END-- [ RunTime:0.000553s ]
INFO: [ app_end ] --START--
INFO: Run Behavior\ShowPageTraceBehavior [ RunTime:0.000659s ]
INFO: [ app_end ] --END-- [ RunTime:0.000755s ]

[ 2016-05-10T22:30:41+08:00 ] ::1 /thinkphp_3.2.3_full/index.php/Home/Login
INFO: [ app_init ] --START--
INFO: Run Behavior\BuildLiteBehavior [ RunTime:0.000025s ]
INFO: [ app_init ] --END-- [ RunTime:0.000413s ]
INFO: [ app_begin ] --START--
INFO: Run Behavior\ReadHtmlCacheBehavior [ RunTime:0.000646s ]
INFO: [ app_begin ] --END-- [ RunTime:0.000747s ]
NOTIC: [8] Use of undefined constant title - assumed 'title' G:\wamp\www\thinkphp_3.2.3_full\Application\Home\Controller\LoginController.class.php 第 6 行.
INFO: [ view_parse ] --START--
INFO: [ template_filter ] --START--
INFO: Run Behavior\ContentReplaceBehavior [ RunTime:0.000131s ]
INFO: [ template_filter ] --END-- [ RunTime:0.000333s ]
INFO: Run Behavior\ParseTemplateBehavior [ RunTime:0.008405s ]
INFO: [ view_parse ] --END-- [ RunTime:0.008521s ]
INFO: [ view_filter ] --START--
INFO: Run Behavior\WriteHtmlCacheBehavior [ RunTime:0.000434s ]
INFO: [ view_filter ] --END-- [ RunTime:0.000527s ]
INFO: [ app_end ] --START--
INFO: Run Behavior\ShowPageTraceBehavior [ RunTime:0.001081s ]
INFO: [ app_end ] --END-- [ RunTime:0.001270s ]

[ 2016-05-10T22:30:50+08:00 ] ::1 /thinkphp_3.2.3_full/index.php/Home/Login/login
INFO: [ app_init ] --START--
INFO: Run Behavior\BuildLiteBehavior [ RunTime:0.000027s ]
INFO: [ app_init ] --END-- [ RunTime:0.000524s ]
INFO: [ app_begin ] --START--
INFO: Run Behavior\ReadHtmlCacheBehavior [ RunTime:0.000661s ]
INFO: [ app_begin ] --END-- [ RunTime:0.000829s ]
SQL: SHOW COLUMNS FROM `test_login` [ RunTime:0.0026s ]
SQL: SELECT * FROM `test_login` WHERE ( user_name = 'Jane' AND user_password = 'e10adc3949ba59abbe56e057f20f883e' ) LIMIT 1   [ RunTime:0.0003s ]
NOTIC: [8] Use of undefined constant username - assumed 'username' G:\wamp\www\thinkphp_3.2.3_full\Application\Home\Controller\LoginController.class.php 第 19 行.
NOTIC: [8] Undefined variable: usernamse G:\wamp\www\thinkphp_3.2.3_full\Application\Home\Controller\LoginController.class.php 第 19 行.

[ 2016-05-10T22:30:50+08:00 ] ::1 /thinkphp_3.2.3_full/index.php/Home/Index/index.html
INFO: [ app_init ] --START--
INFO: Run Behavior\BuildLiteBehavior [ RunTime:0.000025s ]
INFO: [ app_init ] --END-- [ RunTime:0.000430s ]
INFO: [ app_begin ] --START--
INFO: Run Behavior\ReadHtmlCacheBehavior [ RunTime:0.000649s ]
INFO: [ app_begin ] --END-- [ RunTime:0.000762s ]
NOTIC: [8] Use of undefined constant username - assumed 'username' G:\wamp\www\thinkphp_3.2.3_full\Application\Home\Controller\IndexController.class.php 第 6 行.
NOTIC: [8] Use of undefined constant username - assumed 'username' G:\wamp\www\thinkphp_3.2.3_full\Application\Home\Controller\IndexController.class.php 第 7 行.
NOTIC: [8] Use of undefined constant username - assumed 'username' G:\wamp\www\thinkphp_3.2.3_full\Application\Home\Controller\IndexController.class.php 第 10 行.
SQL: SHOW COLUMNS FROM `test_article` [ RunTime:0.0030s ]
SQL: SELECT COUNT(*) AS tp_count FROM `test_article` LIMIT 1   [ RunTime:0.0002s ]
SQL: SELECT `id`,`subject`,`author`,`createtime` FROM `test_article` ORDER BY id desc LIMIT 0,8   [ RunTime:0.0002s ]
INFO: [ view_parse ] --START--
INFO: [ template_filter ] --START--
INFO: Run Behavior\ContentReplaceBehavior [ RunTime:0.000131s ]
INFO: [ template_filter ] --END-- [ RunTime:0.000278s ]
NOTIC: [8] Undefined index: lastmodifytime G:\wamp\www\thinkphp_3.2.3_full\Application\Runtime\Cache\Home\2a94b8bda04ff446dcedd42276fc99ee.php 第 177 行.
NOTIC: [8] Undefined index: lastmodifytime G:\wamp\www\thinkphp_3.2.3_full\Application\Runtime\Cache\Home\2a94b8bda04ff446dcedd42276fc99ee.php 第 177 行.
NOTIC: [8] Undefined index: lastmodifytime G:\wamp\www\thinkphp_3.2.3_full\Application\Runtime\Cache\Home\2a94b8bda04ff446dcedd42276fc99ee.php 第 177 行.
INFO: Run Behavior\ParseTemplateBehavior [ RunTime:0.012838s ]
INFO: [ view_parse ] --END-- [ RunTime:0.012994s ]
INFO: [ view_filter ] --START--
INFO: Run Behavior\WriteHtmlCacheBehavior [ RunTime:0.000458s ]
INFO: [ view_filter ] --END-- [ RunTime:0.000571s ]
INFO: [ app_end ] --START--
INFO: Run Behavior\ShowPageTraceBehavior [ RunTime:0.000664s ]
INFO: [ app_end ] --END-- [ RunTime:0.000766s ]

[ 2016-05-10T22:34:07+08:00 ] ::1 /thinkphp_3.2.3_full/index.php/Home/Index/index.html
INFO: [ app_init ] --START--
INFO: Run Behavior\BuildLiteBehavior [ RunTime:0.000027s ]
INFO: [ app_init ] --END-- [ RunTime:0.000434s ]
INFO: [ app_begin ] --START--
INFO: Run Behavior\ReadHtmlCacheBehavior [ RunTime:0.000673s ]
INFO: [ app_begin ] --END-- [ RunTime:0.000789s ]
NOTIC: [8] Use of undefined constant username - assumed 'username' G:\wamp\www\thinkphp_3.2.3_full\Application\Home\Controller\IndexController.class.php 第 6 行.
NOTIC: [8] Use of undefined constant username - assumed 'username' G:\wamp\www\thinkphp_3.2.3_full\Application\Home\Controller\IndexController.class.php 第 7 行.
NOTIC: [8] Use of undefined constant username - assumed 'username' G:\wamp\www\thinkphp_3.2.3_full\Application\Home\Controller\IndexController.class.php 第 10 行.
SQL: SHOW COLUMNS FROM `test_article` [ RunTime:0.0034s ]
SQL: SELECT COUNT(*) AS tp_count FROM `test_article` LIMIT 1   [ RunTime:0.0002s ]
SQL: SELECT `id`,`subject`,`author`,`createtime` FROM `test_article` ORDER BY id desc LIMIT 0,8   [ RunTime:0.0004s ]
INFO: [ view_parse ] --START--
INFO: [ template_filter ] --START--
INFO: Run Behavior\ContentReplaceBehavior [ RunTime:0.000147s ]
INFO: [ template_filter ] --END-- [ RunTime:0.000316s ]
NOTIC: [8] Undefined index: lastmodifytime G:\wamp\www\thinkphp_3.2.3_full\Application\Runtime\Cache\Home\2a94b8bda04ff446dcedd42276fc99ee.php 第 177 行.
NOTIC: [8] Undefined index: lastmodifytime G:\wamp\www\thinkphp_3.2.3_full\Application\Runtime\Cache\Home\2a94b8bda04ff446dcedd42276fc99ee.php 第 177 行.
NOTIC: [8] Undefined index: lastmodifytime G:\wamp\www\thinkphp_3.2.3_full\Application\Runtime\Cache\Home\2a94b8bda04ff446dcedd42276fc99ee.php 第 177 行.
INFO: Run Behavior\ParseTemplateBehavior [ RunTime:0.014434s ]
INFO: [ view_parse ] --END-- [ RunTime:0.014617s ]
INFO: [ view_filter ] --START--
INFO: Run Behavior\WriteHtmlCacheBehavior [ RunTime:0.000494s ]
INFO: [ view_filter ] --END-- [ RunTime:0.000597s ]
INFO: [ app_end ] --START--
INFO: Run Behavior\ShowPageTraceBehavior [ RunTime:0.000759s ]
INFO: [ app_end ] --END-- [ RunTime:0.000942s ]

[ 2016-05-10T22:34:09+08:00 ] ::1 /thinkphp_3.2.3_full/index.php/Home/Login
INFO: [ app_init ] --START--
INFO: Run Behavior\BuildLiteBehavior [ RunTime:0.000023s ]
INFO: [ app_init ] --END-- [ RunTime:0.000417s ]
INFO: [ app_begin ] --START--
INFO: Run Behavior\ReadHtmlCacheBehavior [ RunTime:0.000656s ]
INFO: [ app_begin ] --END-- [ RunTime:0.000758s ]
NOTIC: [8] Use of undefined constant title - assumed 'title' G:\wamp\www\thinkphp_3.2.3_full\Application\Home\Controller\LoginController.class.php 第 6 行.
INFO: [ view_parse ] --START--
INFO: [ template_filter ] --START--
INFO: Run Behavior\ContentReplaceBehavior [ RunTime:0.000076s ]
INFO: [ template_filter ] --END-- [ RunTime:0.000189s ]
INFO: Run Behavior\ParseTemplateBehavior [ RunTime:0.007910s ]
INFO: [ view_parse ] --END-- [ RunTime:0.008092s ]
INFO: [ view_filter ] --START--
INFO: Run Behavior\WriteHtmlCacheBehavior [ RunTime:0.000886s ]
INFO: [ view_filter ] --END-- [ RunTime:0.001035s ]
INFO: [ app_end ] --START--
INFO: Run Behavior\ShowPageTraceBehavior [ RunTime:0.000699s ]
INFO: [ app_end ] --END-- [ RunTime:0.000796s ]

[ 2016-05-10T22:34:16+08:00 ] ::1 /thinkphp_3.2.3_full/index.php/Home/Login/login
INFO: [ app_init ] --START--
INFO: Run Behavior\BuildLiteBehavior [ RunTime:0.000025s ]
INFO: [ app_init ] --END-- [ RunTime:0.000418s ]
INFO: [ app_begin ] --START--
INFO: Run Behavior\ReadHtmlCacheBehavior [ RunTime:0.000802s ]
INFO: [ app_begin ] --END-- [ RunTime:0.000955s ]
SQL: SHOW COLUMNS FROM `test_login` [ RunTime:0.0025s ]
SQL: SELECT * FROM `test_login` WHERE ( user_name = 'dinglf' AND user_password = 'e10adc3949ba59abbe56e057f20f883e' ) LIMIT 1   [ RunTime:0.0003s ]
NOTIC: [8] Use of undefined constant username - assumed 'username' G:\wamp\www\thinkphp_3.2.3_full\Application\Home\Controller\LoginController.class.php 第 19 行.
NOTIC: [8] Undefined variable: usernamse G:\wamp\www\thinkphp_3.2.3_full\Application\Home\Controller\LoginController.class.php 第 19 行.
NOTIC: [8] Undefined variable: usernamse G:\wamp\www\thinkphp_3.2.3_full\Application\Home\Controller\LoginController.class.php 第 20 行.

[ 2016-05-10T22:34:30+08:00 ] ::1 /thinkphp_3.2.3_full/index.php/Home/Login/login
INFO: [ app_init ] --START--
INFO: Run Behavior\BuildLiteBehavior [ RunTime:0.000027s ]
INFO: [ app_init ] --END-- [ RunTime:0.000497s ]
INFO: [ app_begin ] --START--
INFO: Run Behavior\ReadHtmlCacheBehavior [ RunTime:0.000677s ]
INFO: [ app_begin ] --END-- [ RunTime:0.000892s ]
SQL: SHOW COLUMNS FROM `test_login` [ RunTime:0.0030s ]
SQL: SELECT * FROM `test_login` WHERE ( user_name = 'dinglf' AND user_password = 'e10adc3949ba59abbe56e057f20f883e' ) LIMIT 1   [ RunTime:0.0005s ]
NOTIC: [8] Use of undefined constant username - assumed 'username' G:\wamp\www\thinkphp_3.2.3_full\Application\Home\Controller\LoginController.class.php 第 19 行.
NOTIC: [8] Undefined variable: usernamse G:\wamp\www\thinkphp_3.2.3_full\Application\Home\Controller\LoginController.class.php 第 19 行.

[ 2016-05-10T22:34:30+08:00 ] ::1 /thinkphp_3.2.3_full/index.php/Home/Index/index.html
INFO: [ app_init ] --START--
INFO: Run Behavior\BuildLiteBehavior [ RunTime:0.000025s ]
INFO: [ app_init ] --END-- [ RunTime:0.000429s ]
INFO: [ app_begin ] --START--
INFO: Run Behavior\ReadHtmlCacheBehavior [ RunTime:0.000680s ]
INFO: [ app_begin ] --END-- [ RunTime:0.000795s ]
NOTIC: [8] Use of undefined constant username - assumed 'username' G:\wamp\www\thinkphp_3.2.3_full\Application\Home\Controller\IndexController.class.php 第 6 行.
NOTIC: [8] Use of undefined constant username - assumed 'username' G:\wamp\www\thinkphp_3.2.3_full\Application\Home\Controller\IndexController.class.php 第 7 行.
NOTIC: [8] Use of undefined constant username - assumed 'username' G:\wamp\www\thinkphp_3.2.3_full\Application\Home\Controller\IndexController.class.php 第 10 行.
SQL: SHOW COLUMNS FROM `test_article` [ RunTime:0.0027s ]
SQL: SELECT COUNT(*) AS tp_count FROM `test_article` LIMIT 1   [ RunTime:0.0002s ]
SQL: SELECT `id`,`subject`,`author`,`createtime` FROM `test_article` ORDER BY id desc LIMIT 0,8   [ RunTime:0.0003s ]
INFO: [ view_parse ] --START--
INFO: [ template_filter ] --START--
INFO: Run Behavior\ContentReplaceBehavior [ RunTime:0.000231s ]
INFO: [ template_filter ] --END-- [ RunTime:0.000508s ]
NOTIC: [8] Undefined index: lastmodifytime G:\wamp\www\thinkphp_3.2.3_full\Application\Runtime\Cache\Home\2a94b8bda04ff446dcedd42276fc99ee.php 第 177 行.
NOTIC: [8] Undefined index: lastmodifytime G:\wamp\www\thinkphp_3.2.3_full\Application\Runtime\Cache\Home\2a94b8bda04ff446dcedd42276fc99ee.php 第 177 行.
NOTIC: [8] Undefined index: lastmodifytime G:\wamp\www\thinkphp_3.2.3_full\Application\Runtime\Cache\Home\2a94b8bda04ff446dcedd42276fc99ee.php 第 177 行.
INFO: Run Behavior\ParseTemplateBehavior [ RunTime:0.013388s ]
INFO: [ view_parse ] --END-- [ RunTime:0.013506s ]
INFO: [ view_filter ] --START--
INFO: Run Behavior\WriteHtmlCacheBehavior [ RunTime:0.000440s ]
INFO: [ view_filter ] --END-- [ RunTime:0.000538s ]
INFO: [ app_end ] --START--
INFO: Run Behavior\ShowPageTraceBehavior [ RunTime:0.000643s ]
INFO: [ app_end ] --END-- [ RunTime:0.000750s ]

[ 2016-05-10T22:35:28+08:00 ] ::1 /thinkphp_3.2.3_full/index.php/Home/Index/index.html
INFO: [ app_init ] --START--
INFO: Run Behavior\BuildLiteBehavior [ RunTime:0.000025s ]
INFO: [ app_init ] --END-- [ RunTime:0.000428s ]
INFO: [ app_begin ] --START--
INFO: Run Behavior\ReadHtmlCacheBehavior [ RunTime:0.000621s ]
INFO: [ app_begin ] --END-- [ RunTime:0.000721s ]
NOTIC: [8] Use of undefined constant username - assumed 'username' G:\wamp\www\thinkphp_3.2.3_full\Application\Home\Controller\IndexController.class.php 第 10 行.
SQL: SHOW COLUMNS FROM `test_article` [ RunTime:0.0028s ]
SQL: SELECT COUNT(*) AS tp_count FROM `test_article` LIMIT 1   [ RunTime:0.0002s ]
SQL: SELECT `id`,`subject`,`author`,`createtime` FROM `test_article` ORDER BY id desc LIMIT 0,8   [ RunTime:0.0003s ]
INFO: [ view_parse ] --START--
INFO: [ template_filter ] --START--
INFO: Run Behavior\ContentReplaceBehavior [ RunTime:0.000115s ]
INFO: [ template_filter ] --END-- [ RunTime:0.000223s ]
NOTIC: [8] Undefined index: lastmodifytime G:\wamp\www\thinkphp_3.2.3_full\Application\Runtime\Cache\Home\2a94b8bda04ff446dcedd42276fc99ee.php 第 177 行.
NOTIC: [8] Undefined index: lastmodifytime G:\wamp\www\thinkphp_3.2.3_full\Application\Runtime\Cache\Home\2a94b8bda04ff446dcedd42276fc99ee.php 第 177 行.
NOTIC: [8] Undefined index: lastmodifytime G:\wamp\www\thinkphp_3.2.3_full\Application\Runtime\Cache\Home\2a94b8bda04ff446dcedd42276fc99ee.php 第 177 行.
INFO: Run Behavior\ParseTemplateBehavior [ RunTime:0.012064s ]
INFO: [ view_parse ] --END-- [ RunTime:0.012179s ]
INFO: [ view_filter ] --START--
INFO: Run Behavior\WriteHtmlCacheBehavior [ RunTime:0.000436s ]
INFO: [ view_filter ] --END-- [ RunTime:0.000527s ]
INFO: [ app_end ] --START--
INFO: Run Behavior\ShowPageTraceBehavior [ RunTime:0.000658s ]
INFO: [ app_end ] --END-- [ RunTime:0.000751s ]

[ 2016-05-10T22:35:47+08:00 ] ::1 /thinkphp_3.2.3_full/index.php/Home/Index/index.html
INFO: [ app_init ] --START--
INFO: Run Behavior\BuildLiteBehavior [ RunTime:0.000023s ]
INFO: [ app_init ] --END-- [ RunTime:0.000432s ]
INFO: [ app_begin ] --START--
INFO: Run Behavior\ReadHtmlCacheBehavior [ RunTime:0.000741s ]
INFO: [ app_begin ] --END-- [ RunTime:0.000844s ]
NOTIC: [8] Use of undefined constant username - assumed 'username' G:\wamp\www\thinkphp_3.2.3_full\Application\Home\Controller\IndexController.class.php 第 6 行.
NOTIC: [8] Use of undefined constant username - assumed 'username' G:\wamp\www\thinkphp_3.2.3_full\Application\Home\Controller\IndexController.class.php 第 10 行.
SQL: SHOW COLUMNS FROM `test_article` [ RunTime:0.0027s ]
SQL: SELECT COUNT(*) AS tp_count FROM `test_article` LIMIT 1   [ RunTime:0.0002s ]
SQL: SELECT `id`,`subject`,`author`,`createtime` FROM `test_article` ORDER BY id desc LIMIT 0,8   [ RunTime:0.0003s ]
INFO: [ view_parse ] --START--
INFO: [ template_filter ] --START--
INFO: Run Behavior\ContentReplaceBehavior [ RunTime:0.000118s ]
INFO: [ template_filter ] --END-- [ RunTime:0.000247s ]
NOTIC: [8] Undefined index: lastmodifytime G:\wamp\www\thinkphp_3.2.3_full\Application\Runtime\Cache\Home\2a94b8bda04ff446dcedd42276fc99ee.php 第 177 行.
NOTIC: [8] Undefined index: lastmodifytime G:\wamp\www\thinkphp_3.2.3_full\Application\Runtime\Cache\Home\2a94b8bda04ff446dcedd42276fc99ee.php 第 177 行.
NOTIC: [8] Undefined index: lastmodifytime G:\wamp\www\thinkphp_3.2.3_full\Application\Runtime\Cache\Home\2a94b8bda04ff446dcedd42276fc99ee.php 第 177 行.
INFO: Run Behavior\ParseTemplateBehavior [ RunTime:0.012838s ]
INFO: [ view_parse ] --END-- [ RunTime:0.012943s ]
INFO: [ view_filter ] --START--
INFO: Run Behavior\WriteHtmlCacheBehavior [ RunTime:0.000536s ]
INFO: [ view_filter ] --END-- [ RunTime:0.000630s ]
INFO: [ app_end ] --START--
INFO: Run Behavior\ShowPageTraceBehavior [ RunTime:0.000706s ]
INFO: [ app_end ] --END-- [ RunTime:0.000801s ]

[ 2016-05-10T22:35:48+08:00 ] ::1 /thinkphp_3.2.3_full/index.php/Home/Index/index.html
INFO: [ app_init ] --START--
INFO: Run Behavior\BuildLiteBehavior [ RunTime:0.000026s ]
INFO: [ app_init ] --END-- [ RunTime:0.000551s ]
INFO: [ app_begin ] --START--
INFO: Run Behavior\ReadHtmlCacheBehavior [ RunTime:0.000778s ]
INFO: [ app_begin ] --END-- [ RunTime:0.000945s ]
NOTIC: [8] Use of undefined constant username - assumed 'username' G:\wamp\www\thinkphp_3.2.3_full\Application\Home\Controller\IndexController.class.php 第 6 行.
NOTIC: [8] Use of undefined constant username - assumed 'username' G:\wamp\www\thinkphp_3.2.3_full\Application\Home\Controller\IndexController.class.php 第 10 行.
SQL: SHOW COLUMNS FROM `test_article` [ RunTime:0.0029s ]
SQL: SELECT COUNT(*) AS tp_count FROM `test_article` LIMIT 1   [ RunTime:0.0003s ]
SQL: SELECT `id`,`subject`,`author`,`createtime` FROM `test_article` ORDER BY id desc LIMIT 0,8   [ RunTime:0.0003s ]
INFO: [ view_parse ] --START--
INFO: [ template_filter ] --START--
INFO: Run Behavior\ContentReplaceBehavior [ RunTime:0.000114s ]
INFO: [ template_filter ] --END-- [ RunTime:0.000228s ]
NOTIC: [8] Undefined index: lastmodifytime G:\wamp\www\thinkphp_3.2.3_full\Application\Runtime\Cache\Home\2a94b8bda04ff446dcedd42276fc99ee.php 第 177 行.
NOTIC: [8] Undefined index: lastmodifytime G:\wamp\www\thinkphp_3.2.3_full\Application\Runtime\Cache\Home\2a94b8bda04ff446dcedd42276fc99ee.php 第 177 行.
NOTIC: [8] Undefined index: lastmodifytime G:\wamp\www\thinkphp_3.2.3_full\Application\Runtime\Cache\Home\2a94b8bda04ff446dcedd42276fc99ee.php 第 177 行.
INFO: Run Behavior\ParseTemplateBehavior [ RunTime:0.011965s ]
INFO: [ view_parse ] --END-- [ RunTime:0.012073s ]
INFO: [ view_filter ] --START--
INFO: Run Behavior\WriteHtmlCacheBehavior [ RunTime:0.000536s ]
INFO: [ view_filter ] --END-- [ RunTime:0.000678s ]
INFO: [ app_end ] --START--
INFO: Run Behavior\ShowPageTraceBehavior [ RunTime:0.001226s ]
INFO: [ app_end ] --END-- [ RunTime:0.001378s ]

[ 2016-05-10T22:36:29+08:00 ] ::1 /thinkphp_3.2.3_full/index.php/Home/Index/index.html
INFO: [ app_init ] --START--
INFO: Run Behavior\BuildLiteBehavior [ RunTime:0.000025s ]
INFO: [ app_init ] --END-- [ RunTime:0.000444s ]
INFO: [ app_begin ] --START--
INFO: Run Behavior\ReadHtmlCacheBehavior [ RunTime:0.000644s ]
INFO: [ app_begin ] --END-- [ RunTime:0.000790s ]
NOTIC: [8] Use of undefined constant username - assumed 'username' G:\wamp\www\thinkphp_3.2.3_full\Application\Home\Controller\IndexController.class.php 第 6 行.
NOTIC: [8] Use of undefined constant username - assumed 'username' G:\wamp\www\thinkphp_3.2.3_full\Application\Home\Controller\IndexController.class.php 第 10 行.
SQL: SHOW COLUMNS FROM `test_article` [ RunTime:0.0028s ]
SQL: SELECT COUNT(*) AS tp_count FROM `test_article` LIMIT 1   [ RunTime:0.0002s ]
SQL: SELECT `id`,`subject`,`author`,`createtime` FROM `test_article` ORDER BY id desc LIMIT 0,8   [ RunTime:0.0003s ]
INFO: [ view_parse ] --START--
INFO: [ template_filter ] --START--
INFO: Run Behavior\ContentReplaceBehavior [ RunTime:0.000115s ]
INFO: [ template_filter ] --END-- [ RunTime:0.000229s ]
NOTIC: [8] Undefined index: lastmodifytime G:\wamp\www\thinkphp_3.2.3_full\Application\Runtime\Cache\Home\2a94b8bda04ff446dcedd42276fc99ee.php 第 177 行.
NOTIC: [8] Undefined index: lastmodifytime G:\wamp\www\thinkphp_3.2.3_full\Application\Runtime\Cache\Home\2a94b8bda04ff446dcedd42276fc99ee.php 第 177 行.
NOTIC: [8] Undefined index: lastmodifytime G:\wamp\www\thinkphp_3.2.3_full\Application\Runtime\Cache\Home\2a94b8bda04ff446dcedd42276fc99ee.php 第 177 行.
INFO: Run Behavior\ParseTemplateBehavior [ RunTime:0.012211s ]
INFO: [ view_parse ] --END-- [ RunTime:0.012315s ]
INFO: [ view_filter ] --START--
INFO: Run Behavior\WriteHtmlCacheBehavior [ RunTime:0.000458s ]
INFO: [ view_filter ] --END-- [ RunTime:0.000550s ]
INFO: [ app_end ] --START--
INFO: Run Behavior\ShowPageTraceBehavior [ RunTime:0.000625s ]
INFO: [ app_end ] --END-- [ RunTime:0.000746s ]

[ 2016-05-10T22:47:30+08:00 ] ::1 /thinkphp_3.2.3_full/index.php/Home/Login
INFO: [ app_init ] --START--
INFO: Run Behavior\BuildLiteBehavior [ RunTime:0.000023s ]
INFO: [ app_init ] --END-- [ RunTime:0.000432s ]
INFO: [ app_begin ] --START--
INFO: Run Behavior\ReadHtmlCacheBehavior [ RunTime:0.000652s ]
INFO: [ app_begin ] --END-- [ RunTime:0.000766s ]
NOTIC: [8] Use of undefined constant title - assumed 'title' G:\wamp\www\thinkphp_3.2.3_full\Application\Home\Controller\LoginController.class.php 第 6 行.
INFO: [ view_parse ] --START--
INFO: [ template_filter ] --START--
INFO: Run Behavior\ContentReplaceBehavior [ RunTime:0.000077s ]
INFO: [ template_filter ] --END-- [ RunTime:0.000191s ]
INFO: Run Behavior\ParseTemplateBehavior [ RunTime:0.007524s ]
INFO: [ view_parse ] --END-- [ RunTime:0.007631s ]
INFO: [ view_filter ] --START--
INFO: Run Behavior\WriteHtmlCacheBehavior [ RunTime:0.000465s ]
INFO: [ view_filter ] --END-- [ RunTime:0.000569s ]
INFO: [ app_end ] --START--
INFO: Run Behavior\ShowPageTraceBehavior [ RunTime:0.000821s ]
INFO: [ app_end ] --END-- [ RunTime:0.001013s ]

[ 2016-05-10T22:48:15+08:00 ] ::1 /thinkphp_3.2.3_full/index.php/Home/Login/login
INFO: [ app_init ] --START--
INFO: Run Behavior\BuildLiteBehavior [ RunTime:0.000024s ]
INFO: [ app_init ] --END-- [ RunTime:0.000449s ]
INFO: [ app_begin ] --START--
INFO: Run Behavior\ReadHtmlCacheBehavior [ RunTime:0.000881s ]
INFO: [ app_begin ] --END-- [ RunTime:0.001038s ]
SQL: SHOW COLUMNS FROM `test_login` [ RunTime:0.0025s ]
SQL: SELECT * FROM `test_login` WHERE ( user_name = 'dinglf' AND user_password = 'e10adc3949ba59abbe56e057f20f883e' ) LIMIT 1   [ RunTime:0.0003s ]
NOTIC: [8] Use of undefined constant username - assumed 'username' G:\wamp\www\thinkphp_3.2.3_full\Application\Home\Controller\LoginController.class.php 第 19 行.

[ 2016-05-10T22:48:15+08:00 ] ::1 /thinkphp_3.2.3_full/index.php/Home/Index/index.html
INFO: [ app_init ] --START--
INFO: Run Behavior\BuildLiteBehavior [ RunTime:0.000023s ]
INFO: [ app_init ] --END-- [ RunTime:0.000438s ]
INFO: [ app_begin ] --START--
INFO: Run Behavior\ReadHtmlCacheBehavior [ RunTime:0.000903s ]
INFO: [ app_begin ] --END-- [ RunTime:0.001071s ]
NOTIC: [8] Use of undefined constant username - assumed 'username' G:\wamp\www\thinkphp_3.2.3_full\Application\Home\Controller\IndexController.class.php 第 6 行.
NOTIC: [8] Use of undefined constant username - assumed 'username' G:\wamp\www\thinkphp_3.2.3_full\Application\Home\Controller\IndexController.class.php 第 7 行.
NOTIC: [8] Use of undefined constant username - assumed 'username' G:\wamp\www\thinkphp_3.2.3_full\Application\Home\Controller\IndexController.class.php 第 10 行.
SQL: SHOW COLUMNS FROM `test_article` [ RunTime:0.0027s ]
SQL: SELECT COUNT(*) AS tp_count FROM `test_article` LIMIT 1   [ RunTime:0.0003s ]
SQL: SELECT `id`,`subject`,`author`,`createtime` FROM `test_article` ORDER BY id desc LIMIT 0,8   [ RunTime:0.0003s ]
INFO: [ app_end ] --START--
INFO: Run Behavior\ShowPageTraceBehavior [ RunTime:0.000771s ]
INFO: [ app_end ] --END-- [ RunTime:0.000896s ]

[ 2016-05-10T22:49:00+08:00 ] ::1 /thinkphp_3.2.3_full/index.php/Home/Login/login
INFO: [ app_init ] --START--
INFO: Run Behavior\BuildLiteBehavior [ RunTime:0.000026s ]
INFO: [ app_init ] --END-- [ RunTime:0.000505s ]
INFO: [ app_begin ] --START--
INFO: Run Behavior\ReadHtmlCacheBehavior [ RunTime:0.000639s ]
INFO: [ app_begin ] --END-- [ RunTime:0.000753s ]
SQL: SHOW COLUMNS FROM `test_login` [ RunTime:0.0028s ]
SQL: SELECT * FROM `test_login` WHERE ( user_name = 'dinglf' AND user_password = 'e10adc3949ba59abbe56e057f20f883e' ) LIMIT 1   [ RunTime:0.0003s ]
NOTIC: [8] Use of undefined constant username - assumed 'username' G:\wamp\www\thinkphp_3.2.3_full\Application\Home\Controller\LoginController.class.php 第 19 行.

[ 2016-05-10T22:49:00+08:00 ] ::1 /thinkphp_3.2.3_full/index.php/Home/Index/index.html
INFO: [ app_init ] --START--
INFO: Run Behavior\BuildLiteBehavior [ RunTime:0.000025s ]
INFO: [ app_init ] --END-- [ RunTime:0.000476s ]
INFO: [ app_begin ] --START--
INFO: Run Behavior\ReadHtmlCacheBehavior [ RunTime:0.000709s ]
INFO: [ app_begin ] --END-- [ RunTime:0.000832s ]
NOTIC: [8] Use of undefined constant username - assumed 'username' G:\wamp\www\thinkphp_3.2.3_full\Application\Home\Controller\IndexController.class.php 第 6 行.
NOTIC: [8] Use of undefined constant username - assumed 'username' G:\wamp\www\thinkphp_3.2.3_full\Application\Home\Controller\IndexController.class.php 第 10 行.
SQL: SHOW COLUMNS FROM `test_article` [ RunTime:0.0029s ]
SQL: SELECT COUNT(*) AS tp_count FROM `test_article` LIMIT 1   [ RunTime:0.0002s ]
SQL: SELECT `id`,`subject`,`author`,`createtime` FROM `test_article` ORDER BY id desc LIMIT 0,8   [ RunTime:0.0002s ]
INFO: [ view_parse ] --START--
INFO: [ template_filter ] --START--
INFO: Run Behavior\ContentReplaceBehavior [ RunTime:0.000204s ]
INFO: [ template_filter ] --END-- [ RunTime:0.000426s ]
NOTIC: [8] Undefined index: lastmodifytime G:\wamp\www\thinkphp_3.2.3_full\Application\Runtime\Cache\Home\2a94b8bda04ff446dcedd42276fc99ee.php 第 177 行.
NOTIC: [8] Undefined index: lastmodifytime G:\wamp\www\thinkphp_3.2.3_full\Application\Runtime\Cache\Home\2a94b8bda04ff446dcedd42276fc99ee.php 第 177 行.
NOTIC: [8] Undefined index: lastmodifytime G:\wamp\www\thinkphp_3.2.3_full\Application\Runtime\Cache\Home\2a94b8bda04ff446dcedd42276fc99ee.php 第 177 行.
INFO: Run Behavior\ParseTemplateBehavior [ RunTime:0.018456s ]
INFO: [ view_parse ] --END-- [ RunTime:0.018608s ]
INFO: [ view_filter ] --START--
INFO: Run Behavior\WriteHtmlCacheBehavior [ RunTime:0.000717s ]
INFO: [ view_filter ] --END-- [ RunTime:0.000917s ]
INFO: [ app_end ] --START--
INFO: Run Behavior\ShowPageTraceBehavior [ RunTime:0.000823s ]
INFO: [ app_end ] --END-- [ RunTime:0.000971s ]

[ 2016-05-10T22:49:04+08:00 ] ::1 /thinkphp_3.2.3_full/index.php/Home/Login
INFO: [ app_init ] --START--
INFO: Run Behavior\BuildLiteBehavior [ RunTime:0.000024s ]
INFO: [ app_init ] --END-- [ RunTime:0.000430s ]
INFO: [ app_begin ] --START--
INFO: Run Behavior\ReadHtmlCacheBehavior [ RunTime:0.000647s ]
INFO: [ app_begin ] --END-- [ RunTime:0.000752s ]
NOTIC: [8] Use of undefined constant title - assumed 'title' G:\wamp\www\thinkphp_3.2.3_full\Application\Home\Controller\LoginController.class.php 第 6 行.
INFO: [ view_parse ] --START--
INFO: [ template_filter ] --START--
INFO: Run Behavior\ContentReplaceBehavior [ RunTime:0.000129s ]
INFO: [ template_filter ] --END-- [ RunTime:0.000327s ]
INFO: Run Behavior\ParseTemplateBehavior [ RunTime:0.009126s ]
INFO: [ view_parse ] --END-- [ RunTime:0.009255s ]
INFO: [ view_filter ] --START--
INFO: Run Behavior\WriteHtmlCacheBehavior [ RunTime:0.000475s ]
INFO: [ view_filter ] --END-- [ RunTime:0.000575s ]
INFO: [ app_end ] --START--
INFO: Run Behavior\ShowPageTraceBehavior [ RunTime:0.000633s ]
INFO: [ app_end ] --END-- [ RunTime:0.000748s ]

[ 2016-05-10T22:49:05+08:00 ] ::1 /thinkphp_3.2.3_full/index.php/Home/Login/login
INFO: [ app_init ] --START--
INFO: Run Behavior\BuildLiteBehavior [ RunTime:0.000024s ]
INFO: [ app_init ] --END-- [ RunTime:0.000487s ]
INFO: [ app_begin ] --START--
INFO: Run Behavior\ReadHtmlCacheBehavior [ RunTime:0.000621s ]
INFO: [ app_begin ] --END-- [ RunTime:0.000754s ]
SQL: SHOW COLUMNS FROM `test_login` [ RunTime:0.0031s ]
SQL: SELECT * FROM `test_login` WHERE ( user_name = 'lfding' AND user_password = '202cb962ac59075b964b07152d234b70' ) LIMIT 1   [ RunTime:0.0003s ]
INFO: [ view_parse ] --START--
INFO: [ template_filter ] --START--
INFO: Run Behavior\ContentReplaceBehavior [ RunTime:0.000073s ]
INFO: [ template_filter ] --END-- [ RunTime:0.000226s ]
INFO: Run Behavior\ParseTemplateBehavior [ RunTime:0.007911s ]
INFO: [ view_parse ] --END-- [ RunTime:0.008026s ]
INFO: [ view_filter ] --START--
INFO: Run Behavior\WriteHtmlCacheBehavior [ RunTime:0.000437s ]
INFO: [ view_filter ] --END-- [ RunTime:0.000569s ]

[ 2016-05-10T22:49:13+08:00 ] ::1 /thinkphp_3.2.3_full/index.php/Home/Login/login
INFO: [ app_init ] --START--
INFO: Run Behavior\BuildLiteBehavior [ RunTime:0.000023s ]
INFO: [ app_init ] --END-- [ RunTime:0.000423s ]
INFO: [ app_begin ] --START--
INFO: Run Behavior\ReadHtmlCacheBehavior [ RunTime:0.000640s ]
INFO: [ app_begin ] --END-- [ RunTime:0.000786s ]
SQL: SHOW COLUMNS FROM `test_login` [ RunTime:0.0026s ]
SQL: SELECT * FROM `test_login` WHERE ( user_name = 'dinglf' AND user_password = 'e10adc3949ba59abbe56e057f20f883e' ) LIMIT 1   [ RunTime:0.0004s ]
NOTIC: [8] Use of undefined constant username - assumed 'username' G:\wamp\www\thinkphp_3.2.3_full\Application\Home\Controller\LoginController.class.php 第 19 行.

[ 2016-05-10T22:49:13+08:00 ] ::1 /thinkphp_3.2.3_full/index.php/Home/Index/index.html
INFO: [ app_init ] --START--
INFO: Run Behavior\BuildLiteBehavior [ RunTime:0.000025s ]
INFO: [ app_init ] --END-- [ RunTime:0.000405s ]
INFO: [ app_begin ] --START--
INFO: Run Behavior\ReadHtmlCacheBehavior [ RunTime:0.000702s ]
INFO: [ app_begin ] --END-- [ RunTime:0.000856s ]
NOTIC: [8] Use of undefined constant username - assumed 'username' G:\wamp\www\thinkphp_3.2.3_full\Application\Home\Controller\IndexController.class.php 第 6 行.
NOTIC: [8] Use of undefined constant username - assumed 'username' G:\wamp\www\thinkphp_3.2.3_full\Application\Home\Controller\IndexController.class.php 第 10 行.
SQL: SHOW COLUMNS FROM `test_article` [ RunTime:0.0031s ]
SQL: SELECT COUNT(*) AS tp_count FROM `test_article` LIMIT 1   [ RunTime:0.0002s ]
SQL: SELECT `id`,`subject`,`author`,`createtime` FROM `test_article` ORDER BY id desc LIMIT 0,8   [ RunTime:0.0003s ]
INFO: [ view_parse ] --START--
INFO: [ template_filter ] --START--
INFO: Run Behavior\ContentReplaceBehavior [ RunTime:0.000123s ]
INFO: [ template_filter ] --END-- [ RunTime:0.000246s ]
NOTIC: [8] Undefined index: lastmodifytime G:\wamp\www\thinkphp_3.2.3_full\Application\Runtime\Cache\Home\2a94b8bda04ff446dcedd42276fc99ee.php 第 177 行.
NOTIC: [8] Undefined index: lastmodifytime G:\wamp\www\thinkphp_3.2.3_full\Application\Runtime\Cache\Home\2a94b8bda04ff446dcedd42276fc99ee.php 第 177 行.
NOTIC: [8] Undefined index: lastmodifytime G:\wamp\www\thinkphp_3.2.3_full\Application\Runtime\Cache\Home\2a94b8bda04ff446dcedd42276fc99ee.php 第 177 行.
INFO: Run Behavior\ParseTemplateBehavior [ RunTime:0.013040s ]
INFO: [ view_parse ] --END-- [ RunTime:0.013143s ]
INFO: [ view_filter ] --START--
INFO: Run Behavior\WriteHtmlCacheBehavior [ RunTime:0.000429s ]
INFO: [ view_filter ] --END-- [ RunTime:0.000518s ]
INFO: [ app_end ] --START--
INFO: Run Behavior\ShowPageTraceBehavior [ RunTime:0.000636s ]
INFO: [ app_end ] --END-- [ RunTime:0.000745s ]

[ 2016-05-10T22:49:45+08:00 ] ::1 /thinkphp_3.2.3_full/index.php/Home/Login
INFO: [ app_init ] --START--
INFO: Run Behavior\BuildLiteBehavior [ RunTime:0.000026s ]
INFO: [ app_init ] --END-- [ RunTime:0.000532s ]
INFO: [ app_begin ] --START--
INFO: Run Behavior\ReadHtmlCacheBehavior [ RunTime:0.000806s ]
INFO: [ app_begin ] --END-- [ RunTime:0.000973s ]
NOTIC: [8] Use of undefined constant title - assumed 'title' G:\wamp\www\thinkphp_3.2.3_full\Application\Home\Controller\LoginController.class.php 第 6 行.
INFO: [ view_parse ] --START--
INFO: [ template_filter ] --START--
INFO: Run Behavior\ContentReplaceBehavior [ RunTime:0.000077s ]
INFO: [ template_filter ] --END-- [ RunTime:0.000190s ]
INFO: Run Behavior\ParseTemplateBehavior [ RunTime:0.007894s ]
INFO: [ view_parse ] --END-- [ RunTime:0.008005s ]
INFO: [ view_filter ] --START--
INFO: Run Behavior\WriteHtmlCacheBehavior [ RunTime:0.000507s ]
INFO: [ view_filter ] --END-- [ RunTime:0.000599s ]
INFO: [ app_end ] --START--
INFO: Run Behavior\ShowPageTraceBehavior [ RunTime:0.000724s ]
INFO: [ app_end ] --END-- [ RunTime:0.000819s ]

[ 2016-05-10T22:49:53+08:00 ] ::1 /thinkphp_3.2.3_full/index.php/Home/Login/login
INFO: [ app_init ] --START--
INFO: Run Behavior\BuildLiteBehavior [ RunTime:0.000036s ]
INFO: [ app_init ] --END-- [ RunTime:0.000471s ]
INFO: [ app_begin ] --START--
INFO: Run Behavior\ReadHtmlCacheBehavior [ RunTime:0.000651s ]
INFO: [ app_begin ] --END-- [ RunTime:0.000794s ]
SQL: SHOW COLUMNS FROM `test_login` [ RunTime:0.0028s ]
SQL: SELECT * FROM `test_login` WHERE ( user_name = 'Jane' AND user_password = 'e10adc3949ba59abbe56e057f20f883e' ) LIMIT 1   [ RunTime:0.0003s ]
NOTIC: [8] Use of undefined constant username - assumed 'username' G:\wamp\www\thinkphp_3.2.3_full\Application\Home\Controller\LoginController.class.php 第 19 行.

[ 2016-05-10T22:49:53+08:00 ] ::1 /thinkphp_3.2.3_full/index.php/Home/Index/index.html
INFO: [ app_init ] --START--
INFO: Run Behavior\BuildLiteBehavior [ RunTime:0.000023s ]
INFO: [ app_init ] --END-- [ RunTime:0.000401s ]
INFO: [ app_begin ] --START--
INFO: Run Behavior\ReadHtmlCacheBehavior [ RunTime:0.000653s ]
INFO: [ app_begin ] --END-- [ RunTime:0.000771s ]
NOTIC: [8] Use of undefined constant username - assumed 'username' G:\wamp\www\thinkphp_3.2.3_full\Application\Home\Controller\IndexController.class.php 第 6 行.
NOTIC: [8] Use of undefined constant username - assumed 'username' G:\wamp\www\thinkphp_3.2.3_full\Application\Home\Controller\IndexController.class.php 第 10 行.
SQL: SHOW COLUMNS FROM `test_article` [ RunTime:0.0027s ]
SQL: SELECT COUNT(*) AS tp_count FROM `test_article` LIMIT 1   [ RunTime:0.0002s ]
SQL: SELECT `id`,`subject`,`author`,`createtime` FROM `test_article` ORDER BY id desc LIMIT 0,8   [ RunTime:0.0003s ]
INFO: [ view_parse ] --START--
INFO: [ template_filter ] --START--
INFO: Run Behavior\ContentReplaceBehavior [ RunTime:0.000131s ]
INFO: [ template_filter ] --END-- [ RunTime:0.000258s ]
NOTIC: [8] Undefined index: lastmodifytime G:\wamp\www\thinkphp_3.2.3_full\Application\Runtime\Cache\Home\2a94b8bda04ff446dcedd42276fc99ee.php 第 177 行.
NOTIC: [8] Undefined index: lastmodifytime G:\wamp\www\thinkphp_3.2.3_full\Application\Runtime\Cache\Home\2a94b8bda04ff446dcedd42276fc99ee.php 第 177 行.
NOTIC: [8] Undefined index: lastmodifytime G:\wamp\www\thinkphp_3.2.3_full\Application\Runtime\Cache\Home\2a94b8bda04ff446dcedd42276fc99ee.php 第 177 行.
INFO: Run Behavior\ParseTemplateBehavior [ RunTime:0.013340s ]
INFO: [ view_parse ] --END-- [ RunTime:0.013489s ]
INFO: [ view_filter ] --START--
INFO: Run Behavior\WriteHtmlCacheBehavior [ RunTime:0.000700s ]
INFO: [ view_filter ] --END-- [ RunTime:0.000872s ]
INFO: [ app_end ] --START--
INFO: Run Behavior\ShowPageTraceBehavior [ RunTime:0.001193s ]
INFO: [ app_end ] --END-- [ RunTime:0.001422s ]

[ 2016-05-10T22:58:03+08:00 ] ::1 /thinkphp_3.2.3_full/index.php/Home/Index/delete/id/19
INFO: [ app_init ] --START--
INFO: Run Behavior\BuildLiteBehavior [ RunTime:0.000024s ]
INFO: [ app_init ] --END-- [ RunTime:0.000459s ]
INFO: [ app_begin ] --START--
INFO: Run Behavior\ReadHtmlCacheBehavior [ RunTime:0.000787s ]
INFO: [ app_begin ] --END-- [ RunTime:0.000920s ]
ERR: 非法操作:delete

