[ 2016-05-18T21:50:45+08:00 ] ::1 /new_management_system/index.php/Home/Sysmessage/__PUBLIC_/css/main.css
INFO: [ app_init ] --START--
INFO: Run Behavior\BuildLiteBehavior [ RunTime:0.000041s ]
INFO: [ app_init ] --END-- [ RunTime:0.000630s ]
INFO: [ app_begin ] --START--
INFO: Run Behavior\ReadHtmlCacheBehavior [ RunTime:0.000549s ]
INFO: [ app_begin ] --END-- [ RunTime:0.000678s ]
ERR: 非法操作:__PUBLIC_

[ 2016-05-18T21:50:56+08:00 ] ::1 /new_management_system/index.php/Home/Index/quit
INFO: [ app_init ] --START--
INFO: Run Behavior\BuildLiteBehavior [ RunTime:0.000040s ]
INFO: [ app_init ] --END-- [ RunTime:0.000438s ]
INFO: [ app_begin ] --START--
INFO: Run Behavior\ReadHtmlCacheBehavior [ RunTime:0.000583s ]
INFO: [ app_begin ] --END-- [ RunTime:0.000687s ]
NOTIC: [8] Use of undefined constant username - assumed 'username' G:\wamp\www\new_management_system\Application\Home\Controller\IndexController.class.php 第 65 行.
SQL: SHOW COLUMNS FROM `log` [ RunTime:0.0024s ]
SQL: SHOW COLUMNS FROM `logtype` [ RunTime:0.0024s ]
SQL: INSERT INTO `log` (`UserId`,`Time`,`Type`) VALUES ('2013014118','16-05-18-21-50-56','1') [ RunTime:0.0013s ]
NOTIC: [8] Object of class Think\Model could not be converted to int G:\wamp\www\new_management_system\Application\Home\Controller\IndexController.class.php 第 90 行.

[ 2016-05-18T21:50:56+08:00 ] ::1 /new_management_system/index.php/Home/Login/index.html
INFO: [ app_init ] --START--
INFO: Run Behavior\BuildLiteBehavior [ RunTime:0.000025s ]
INFO: [ app_init ] --END-- [ RunTime:0.000383s ]
INFO: [ app_begin ] --START--
INFO: Run Behavior\ReadHtmlCacheBehavior [ RunTime:0.000452s ]
INFO: [ app_begin ] --END-- [ RunTime:0.000555s ]
NOTIC: [8] Use of undefined constant title - assumed 'title' G:\wamp\www\new_management_system\Application\Home\Controller\LoginController.class.php 第 6 行.
INFO: [ view_parse ] --START--
INFO: [ template_filter ] --START--
INFO: Run Behavior\ContentReplaceBehavior [ RunTime:0.000129s ]
INFO: [ template_filter ] --END-- [ RunTime:0.000346s ]
INFO: Run Behavior\ParseTemplateBehavior [ RunTime:0.007131s ]
INFO: [ view_parse ] --END-- [ RunTime:0.007327s ]
INFO: [ view_filter ] --START--
INFO: Run Behavior\WriteHtmlCacheBehavior [ RunTime:0.000790s ]
INFO: [ view_filter ] --END-- [ RunTime:0.000961s ]
INFO: [ app_end ] --START--
INFO: Run Behavior\ShowPageTraceBehavior [ RunTime:0.001044s ]
INFO: [ app_end ] --END-- [ RunTime:0.001190s ]

