[ 2016-06-09T22:10:12+08:00 ] ::1 /Educational_Administration_System/back_end/index.php
INFO: [ app_init ] --START--
INFO: Run Behavior\BuildLiteBehavior [ RunTime:0.000000s ]
INFO: [ app_init ] --END-- [ RunTime:0.001000s ]
INFO: [ app_begin ] --START--
INFO: Run Behavior\ReadHtmlCacheBehavior [ RunTime:0.001000s ]
INFO: [ app_begin ] --END-- [ RunTime:0.001000s ]
NOTIC: [8] Use of undefined constant username - assumed 'username' D:\xampp\htdocs\Educational_Administration_System\back_end\Application\Home\Controller\IndexController.class.php 第 6 行.

[ 2016-06-09T22:10:12+08:00 ] ::1 /Educational_Administration_System/back_end/index.php/Home/Login/index.html
INFO: [ app_init ] --START--
INFO: Run Behavior\BuildLiteBehavior [ RunTime:0.000000s ]
INFO: [ app_init ] --END-- [ RunTime:0.000000s ]
INFO: [ app_begin ] --START--
INFO: Run Behavior\ReadHtmlCacheBehavior [ RunTime:0.001000s ]
INFO: [ app_begin ] --END-- [ RunTime:0.001000s ]
NOTIC: [8] Use of undefined constant title - assumed 'title' D:\xampp\htdocs\Educational_Administration_System\back_end\Application\Home\Controller\LoginController.class.php 第 6 行.
INFO: [ view_parse ] --START--
INFO: [ template_filter ] --START--
INFO: Run Behavior\ContentReplaceBehavior [ RunTime:0.000000s ]
INFO: [ template_filter ] --END-- [ RunTime:0.000000s ]
INFO: Run Behavior\ParseTemplateBehavior [ RunTime:0.007000s ]
INFO: [ view_parse ] --END-- [ RunTime:0.007000s ]
INFO: [ view_filter ] --START--
INFO: Run Behavior\WriteHtmlCacheBehavior [ RunTime:0.001000s ]
INFO: [ view_filter ] --END-- [ RunTime:0.001000s ]
INFO: [ app_end ] --START--
INFO: Run Behavior\ShowPageTraceBehavior [ RunTime:0.001000s ]
INFO: [ app_end ] --END-- [ RunTime:0.001000s ]

[ 2016-06-09T22:10:14+08:00 ] ::1 /Educational_Administration_System/back_end/index.php/Home/Login/login
INFO: [ app_init ] --START--
INFO: Run Behavior\BuildLiteBehavior [ RunTime:0.000000s ]
INFO: [ app_init ] --END-- [ RunTime:0.000000s ]
INFO: [ app_begin ] --START--
INFO: Run Behavior\ReadHtmlCacheBehavior [ RunTime:0.000000s ]
INFO: [ app_begin ] --END-- [ RunTime:0.000000s ]
ERR: SQLSTATE[HY000] [1049] Unknown database 'back-stage_management'

[ 2016-06-09T22:10:43+08:00 ] ::1 /Educational_Administration_System/back_end/index.php/Home/Login/login
INFO: [ app_init ] --START--
INFO: Run Behavior\BuildLiteBehavior [ RunTime:0.000000s ]
INFO: [ app_init ] --END-- [ RunTime:0.001000s ]
INFO: [ app_begin ] --START--
INFO: Run Behavior\ReadHtmlCacheBehavior [ RunTime:0.001000s ]
INFO: [ app_begin ] --END-- [ RunTime:0.001000s ]
ERR: 1146:Table 'management.administrator' doesn't exist
 [ SQL语句 ] : SHOW COLUMNS FROM `administrator`
ERR: 1146:Table 'management.administrator' doesn't exist
 [ SQL语句 ] : SHOW COLUMNS FROM `administrator`

[ 2016-06-09T22:14:09+08:00 ] ::1 /Educational_Administration_System/back_end/index.php/Home/Login/login
INFO: [ app_init ] --START--
INFO: Run Behavior\BuildLiteBehavior [ RunTime:0.000000s ]
INFO: [ app_init ] --END-- [ RunTime:0.001000s ]
INFO: [ app_begin ] --START--
INFO: Run Behavior\ReadHtmlCacheBehavior [ RunTime:0.001000s ]
INFO: [ app_begin ] --END-- [ RunTime:0.001000s ]
ERR: 1146:Table 'management.administrator' doesn't exist
 [ SQL语句 ] : SHOW COLUMNS FROM `administrator`
ERR: 1146:Table 'management.administrator' doesn't exist
 [ SQL语句 ] : SHOW COLUMNS FROM `administrator`

[ 2016-06-09T22:14:21+08:00 ] ::1 /Educational_Administration_System/back_end/index.php
INFO: [ app_init ] --START--
INFO: Run Behavior\BuildLiteBehavior [ RunTime:0.000000s ]
INFO: [ app_init ] --END-- [ RunTime:0.001000s ]
INFO: [ app_begin ] --START--
INFO: Run Behavior\ReadHtmlCacheBehavior [ RunTime:0.000000s ]
INFO: [ app_begin ] --END-- [ RunTime:0.000000s ]
NOTIC: [8] Use of undefined constant username - assumed 'username' D:\xampp\htdocs\Educational_Administration_System\back_end\Application\Home\Controller\IndexController.class.php 第 6 行.

[ 2016-06-09T22:14:21+08:00 ] ::1 /Educational_Administration_System/back_end/index.php/Home/Login/index.html
INFO: [ app_init ] --START--
INFO: Run Behavior\BuildLiteBehavior [ RunTime:0.000000s ]
INFO: [ app_init ] --END-- [ RunTime:0.001000s ]
INFO: [ app_begin ] --START--
INFO: Run Behavior\ReadHtmlCacheBehavior [ RunTime:0.000000s ]
INFO: [ app_begin ] --END-- [ RunTime:0.000000s ]
NOTIC: [8] Use of undefined constant title - assumed 'title' D:\xampp\htdocs\Educational_Administration_System\back_end\Application\Home\Controller\LoginController.class.php 第 6 行.
INFO: [ view_parse ] --START--
INFO: [ template_filter ] --START--
INFO: Run Behavior\ContentReplaceBehavior [ RunTime:0.000000s ]
INFO: [ template_filter ] --END-- [ RunTime:0.000000s ]
INFO: Run Behavior\ParseTemplateBehavior [ RunTime:0.006000s ]
INFO: [ view_parse ] --END-- [ RunTime:0.006000s ]
INFO: [ view_filter ] --START--
INFO: Run Behavior\WriteHtmlCacheBehavior [ RunTime:0.001000s ]
INFO: [ view_filter ] --END-- [ RunTime:0.001000s ]
INFO: [ app_end ] --START--
INFO: Run Behavior\ShowPageTraceBehavior [ RunTime:0.001000s ]
INFO: [ app_end ] --END-- [ RunTime:0.001000s ]

[ 2016-06-09T22:14:23+08:00 ] ::1 /Educational_Administration_System/back_end/index.php/Home/Login/login
INFO: [ app_init ] --START--
INFO: Run Behavior\BuildLiteBehavior [ RunTime:0.000000s ]
INFO: [ app_init ] --END-- [ RunTime:0.000000s ]
INFO: [ app_begin ] --START--
INFO: Run Behavior\ReadHtmlCacheBehavior [ RunTime:0.000000s ]
INFO: [ app_begin ] --END-- [ RunTime:0.000000s ]
ERR: 1146:Table 'management.administrator' doesn't exist
 [ SQL语句 ] : SHOW COLUMNS FROM `administrator`
ERR: 1146:Table 'management.administrator' doesn't exist
 [ SQL语句 ] : SHOW COLUMNS FROM `administrator`

[ 2016-06-09T22:16:56+08:00 ] ::1 /Educational_Administration_System/back_end/index.php/Home/Login/login
INFO: [ app_init ] --START--
INFO: Run Behavior\BuildLiteBehavior [ RunTime:0.000000s ]
INFO: [ app_init ] --END-- [ RunTime:0.001000s ]
INFO: [ app_begin ] --START--
INFO: Run Behavior\ReadHtmlCacheBehavior [ RunTime:0.001000s ]
INFO: [ app_begin ] --END-- [ RunTime:0.001000s ]
ERR: 1146:Table 'management.administrator' doesn't exist
 [ SQL语句 ] : SHOW COLUMNS FROM `administrator`
ERR: 1146:Table 'management.administrator' doesn't exist
 [ SQL语句 ] : SHOW COLUMNS FROM `administrator`

[ 2016-06-09T22:17:00+08:00 ] ::1 /Educational_Administration_System/back_end/index.php/Home/Login/login
INFO: [ app_init ] --START--
INFO: Run Behavior\BuildLiteBehavior [ RunTime:0.000000s ]
INFO: [ app_init ] --END-- [ RunTime:0.000000s ]
INFO: [ app_begin ] --START--
INFO: Run Behavior\ReadHtmlCacheBehavior [ RunTime:0.001000s ]
INFO: [ app_begin ] --END-- [ RunTime:0.001000s ]
ERR: 1146:Table 'management.administrator' doesn't exist
 [ SQL语句 ] : SHOW COLUMNS FROM `administrator`
ERR: 1146:Table 'management.administrator' doesn't exist
 [ SQL语句 ] : SHOW COLUMNS FROM `administrator`

[ 2016-06-09T22:17:42+08:00 ] ::1 /Educational_Administration_System/back_end/index.php
INFO: [ app_init ] --START--
INFO: Run Behavior\BuildLiteBehavior [ RunTime:0.000000s ]
INFO: [ app_init ] --END-- [ RunTime:0.000000s ]
INFO: [ app_begin ] --START--
INFO: Run Behavior\ReadHtmlCacheBehavior [ RunTime:0.001000s ]
INFO: [ app_begin ] --END-- [ RunTime:0.001000s ]
NOTIC: [8] Use of undefined constant username - assumed 'username' D:\xampp\htdocs\Educational_Administration_System\back_end\Application\Home\Controller\IndexController.class.php 第 6 行.

[ 2016-06-09T22:17:42+08:00 ] ::1 /Educational_Administration_System/back_end/index.php/Home/Login/index.html
INFO: [ app_init ] --START--
INFO: Run Behavior\BuildLiteBehavior [ RunTime:0.000000s ]
INFO: [ app_init ] --END-- [ RunTime:0.000000s ]
INFO: [ app_begin ] --START--
INFO: Run Behavior\ReadHtmlCacheBehavior [ RunTime:0.001001s ]
INFO: [ app_begin ] --END-- [ RunTime:0.001001s ]
NOTIC: [8] Use of undefined constant title - assumed 'title' D:\xampp\htdocs\Educational_Administration_System\back_end\Application\Home\Controller\LoginController.class.php 第 6 行.
INFO: [ view_parse ] --START--
INFO: [ template_filter ] --START--
INFO: Run Behavior\ContentReplaceBehavior [ RunTime:0.001000s ]
INFO: [ template_filter ] --END-- [ RunTime:0.001000s ]
INFO: Run Behavior\ParseTemplateBehavior [ RunTime:0.006000s ]
INFO: [ view_parse ] --END-- [ RunTime:0.006000s ]
INFO: [ view_filter ] --START--
INFO: Run Behavior\WriteHtmlCacheBehavior [ RunTime:0.001000s ]
INFO: [ view_filter ] --END-- [ RunTime:0.001000s ]
INFO: [ app_end ] --START--
INFO: Run Behavior\ShowPageTraceBehavior [ RunTime:0.000000s ]
INFO: [ app_end ] --END-- [ RunTime:0.000000s ]

[ 2016-06-09T22:17:53+08:00 ] ::1 /Educational_Administration_System/back_end/index.php/Home/Login/login
INFO: [ app_init ] --START--
INFO: Run Behavior\BuildLiteBehavior [ RunTime:0.000000s ]
INFO: [ app_init ] --END-- [ RunTime:0.001000s ]
INFO: [ app_begin ] --START--
INFO: Run Behavior\ReadHtmlCacheBehavior [ RunTime:0.001000s ]
INFO: [ app_begin ] --END-- [ RunTime:0.001000s ]
ERR: 1146:Table 'management.administrator' doesn't exist
 [ SQL语句 ] : SHOW COLUMNS FROM `administrator`
ERR: 1146:Table 'management.administrator' doesn't exist
 [ SQL语句 ] : SHOW COLUMNS FROM `administrator`

[ 2016-06-09T22:20:20+08:00 ] ::1 /Educational_Administration_System/back_end/index.php/Home/Login/login
INFO: [ app_init ] --START--
INFO: Run Behavior\BuildLiteBehavior [ RunTime:0.000000s ]
INFO: [ app_init ] --END-- [ RunTime:0.001000s ]
INFO: [ app_begin ] --START--
INFO: Run Behavior\ReadHtmlCacheBehavior [ RunTime:0.001000s ]
INFO: [ app_begin ] --END-- [ RunTime:0.001000s ]
SQL: SHOW COLUMNS FROM `adminstrator` [ RunTime:0.0030s ]
SQL: SELECT * FROM `adminstrator` WHERE ( ID = '2013014118' AND Password = '123456' ) LIMIT 1   [ RunTime:0.0000s ]
NOTIC: [8] Use of undefined constant username - assumed 'username' D:\xampp\htdocs\Educational_Administration_System\back_end\Application\Home\Controller\LoginController.class.php 第 19 行.
SQL: SELECT `Permission` FROM `adminstrator` WHERE ( Id = '2013014118' )  [ RunTime:0.0010s ]
NOTIC: [8] Use of undefined constant userpermission - assumed 'userpermission' D:\xampp\htdocs\Educational_Administration_System\back_end\Application\Home\Controller\LoginController.class.php 第 21 行.
SQL: SHOW COLUMNS FROM `log` [ RunTime:0.0020s ]
SQL: SHOW COLUMNS FROM `logtype` [ RunTime:0.0030s ]
SQL: INSERT INTO `log` (`UserId`,`Time`,`Type`) VALUES ('2013014118','16-06-09-22-20-20','0') [ RunTime:0.0070s ]
NOTIC: [8] Object of class Think\Model could not be converted to int D:\xampp\htdocs\Educational_Administration_System\back_end\Application\Home\Controller\LoginController.class.php 第 46 行.

[ 2016-06-09T22:20:20+08:00 ] ::1 /Educational_Administration_System/back_end/index.php/Home/Index/index.html
INFO: [ app_init ] --START--
INFO: Run Behavior\BuildLiteBehavior [ RunTime:0.000000s ]
INFO: [ app_init ] --END-- [ RunTime:0.001000s ]
INFO: [ app_begin ] --START--
INFO: Run Behavior\ReadHtmlCacheBehavior [ RunTime:0.001000s ]
INFO: [ app_begin ] --END-- [ RunTime:0.001000s ]
NOTIC: [8] Use of undefined constant username - assumed 'username' D:\xampp\htdocs\Educational_Administration_System\back_end\Application\Home\Controller\IndexController.class.php 第 6 行.
SQL: SHOW COLUMNS FROM `adminstrator` [ RunTime:0.0020s ]
NOTIC: [8] Undefined index: manageid D:\xampp\htdocs\Educational_Administration_System\back_end\Application\Home\Controller\IndexController.class.php 第 10 行.
NOTIC: [8] Use of undefined constant administratorid - assumed 'administratorid' D:\xampp\htdocs\Educational_Administration_System\back_end\Application\Home\Controller\IndexController.class.php 第 27 行.
SQL: SELECT COUNT(*) AS tp_count FROM `adminstrator` LIMIT 1   [ RunTime:0.0000s ]
SQL: SELECT `Id`,`Password` FROM `adminstrator` ORDER BY id LIMIT 0,8   [ RunTime:0.0010s ]
INFO: [ view_parse ] --START--
INFO: [ template_filter ] --START--
INFO: Run Behavior\ContentReplaceBehavior [ RunTime:0.000000s ]
INFO: [ template_filter ] --END-- [ RunTime:0.000000s ]
INFO: Run Behavior\ParseTemplateBehavior [ RunTime:0.008000s ]
INFO: [ view_parse ] --END-- [ RunTime:0.008000s ]
INFO: [ view_filter ] --START--
INFO: Run Behavior\WriteHtmlCacheBehavior [ RunTime:0.001000s ]
INFO: [ view_filter ] --END-- [ RunTime:0.001000s ]
INFO: [ app_end ] --START--
INFO: Run Behavior\ShowPageTraceBehavior [ RunTime:0.000000s ]
INFO: [ app_end ] --END-- [ RunTime:0.000000s ]

[ 2016-06-09T22:20:20+08:00 ] ::1 /Educational_Administration_System/back_end/index.php/Home/Index/main
INFO: [ app_init ] --START--
INFO: Run Behavior\BuildLiteBehavior [ RunTime:0.000000s ]
INFO: [ app_init ] --END-- [ RunTime:0.001000s ]
INFO: [ app_begin ] --START--
INFO: Run Behavior\ReadHtmlCacheBehavior [ RunTime:0.001000s ]
INFO: [ app_begin ] --END-- [ RunTime:0.002000s ]
NOTIC: [8] Use of undefined constant hahaha - assumed 'hahaha' D:\xampp\htdocs\Educational_Administration_System\back_end\Application\Home\Controller\IndexController.class.php 第 77 行.
INFO: [ view_parse ] --START--
INFO: [ template_filter ] --START--
INFO: Run Behavior\ContentReplaceBehavior [ RunTime:0.000000s ]
INFO: [ template_filter ] --END-- [ RunTime:0.001000s ]
INFO: Run Behavior\ParseTemplateBehavior [ RunTime:0.013000s ]
INFO: [ view_parse ] --END-- [ RunTime:0.013000s ]
INFO: [ view_filter ] --START--
INFO: Run Behavior\WriteHtmlCacheBehavior [ RunTime:0.001000s ]
INFO: [ view_filter ] --END-- [ RunTime:0.001000s ]
INFO: [ app_end ] --START--
INFO: Run Behavior\ShowPageTraceBehavior [ RunTime:0.001000s ]
INFO: [ app_end ] --END-- [ RunTime:0.001000s ]

[ 2016-06-09T22:20:20+08:00 ] ::1 /Educational_Administration_System/back_end/index.php/Home/Index/__PUBLIC_/css/main.css
INFO: [ app_init ] --START--
INFO: Run Behavior\BuildLiteBehavior [ RunTime:0.000000s ]
INFO: [ app_init ] --END-- [ RunTime:0.001000s ]
INFO: [ app_begin ] --START--
INFO: Run Behavior\ReadHtmlCacheBehavior [ RunTime:0.000000s ]
INFO: [ app_begin ] --END-- [ RunTime:0.000000s ]
ERR: 非法操作:__PUBLIC_

[ 2016-06-09T22:20:22+08:00 ] ::1 /Educational_Administration_System/back_end/index.php/Home/Index/quit
INFO: [ app_init ] --START--
INFO: Run Behavior\BuildLiteBehavior [ RunTime:0.000000s ]
INFO: [ app_init ] --END-- [ RunTime:0.000000s ]
INFO: [ app_begin ] --START--
INFO: Run Behavior\ReadHtmlCacheBehavior [ RunTime:0.001000s ]
INFO: [ app_begin ] --END-- [ RunTime:0.001000s ]
NOTIC: [8] Use of undefined constant username - assumed 'username' D:\xampp\htdocs\Educational_Administration_System\back_end\Application\Home\Controller\IndexController.class.php 第 65 行.
SQL: SHOW COLUMNS FROM `log` [ RunTime:0.0030s ]
SQL: SHOW COLUMNS FROM `logtype` [ RunTime:0.0040s ]
SQL: INSERT INTO `log` (`UserId`,`Time`,`Type`) VALUES ('2013014118','16-06-09-22-20-22','1') [ RunTime:0.0050s ]
NOTIC: [8] Object of class Think\Model could not be converted to int D:\xampp\htdocs\Educational_Administration_System\back_end\Application\Home\Controller\IndexController.class.php 第 90 行.

[ 2016-06-09T22:20:22+08:00 ] ::1 /Educational_Administration_System/back_end/index.php/Home/Login/index.html
INFO: [ app_init ] --START--
INFO: Run Behavior\BuildLiteBehavior [ RunTime:0.000000s ]
INFO: [ app_init ] --END-- [ RunTime:0.001000s ]
INFO: [ app_begin ] --START--
INFO: Run Behavior\ReadHtmlCacheBehavior [ RunTime:0.000000s ]
INFO: [ app_begin ] --END-- [ RunTime:0.000000s ]
NOTIC: [8] Use of undefined constant title - assumed 'title' D:\xampp\htdocs\Educational_Administration_System\back_end\Application\Home\Controller\LoginController.class.php 第 6 行.
INFO: [ view_parse ] --START--
INFO: [ template_filter ] --START--
INFO: Run Behavior\ContentReplaceBehavior [ RunTime:0.000000s ]
INFO: [ template_filter ] --END-- [ RunTime:0.000000s ]
INFO: Run Behavior\ParseTemplateBehavior [ RunTime:0.006001s ]
INFO: [ view_parse ] --END-- [ RunTime:0.006001s ]
INFO: [ view_filter ] --START--
INFO: Run Behavior\WriteHtmlCacheBehavior [ RunTime:0.001000s ]
INFO: [ view_filter ] --END-- [ RunTime:0.001000s ]
INFO: [ app_end ] --START--
INFO: Run Behavior\ShowPageTraceBehavior [ RunTime:0.000000s ]
INFO: [ app_end ] --END-- [ RunTime:0.000000s ]

[ 2016-06-09T22:20:24+08:00 ] ::1 /Educational_Administration_System/back_end/index.php/Home/Login/login
INFO: [ app_init ] --START--
INFO: Run Behavior\BuildLiteBehavior [ RunTime:0.000000s ]
INFO: [ app_init ] --END-- [ RunTime:0.000000s ]
INFO: [ app_begin ] --START--
INFO: Run Behavior\ReadHtmlCacheBehavior [ RunTime:0.001000s ]
INFO: [ app_begin ] --END-- [ RunTime:0.001000s ]
SQL: SHOW COLUMNS FROM `adminstrator` [ RunTime:0.0030s ]
SQL: SELECT * FROM `adminstrator` WHERE ( ID = '2013014135' AND Password = '123456' ) LIMIT 1   [ RunTime:0.0010s ]
NOTIC: [8] Use of undefined constant username - assumed 'username' D:\xampp\htdocs\Educational_Administration_System\back_end\Application\Home\Controller\LoginController.class.php 第 19 行.
SQL: SELECT `Permission` FROM `adminstrator` WHERE ( Id = '2013014135' )  [ RunTime:0.0000s ]
NOTIC: [8] Use of undefined constant userpermission - assumed 'userpermission' D:\xampp\htdocs\Educational_Administration_System\back_end\Application\Home\Controller\LoginController.class.php 第 21 行.
SQL: SHOW COLUMNS FROM `log` [ RunTime:0.0020s ]
SQL: SHOW COLUMNS FROM `logtype` [ RunTime:0.0020s ]
SQL: INSERT INTO `log` (`UserId`,`Time`,`Type`) VALUES ('2013014135','16-06-09-22-20-24','0') [ RunTime:0.0010s ]
NOTIC: [8] Object of class Think\Model could not be converted to int D:\xampp\htdocs\Educational_Administration_System\back_end\Application\Home\Controller\LoginController.class.php 第 46 行.

[ 2016-06-09T22:20:24+08:00 ] ::1 /Educational_Administration_System/back_end/index.php/Home/Index/index.html
INFO: [ app_init ] --START--
INFO: Run Behavior\BuildLiteBehavior [ RunTime:0.001000s ]
INFO: [ app_init ] --END-- [ RunTime:0.001000s ]
INFO: [ app_begin ] --START--
INFO: Run Behavior\ReadHtmlCacheBehavior [ RunTime:0.001000s ]
INFO: [ app_begin ] --END-- [ RunTime:0.001000s ]
NOTIC: [8] Use of undefined constant username - assumed 'username' D:\xampp\htdocs\Educational_Administration_System\back_end\Application\Home\Controller\IndexController.class.php 第 6 行.
SQL: SHOW COLUMNS FROM `adminstrator` [ RunTime:0.0020s ]
NOTIC: [8] Undefined index: manageid D:\xampp\htdocs\Educational_Administration_System\back_end\Application\Home\Controller\IndexController.class.php 第 10 行.
NOTIC: [8] Use of undefined constant administratorid - assumed 'administratorid' D:\xampp\htdocs\Educational_Administration_System\back_end\Application\Home\Controller\IndexController.class.php 第 27 行.
SQL: SELECT COUNT(*) AS tp_count FROM `adminstrator` LIMIT 1   [ RunTime:0.0010s ]
SQL: SELECT `Id`,`Password` FROM `adminstrator` ORDER BY id LIMIT 0,8   [ RunTime:0.0000s ]
INFO: [ view_parse ] --START--
INFO: [ template_filter ] --START--
INFO: Run Behavior\ContentReplaceBehavior [ RunTime:0.000000s ]
INFO: [ template_filter ] --END-- [ RunTime:0.000000s ]
INFO: Run Behavior\ParseTemplateBehavior [ RunTime:0.007001s ]
INFO: [ view_parse ] --END-- [ RunTime:0.007001s ]
INFO: [ view_filter ] --START--
INFO: Run Behavior\WriteHtmlCacheBehavior [ RunTime:0.001000s ]
INFO: [ view_filter ] --END-- [ RunTime:0.001000s ]
INFO: [ app_end ] --START--
INFO: Run Behavior\ShowPageTraceBehavior [ RunTime:0.000000s ]
INFO: [ app_end ] --END-- [ RunTime:0.000000s ]

[ 2016-06-09T22:20:24+08:00 ] ::1 /Educational_Administration_System/back_end/index.php/Home/Index/main
INFO: [ app_init ] --START--
INFO: Run Behavior\BuildLiteBehavior [ RunTime:0.000000s ]
INFO: [ app_init ] --END-- [ RunTime:0.001000s ]
INFO: [ app_begin ] --START--
INFO: Run Behavior\ReadHtmlCacheBehavior [ RunTime:0.001000s ]
INFO: [ app_begin ] --END-- [ RunTime:0.001000s ]
NOTIC: [8] Use of undefined constant hahaha - assumed 'hahaha' D:\xampp\htdocs\Educational_Administration_System\back_end\Application\Home\Controller\IndexController.class.php 第 77 行.
INFO: [ view_parse ] --START--
INFO: [ template_filter ] --START--
INFO: Run Behavior\ContentReplaceBehavior [ RunTime:0.000000s ]
INFO: [ template_filter ] --END-- [ RunTime:0.000000s ]
INFO: Run Behavior\ParseTemplateBehavior [ RunTime:0.006001s ]
INFO: [ view_parse ] --END-- [ RunTime:0.006001s ]
INFO: [ view_filter ] --START--
INFO: Run Behavior\WriteHtmlCacheBehavior [ RunTime:0.001000s ]
INFO: [ view_filter ] --END-- [ RunTime:0.001000s ]
INFO: [ app_end ] --START--
INFO: Run Behavior\ShowPageTraceBehavior [ RunTime:0.000000s ]
INFO: [ app_end ] --END-- [ RunTime:0.001000s ]

[ 2016-06-09T22:20:24+08:00 ] ::1 /Educational_Administration_System/back_end/index.php/Home/Index/__PUBLIC_/css/main.css
INFO: [ app_init ] --START--
INFO: Run Behavior\BuildLiteBehavior [ RunTime:0.000000s ]
INFO: [ app_init ] --END-- [ RunTime:0.000000s ]
INFO: [ app_begin ] --START--
INFO: Run Behavior\ReadHtmlCacheBehavior [ RunTime:0.001000s ]
INFO: [ app_begin ] --END-- [ RunTime:0.001000s ]
ERR: 非法操作:__PUBLIC_

[ 2016-06-09T22:20:26+08:00 ] ::1 /Educational_Administration_System/back_end/index.php/Home/Tecmanage
INFO: [ app_init ] --START--
INFO: Run Behavior\BuildLiteBehavior [ RunTime:0.000000s ]
INFO: [ app_init ] --END-- [ RunTime:0.001000s ]
INFO: [ app_begin ] --START--
INFO: Run Behavior\ReadHtmlCacheBehavior [ RunTime:0.001000s ]
INFO: [ app_begin ] --END-- [ RunTime:0.001000s ]
INFO: [ view_parse ] --START--
INFO: [ template_filter ] --START--
INFO: Run Behavior\ContentReplaceBehavior [ RunTime:0.000000s ]
INFO: [ template_filter ] --END-- [ RunTime:0.000000s ]
INFO: Run Behavior\ParseTemplateBehavior [ RunTime:0.007000s ]
INFO: [ view_parse ] --END-- [ RunTime:0.007000s ]
INFO: [ view_filter ] --START--
INFO: Run Behavior\WriteHtmlCacheBehavior [ RunTime:0.001000s ]
INFO: [ view_filter ] --END-- [ RunTime:0.001000s ]
INFO: [ app_end ] --START--
INFO: Run Behavior\ShowPageTraceBehavior [ RunTime:0.001000s ]
INFO: [ app_end ] --END-- [ RunTime:0.001000s ]

[ 2016-06-09T22:20:27+08:00 ] ::1 /Educational_Administration_System/back_end/index.php/Home/Tecmanage/main
INFO: [ app_init ] --START--
INFO: Run Behavior\BuildLiteBehavior [ RunTime:0.000000s ]
INFO: [ app_init ] --END-- [ RunTime:0.000000s ]
INFO: [ app_begin ] --START--
INFO: Run Behavior\ReadHtmlCacheBehavior [ RunTime:0.001000s ]
INFO: [ app_begin ] --END-- [ RunTime:0.001000s ]
SQL: SHOW COLUMNS FROM `teacher` [ RunTime:0.0030s ]
SQL: SELECT COUNT(*) AS tp_count FROM `teacher` LIMIT 1   [ RunTime:0.0000s ]
SQL: SELECT `Id`,`Name`,`Sex`,`Password`,`Academy`,`Speciality`,`Dates_Enrollment`,`Phone`,`Identification_Card`,`Nation`,`BirthPlace`,`BirthDay`,`EMail` FROM `teacher` LIMIT 0,8   [ RunTime:0.0010s ]
INFO: [ view_parse ] --START--
INFO: [ template_filter ] --START--
INFO: Run Behavior\ContentReplaceBehavior [ RunTime:0.000000s ]
INFO: [ template_filter ] --END-- [ RunTime:0.001000s ]
NOTIC: [8] Undefined index: title D:\xampp\htdocs\Educational_Administration_System\back_end\Application\Runtime\Cache\Home\e73c75b2159226463942dd3411fb6012.php 第 66 行.
NOTIC: [8] Undefined index: title D:\xampp\htdocs\Educational_Administration_System\back_end\Application\Runtime\Cache\Home\e73c75b2159226463942dd3411fb6012.php 第 66 行.
NOTIC: [8] Undefined index: title D:\xampp\htdocs\Educational_Administration_System\back_end\Application\Runtime\Cache\Home\e73c75b2159226463942dd3411fb6012.php 第 66 行.
NOTIC: [8] Undefined index: title D:\xampp\htdocs\Educational_Administration_System\back_end\Application\Runtime\Cache\Home\e73c75b2159226463942dd3411fb6012.php 第 66 行.
NOTIC: [8] Undefined index: title D:\xampp\htdocs\Educational_Administration_System\back_end\Application\Runtime\Cache\Home\e73c75b2159226463942dd3411fb6012.php 第 66 行.
NOTIC: [8] Undefined index: title D:\xampp\htdocs\Educational_Administration_System\back_end\Application\Runtime\Cache\Home\e73c75b2159226463942dd3411fb6012.php 第 66 行.
NOTIC: [8] Undefined index: title D:\xampp\htdocs\Educational_Administration_System\back_end\Application\Runtime\Cache\Home\e73c75b2159226463942dd3411fb6012.php 第 66 行.
NOTIC: [8] Undefined index: title D:\xampp\htdocs\Educational_Administration_System\back_end\Application\Runtime\Cache\Home\e73c75b2159226463942dd3411fb6012.php 第 66 行.
INFO: Run Behavior\ParseTemplateBehavior [ RunTime:0.014001s ]
INFO: [ view_parse ] --END-- [ RunTime:0.014001s ]
INFO: [ view_filter ] --START--
INFO: Run Behavior\WriteHtmlCacheBehavior [ RunTime:0.000000s ]
INFO: [ view_filter ] --END-- [ RunTime:0.000000s ]
INFO: [ app_end ] --START--
INFO: Run Behavior\ShowPageTraceBehavior [ RunTime:0.001000s ]
INFO: [ app_end ] --END-- [ RunTime:0.001000s ]

[ 2016-06-09T22:20:27+08:00 ] ::1 /Educational_Administration_System/back_end/index.php/Home/Tecmanage/__PUBLIC_/css/main.css
INFO: [ app_init ] --START--
INFO: Run Behavior\BuildLiteBehavior [ RunTime:0.000000s ]
INFO: [ app_init ] --END-- [ RunTime:0.000000s ]
INFO: [ app_begin ] --START--
INFO: Run Behavior\ReadHtmlCacheBehavior [ RunTime:0.001001s ]
INFO: [ app_begin ] --END-- [ RunTime:0.001001s ]
ERR: 非法操作:__PUBLIC_

[ 2016-06-09T22:20:29+08:00 ] ::1 /Educational_Administration_System/back_end/index.php/Home/Stumanage
INFO: [ app_init ] --START--
INFO: Run Behavior\BuildLiteBehavior [ RunTime:0.000000s ]
INFO: [ app_init ] --END-- [ RunTime:0.001000s ]
INFO: [ app_begin ] --START--
INFO: Run Behavior\ReadHtmlCacheBehavior [ RunTime:0.000000s ]
INFO: [ app_begin ] --END-- [ RunTime:0.001000s ]
INFO: [ view_parse ] --START--
INFO: [ template_filter ] --START--
INFO: Run Behavior\ContentReplaceBehavior [ RunTime:0.000000s ]
INFO: [ template_filter ] --END-- [ RunTime:0.000000s ]
INFO: Run Behavior\ParseTemplateBehavior [ RunTime:0.007000s ]
INFO: [ view_parse ] --END-- [ RunTime:0.007000s ]
INFO: [ view_filter ] --START--
INFO: Run Behavior\WriteHtmlCacheBehavior [ RunTime:0.000000s ]
INFO: [ view_filter ] --END-- [ RunTime:0.000000s ]
INFO: [ app_end ] --START--
INFO: Run Behavior\ShowPageTraceBehavior [ RunTime:0.000000s ]
INFO: [ app_end ] --END-- [ RunTime:0.000000s ]

[ 2016-06-09T22:20:29+08:00 ] ::1 /Educational_Administration_System/back_end/index.php/Home/Stumanage/main
INFO: [ app_init ] --START--
INFO: Run Behavior\BuildLiteBehavior [ RunTime:0.000000s ]
INFO: [ app_init ] --END-- [ RunTime:0.001000s ]
INFO: [ app_begin ] --START--
INFO: Run Behavior\ReadHtmlCacheBehavior [ RunTime:0.001000s ]
INFO: [ app_begin ] --END-- [ RunTime:0.001000s ]
SQL: SHOW COLUMNS FROM `student` [ RunTime:0.0030s ]
SQL: SELECT COUNT(*) AS tp_count FROM `student` LIMIT 1   [ RunTime:0.0010s ]
SQL: SELECT `Id`,`Name`,`Sex`,`Academy`,`speciality` FROM `student` LIMIT 0,8   [ RunTime:0.0010s ]
INFO: [ view_parse ] --START--
INFO: [ template_filter ] --START--
INFO: Run Behavior\ContentReplaceBehavior [ RunTime:0.001000s ]
INFO: [ template_filter ] --END-- [ RunTime:0.001000s ]
INFO: Run Behavior\ParseTemplateBehavior [ RunTime:0.009001s ]
INFO: [ view_parse ] --END-- [ RunTime:0.009001s ]
INFO: [ view_filter ] --START--
INFO: Run Behavior\WriteHtmlCacheBehavior [ RunTime:0.001000s ]
INFO: [ view_filter ] --END-- [ RunTime:0.001000s ]
INFO: [ app_end ] --START--
INFO: Run Behavior\ShowPageTraceBehavior [ RunTime:0.001000s ]
INFO: [ app_end ] --END-- [ RunTime:0.001000s ]

[ 2016-06-09T22:20:29+08:00 ] ::1 /Educational_Administration_System/back_end/index.php/Home/Stumanage/__PUBLIC_/css/main.css
INFO: [ app_init ] --START--
INFO: Run Behavior\BuildLiteBehavior [ RunTime:0.000000s ]
INFO: [ app_init ] --END-- [ RunTime:0.001000s ]
INFO: [ app_begin ] --START--
INFO: Run Behavior\ReadHtmlCacheBehavior [ RunTime:0.000000s ]
INFO: [ app_begin ] --END-- [ RunTime:0.000000s ]
ERR: 非法操作:__PUBLIC_

[ 2016-06-09T22:20:33+08:00 ] ::1 /Educational_Administration_System/back_end/index.php/Home/Currmanage
INFO: [ app_init ] --START--
INFO: Run Behavior\BuildLiteBehavior [ RunTime:0.000000s ]
INFO: [ app_init ] --END-- [ RunTime:0.001000s ]
INFO: [ app_begin ] --START--
INFO: Run Behavior\ReadHtmlCacheBehavior [ RunTime:0.000000s ]
INFO: [ app_begin ] --END-- [ RunTime:0.001000s ]
INFO: [ view_parse ] --START--
INFO: [ template_filter ] --START--
INFO: Run Behavior\ContentReplaceBehavior [ RunTime:0.000000s ]
INFO: [ template_filter ] --END-- [ RunTime:0.000000s ]
INFO: Run Behavior\ParseTemplateBehavior [ RunTime:0.008000s ]
INFO: [ view_parse ] --END-- [ RunTime:0.008000s ]
INFO: [ view_filter ] --START--
INFO: Run Behavior\WriteHtmlCacheBehavior [ RunTime:0.001000s ]
INFO: [ view_filter ] --END-- [ RunTime:0.001000s ]
INFO: [ app_end ] --START--
INFO: Run Behavior\ShowPageTraceBehavior [ RunTime:0.001000s ]
INFO: [ app_end ] --END-- [ RunTime:0.001000s ]

[ 2016-06-09T22:20:33+08:00 ] ::1 /Educational_Administration_System/back_end/index.php/Home/Currmanage/main
INFO: [ app_init ] --START--
INFO: Run Behavior\BuildLiteBehavior [ RunTime:0.000000s ]
INFO: [ app_init ] --END-- [ RunTime:0.000000s ]
INFO: [ app_begin ] --START--
INFO: Run Behavior\ReadHtmlCacheBehavior [ RunTime:0.001000s ]
INFO: [ app_begin ] --END-- [ RunTime:0.001000s ]
SQL: SHOW COLUMNS FROM `curricula` [ RunTime:0.0030s ]
SQL: SELECT COUNT(*) AS tp_count FROM `curricula` LIMIT 1   [ RunTime:0.0000s ]
SQL: SELECT `Id`,`Name`,`Credit`,`Hours`,`Speciality_Id`,`Academy_Id`,`Type`,`Contain` FROM `curricula` LIMIT 0,8   [ RunTime:0.0010s ]
INFO: [ view_parse ] --START--
INFO: [ template_filter ] --START--
INFO: Run Behavior\ContentReplaceBehavior [ RunTime:0.000000s ]
INFO: [ template_filter ] --END-- [ RunTime:0.000000s ]
NOTIC: [8] Undefined index: title D:\xampp\htdocs\Educational_Administration_System\back_end\Application\Runtime\Cache\Home\468fe3152dffb7c0a99ab8c5b347918a.php 第 56 行.
NOTIC: [8] Undefined index: title D:\xampp\htdocs\Educational_Administration_System\back_end\Application\Runtime\Cache\Home\468fe3152dffb7c0a99ab8c5b347918a.php 第 56 行.
NOTIC: [8] Undefined index: title D:\xampp\htdocs\Educational_Administration_System\back_end\Application\Runtime\Cache\Home\468fe3152dffb7c0a99ab8c5b347918a.php 第 56 行.
NOTIC: [8] Undefined index: title D:\xampp\htdocs\Educational_Administration_System\back_end\Application\Runtime\Cache\Home\468fe3152dffb7c0a99ab8c5b347918a.php 第 56 行.
NOTIC: [8] Undefined index: title D:\xampp\htdocs\Educational_Administration_System\back_end\Application\Runtime\Cache\Home\468fe3152dffb7c0a99ab8c5b347918a.php 第 56 行.
NOTIC: [8] Undefined index: title D:\xampp\htdocs\Educational_Administration_System\back_end\Application\Runtime\Cache\Home\468fe3152dffb7c0a99ab8c5b347918a.php 第 56 行.
NOTIC: [8] Undefined index: title D:\xampp\htdocs\Educational_Administration_System\back_end\Application\Runtime\Cache\Home\468fe3152dffb7c0a99ab8c5b347918a.php 第 56 行.
NOTIC: [8] Undefined index: title D:\xampp\htdocs\Educational_Administration_System\back_end\Application\Runtime\Cache\Home\468fe3152dffb7c0a99ab8c5b347918a.php 第 56 行.
INFO: Run Behavior\ParseTemplateBehavior [ RunTime:0.009000s ]
INFO: [ view_parse ] --END-- [ RunTime:0.009000s ]
INFO: [ view_filter ] --START--
INFO: Run Behavior\WriteHtmlCacheBehavior [ RunTime:0.000000s ]
INFO: [ view_filter ] --END-- [ RunTime:0.001000s ]
INFO: [ app_end ] --START--
INFO: Run Behavior\ShowPageTraceBehavior [ RunTime:0.001000s ]
INFO: [ app_end ] --END-- [ RunTime:0.001000s ]

[ 2016-06-09T22:20:33+08:00 ] ::1 /Educational_Administration_System/back_end/index.php/Home/Currmanage/__PUBLIC_/css/main.css
INFO: [ app_init ] --START--
INFO: Run Behavior\BuildLiteBehavior [ RunTime:0.000000s ]
INFO: [ app_init ] --END-- [ RunTime:0.001000s ]
INFO: [ app_begin ] --START--
INFO: Run Behavior\ReadHtmlCacheBehavior [ RunTime:0.001000s ]
INFO: [ app_begin ] --END-- [ RunTime:0.001000s ]
ERR: 非法操作:__PUBLIC_

[ 2016-06-09T22:20:35+08:00 ] ::1 /Educational_Administration_System/back_end/index.php/Home/Clamanage
INFO: [ app_init ] --START--
INFO: Run Behavior\BuildLiteBehavior [ RunTime:0.000000s ]
INFO: [ app_init ] --END-- [ RunTime:0.001000s ]
INFO: [ app_begin ] --START--
INFO: Run Behavior\ReadHtmlCacheBehavior [ RunTime:0.001000s ]
INFO: [ app_begin ] --END-- [ RunTime:0.001000s ]
INFO: [ view_parse ] --START--
INFO: [ template_filter ] --START--
INFO: Run Behavior\ContentReplaceBehavior [ RunTime:0.000000s ]
INFO: [ template_filter ] --END-- [ RunTime:0.000000s ]
INFO: Run Behavior\ParseTemplateBehavior [ RunTime:0.006001s ]
INFO: [ view_parse ] --END-- [ RunTime:0.006001s ]
INFO: [ view_filter ] --START--
INFO: Run Behavior\WriteHtmlCacheBehavior [ RunTime:0.001000s ]
INFO: [ view_filter ] --END-- [ RunTime:0.001000s ]
INFO: [ app_end ] --START--
INFO: Run Behavior\ShowPageTraceBehavior [ RunTime:0.001000s ]
INFO: [ app_end ] --END-- [ RunTime:0.001000s ]

[ 2016-06-09T22:20:35+08:00 ] ::1 /Educational_Administration_System/back_end/index.php/Home/Clamanage/main
INFO: [ app_init ] --START--
INFO: Run Behavior\BuildLiteBehavior [ RunTime:0.000000s ]
INFO: [ app_init ] --END-- [ RunTime:0.000000s ]
INFO: [ app_begin ] --START--
INFO: Run Behavior\ReadHtmlCacheBehavior [ RunTime:0.001000s ]
INFO: [ app_begin ] --END-- [ RunTime:0.001000s ]
SQL: SHOW COLUMNS FROM `classroom` [ RunTime:0.0030s ]
SQL: SELECT COUNT(*) AS tp_count FROM `classroom` LIMIT 1   [ RunTime:0.0000s ]
SQL: SELECT classroom.Id,building.Name,classroom.Contain FROM `classroom` INNER JOIN building ON building.Id=classroom.Building_Id  ORDER BY building.Name desc LIMIT 0,24   [ RunTime:0.0010s ]
INFO: [ view_parse ] --START--
INFO: [ template_filter ] --START--
INFO: Run Behavior\ContentReplaceBehavior [ RunTime:0.000000s ]
INFO: [ template_filter ] --END-- [ RunTime:0.001001s ]
NOTIC: [8] Undefined index: building_id D:\xampp\htdocs\Educational_Administration_System\back_end\Application\Runtime\Cache\Home\3aba7dcd8460226ee071e5b00f9fbfc7.php 第 60 行.
NOTIC: [8] Undefined variable: row D:\xampp\htdocs\Educational_Administration_System\back_end\Application\Runtime\Cache\Home\3aba7dcd8460226ee071e5b00f9fbfc7.php 第 60 行.
NOTIC: [8] Undefined index: building_id D:\xampp\htdocs\Educational_Administration_System\back_end\Application\Runtime\Cache\Home\3aba7dcd8460226ee071e5b00f9fbfc7.php 第 60 行.
NOTIC: [8] Undefined variable: row D:\xampp\htdocs\Educational_Administration_System\back_end\Application\Runtime\Cache\Home\3aba7dcd8460226ee071e5b00f9fbfc7.php 第 60 行.
NOTIC: [8] Undefined index: building_id D:\xampp\htdocs\Educational_Administration_System\back_end\Application\Runtime\Cache\Home\3aba7dcd8460226ee071e5b00f9fbfc7.php 第 60 行.
NOTIC: [8] Undefined variable: row D:\xampp\htdocs\Educational_Administration_System\back_end\Application\Runtime\Cache\Home\3aba7dcd8460226ee071e5b00f9fbfc7.php 第 60 行.
NOTIC: [8] Undefined index: building_id D:\xampp\htdocs\Educational_Administration_System\back_end\Application\Runtime\Cache\Home\3aba7dcd8460226ee071e5b00f9fbfc7.php 第 60 行.
NOTIC: [8] Undefined variable: row D:\xampp\htdocs\Educational_Administration_System\back_end\Application\Runtime\Cache\Home\3aba7dcd8460226ee071e5b00f9fbfc7.php 第 60 行.
NOTIC: [8] Undefined index: building_id D:\xampp\htdocs\Educational_Administration_System\back_end\Application\Runtime\Cache\Home\3aba7dcd8460226ee071e5b00f9fbfc7.php 第 60 行.
NOTIC: [8] Undefined variable: row D:\xampp\htdocs\Educational_Administration_System\back_end\Application\Runtime\Cache\Home\3aba7dcd8460226ee071e5b00f9fbfc7.php 第 60 行.
NOTIC: [8] Undefined index: building_id D:\xampp\htdocs\Educational_Administration_System\back_end\Application\Runtime\Cache\Home\3aba7dcd8460226ee071e5b00f9fbfc7.php 第 60 行.
NOTIC: [8] Undefined variable: row D:\xampp\htdocs\Educational_Administration_System\back_end\Application\Runtime\Cache\Home\3aba7dcd8460226ee071e5b00f9fbfc7.php 第 60 行.
INFO: Run Behavior\ParseTemplateBehavior [ RunTime:0.008001s ]
INFO: [ view_parse ] --END-- [ RunTime:0.008001s ]
INFO: [ view_filter ] --START--
INFO: Run Behavior\WriteHtmlCacheBehavior [ RunTime:0.001000s ]
INFO: [ view_filter ] --END-- [ RunTime:0.001000s ]
INFO: [ app_end ] --START--
INFO: Run Behavior\ShowPageTraceBehavior [ RunTime:0.001000s ]
INFO: [ app_end ] --END-- [ RunTime:0.001000s ]

[ 2016-06-09T22:20:35+08:00 ] ::1 /Educational_Administration_System/back_end/index.php/Home/Clamanage/__PUBLIC_/css/main.css
INFO: [ app_init ] --START--
INFO: Run Behavior\BuildLiteBehavior [ RunTime:0.000000s ]
INFO: [ app_init ] --END-- [ RunTime:0.001000s ]
INFO: [ app_begin ] --START--
INFO: Run Behavior\ReadHtmlCacheBehavior [ RunTime:0.001000s ]
INFO: [ app_begin ] --END-- [ RunTime:0.001000s ]
ERR: 非法操作:__PUBLIC_

[ 2016-06-09T22:20:39+08:00 ] ::1 /Educational_Administration_System/back_end/index.php/Home/Sysmessage
INFO: [ app_init ] --START--
INFO: Run Behavior\BuildLiteBehavior [ RunTime:0.000000s ]
INFO: [ app_init ] --END-- [ RunTime:0.000000s ]
INFO: [ app_begin ] --START--
INFO: Run Behavior\ReadHtmlCacheBehavior [ RunTime:0.001000s ]
INFO: [ app_begin ] --END-- [ RunTime:0.001000s ]
INFO: [ view_parse ] --START--
INFO: [ template_filter ] --START--
INFO: Run Behavior\ContentReplaceBehavior [ RunTime:0.000000s ]
INFO: [ template_filter ] --END-- [ RunTime:0.000000s ]
INFO: Run Behavior\ParseTemplateBehavior [ RunTime:0.007001s ]
INFO: [ view_parse ] --END-- [ RunTime:0.007001s ]
INFO: [ view_filter ] --START--
INFO: Run Behavior\WriteHtmlCacheBehavior [ RunTime:0.000000s ]
INFO: [ view_filter ] --END-- [ RunTime:0.000000s ]
INFO: [ app_end ] --START--
INFO: Run Behavior\ShowPageTraceBehavior [ RunTime:0.001000s ]
INFO: [ app_end ] --END-- [ RunTime:0.001000s ]

[ 2016-06-09T22:20:40+08:00 ] ::1 /Educational_Administration_System/back_end/index.php/Home/Sysmessage/main
INFO: [ app_init ] --START--
INFO: Run Behavior\BuildLiteBehavior [ RunTime:0.000000s ]
INFO: [ app_init ] --END-- [ RunTime:0.001000s ]
INFO: [ app_begin ] --START--
INFO: Run Behavior\ReadHtmlCacheBehavior [ RunTime:0.001000s ]
INFO: [ app_begin ] --END-- [ RunTime:0.001000s ]
SQL: SHOW COLUMNS FROM `notification` [ RunTime:0.0030s ]
SQL: SELECT COUNT(*) AS tp_count FROM `notification` LIMIT 1   [ RunTime:0.0000s ]
SQL: SELECT `Id`,`Time`,`Title` FROM `notification` LIMIT 0,8   [ RunTime:0.0000s ]
INFO: [ view_parse ] --START--
INFO: [ template_filter ] --START--
INFO: Run Behavior\ContentReplaceBehavior [ RunTime:0.000000s ]
INFO: [ template_filter ] --END-- [ RunTime:0.000000s ]
INFO: Run Behavior\ParseTemplateBehavior [ RunTime:0.008001s ]
INFO: [ view_parse ] --END-- [ RunTime:0.009001s ]
INFO: [ view_filter ] --START--
INFO: Run Behavior\WriteHtmlCacheBehavior [ RunTime:0.001000s ]
INFO: [ view_filter ] --END-- [ RunTime:0.001000s ]
INFO: [ app_end ] --START--
INFO: Run Behavior\ShowPageTraceBehavior [ RunTime:0.000000s ]
INFO: [ app_end ] --END-- [ RunTime:0.000000s ]

[ 2016-06-09T22:20:40+08:00 ] ::1 /Educational_Administration_System/back_end/index.php/Home/Sysmessage/__PUBLIC_/css/main.css
INFO: [ app_init ] --START--
INFO: Run Behavior\BuildLiteBehavior [ RunTime:0.000000s ]
INFO: [ app_init ] --END-- [ RunTime:0.001000s ]
INFO: [ app_begin ] --START--
INFO: Run Behavior\ReadHtmlCacheBehavior [ RunTime:0.000000s ]
INFO: [ app_begin ] --END-- [ RunTime:0.001000s ]
ERR: 非法操作:__PUBLIC_

[ 2016-06-09T22:20:42+08:00 ] ::1 /Educational_Administration_System/back_end/index.php/Home/Degmessage
INFO: [ app_init ] --START--
INFO: Run Behavior\BuildLiteBehavior [ RunTime:0.001000s ]
INFO: [ app_init ] --END-- [ RunTime:0.001000s ]
INFO: [ app_begin ] --START--
INFO: Run Behavior\ReadHtmlCacheBehavior [ RunTime:0.001000s ]
INFO: [ app_begin ] --END-- [ RunTime:0.001000s ]
INFO: [ view_parse ] --START--
INFO: [ template_filter ] --START--
INFO: Run Behavior\ContentReplaceBehavior [ RunTime:0.000000s ]
INFO: [ template_filter ] --END-- [ RunTime:0.000000s ]
INFO: Run Behavior\ParseTemplateBehavior [ RunTime:0.008000s ]
INFO: [ view_parse ] --END-- [ RunTime:0.008000s ]
INFO: [ view_filter ] --START--
INFO: Run Behavior\WriteHtmlCacheBehavior [ RunTime:0.001000s ]
INFO: [ view_filter ] --END-- [ RunTime:0.001000s ]
INFO: [ app_end ] --START--
INFO: Run Behavior\ShowPageTraceBehavior [ RunTime:0.001001s ]
INFO: [ app_end ] --END-- [ RunTime:0.001001s ]

[ 2016-06-09T22:20:42+08:00 ] ::1 /Educational_Administration_System/back_end/index.php/Home/Degmessage/main
INFO: [ app_init ] --START--
INFO: Run Behavior\BuildLiteBehavior [ RunTime:0.000000s ]
INFO: [ app_init ] --END-- [ RunTime:0.000000s ]
INFO: [ app_begin ] --START--
INFO: Run Behavior\ReadHtmlCacheBehavior [ RunTime:0.001000s ]
INFO: [ app_begin ] --END-- [ RunTime:0.001000s ]
INFO: [ view_parse ] --START--
INFO: [ template_filter ] --START--
INFO: Run Behavior\ContentReplaceBehavior [ RunTime:0.000000s ]
INFO: [ template_filter ] --END-- [ RunTime:0.000000s ]
INFO: Run Behavior\ParseTemplateBehavior [ RunTime:0.007001s ]
INFO: [ view_parse ] --END-- [ RunTime:0.007001s ]
INFO: [ view_filter ] --START--
INFO: Run Behavior\WriteHtmlCacheBehavior [ RunTime:0.001000s ]
INFO: [ view_filter ] --END-- [ RunTime:0.001000s ]
INFO: [ app_end ] --START--
INFO: Run Behavior\ShowPageTraceBehavior [ RunTime:0.001000s ]
INFO: [ app_end ] --END-- [ RunTime:0.001000s ]

[ 2016-06-09T22:20:42+08:00 ] ::1 /Educational_Administration_System/back_end/index.php/Home/Degmessage/__PUBLIC_/css/main.css
INFO: [ app_init ] --START--
INFO: Run Behavior\BuildLiteBehavior [ RunTime:0.000000s ]
INFO: [ app_init ] --END-- [ RunTime:0.001000s ]
INFO: [ app_begin ] --START--
INFO: Run Behavior\ReadHtmlCacheBehavior [ RunTime:0.000000s ]
INFO: [ app_begin ] --END-- [ RunTime:0.001000s ]
ERR: 非法操作:__PUBLIC_

[ 2016-06-09T22:20:44+08:00 ] ::1 /Educational_Administration_System/back_end/index.php/Home/Degmessage/warning
INFO: [ app_init ] --START--
INFO: Run Behavior\BuildLiteBehavior [ RunTime:0.000000s ]
INFO: [ app_init ] --END-- [ RunTime:0.001000s ]
INFO: [ app_begin ] --START--
INFO: Run Behavior\ReadHtmlCacheBehavior [ RunTime:0.001000s ]
INFO: [ app_begin ] --END-- [ RunTime:0.001000s ]
INFO: [ view_parse ] --START--
INFO: [ template_filter ] --START--
INFO: Run Behavior\ContentReplaceBehavior [ RunTime:0.000000s ]
INFO: [ template_filter ] --END-- [ RunTime:0.000000s ]
INFO: Run Behavior\ParseTemplateBehavior [ RunTime:0.007000s ]
INFO: [ view_parse ] --END-- [ RunTime:0.007000s ]
INFO: [ view_filter ] --START--
INFO: Run Behavior\WriteHtmlCacheBehavior [ RunTime:0.000000s ]
INFO: [ view_filter ] --END-- [ RunTime:0.000000s ]
INFO: [ app_end ] --START--
INFO: Run Behavior\ShowPageTraceBehavior [ RunTime:0.001000s ]
INFO: [ app_end ] --END-- [ RunTime:0.001000s ]

[ 2016-06-09T22:20:44+08:00 ] ::1 /Educational_Administration_System/back_end/index.php/Home/Degmessage/__PUBLIC_/css/main.css
INFO: [ app_init ] --START--
INFO: Run Behavior\BuildLiteBehavior [ RunTime:0.000000s ]
INFO: [ app_init ] --END-- [ RunTime:0.001000s ]
INFO: [ app_begin ] --START--
INFO: Run Behavior\ReadHtmlCacheBehavior [ RunTime:0.000000s ]
INFO: [ app_begin ] --END-- [ RunTime:0.001000s ]
ERR: 非法操作:__PUBLIC_

[ 2016-06-09T22:20:48+08:00 ] ::1 /Educational_Administration_System/back_end/index.php/Home/Logmanage
INFO: [ app_init ] --START--
INFO: Run Behavior\BuildLiteBehavior [ RunTime:0.000000s ]
INFO: [ app_init ] --END-- [ RunTime:0.001000s ]
INFO: [ app_begin ] --START--
INFO: Run Behavior\ReadHtmlCacheBehavior [ RunTime:0.000000s ]
INFO: [ app_begin ] --END-- [ RunTime:0.000000s ]
INFO: [ view_parse ] --START--
INFO: [ template_filter ] --START--
INFO: Run Behavior\ContentReplaceBehavior [ RunTime:0.000000s ]
INFO: [ template_filter ] --END-- [ RunTime:0.000000s ]
INFO: Run Behavior\ParseTemplateBehavior [ RunTime:0.007000s ]
INFO: [ view_parse ] --END-- [ RunTime:0.007000s ]
INFO: [ view_filter ] --START--
INFO: Run Behavior\WriteHtmlCacheBehavior [ RunTime:0.001000s ]
INFO: [ view_filter ] --END-- [ RunTime:0.001000s ]
INFO: [ app_end ] --START--
INFO: Run Behavior\ShowPageTraceBehavior [ RunTime:0.001000s ]
INFO: [ app_end ] --END-- [ RunTime:0.001000s ]

[ 2016-06-09T22:20:48+08:00 ] ::1 /Educational_Administration_System/back_end/index.php/Home/Logmanage/main
INFO: [ app_init ] --START--
INFO: Run Behavior\BuildLiteBehavior [ RunTime:0.000000s ]
INFO: [ app_init ] --END-- [ RunTime:0.000000s ]
INFO: [ app_begin ] --START--
INFO: Run Behavior\ReadHtmlCacheBehavior [ RunTime:0.001001s ]
INFO: [ app_begin ] --END-- [ RunTime:0.001001s ]
SQL: SHOW COLUMNS FROM `log` [ RunTime:0.0030s ]
SQL: SHOW COLUMNS FROM `logtype` [ RunTime:0.0020s ]
SQL: SELECT COUNT(*) AS tp_count FROM `log` LIMIT 1   [ RunTime:0.0000s ]
SQL: SELECT `Id`,`UserId`,`Time`,`Type` FROM `log` LIMIT 0,8   [ RunTime:0.0000s ]
INFO: [ view_parse ] --START--
INFO: [ template_filter ] --START--
INFO: Run Behavior\ContentReplaceBehavior [ RunTime:0.000000s ]
INFO: [ template_filter ] --END-- [ RunTime:0.000000s ]
INFO: Run Behavior\ParseTemplateBehavior [ RunTime:0.009000s ]
INFO: [ view_parse ] --END-- [ RunTime:0.009000s ]
INFO: [ view_filter ] --START--
INFO: Run Behavior\WriteHtmlCacheBehavior [ RunTime:0.001000s ]
INFO: [ view_filter ] --END-- [ RunTime:0.001000s ]
INFO: [ app_end ] --START--
INFO: Run Behavior\ShowPageTraceBehavior [ RunTime:0.000000s ]
INFO: [ app_end ] --END-- [ RunTime:0.000000s ]

[ 2016-06-09T22:20:48+08:00 ] ::1 /Educational_Administration_System/back_end/index.php/Home/Logmanage/__PUBLIC_/css/main.css
INFO: [ app_init ] --START--
INFO: Run Behavior\BuildLiteBehavior [ RunTime:0.000000s ]
INFO: [ app_init ] --END-- [ RunTime:0.001001s ]
INFO: [ app_begin ] --START--
INFO: Run Behavior\ReadHtmlCacheBehavior [ RunTime:0.001000s ]
INFO: [ app_begin ] --END-- [ RunTime:0.001000s ]
ERR: 非法操作:__PUBLIC_

[ 2016-06-09T22:20:50+08:00 ] ::1 /Educational_Administration_System/back_end/index.php/Home/Administormanage
INFO: [ app_init ] --START--
INFO: Run Behavior\BuildLiteBehavior [ RunTime:0.000000s ]
INFO: [ app_init ] --END-- [ RunTime:0.001000s ]
INFO: [ app_begin ] --START--
INFO: Run Behavior\ReadHtmlCacheBehavior [ RunTime:0.000000s ]
INFO: [ app_begin ] --END-- [ RunTime:0.001000s ]
NOTIC: [8] Use of undefined constant userpermission - assumed 'userpermission' D:\xampp\htdocs\Educational_Administration_System\back_end\Application\Home\Controller\AdministormanageController.class.php 第 6 行.

[ 2016-06-09T22:20:55+08:00 ] ::1 /Educational_Administration_System/back_end/index.php/Home/Index/index.html
INFO: [ app_init ] --START--
INFO: Run Behavior\BuildLiteBehavior [ RunTime:0.000000s ]
INFO: [ app_init ] --END-- [ RunTime:0.000000s ]
INFO: [ app_begin ] --START--
INFO: Run Behavior\ReadHtmlCacheBehavior [ RunTime:0.001000s ]
INFO: [ app_begin ] --END-- [ RunTime:0.001000s ]
NOTIC: [8] Use of undefined constant username - assumed 'username' D:\xampp\htdocs\Educational_Administration_System\back_end\Application\Home\Controller\IndexController.class.php 第 6 行.
SQL: SHOW COLUMNS FROM `adminstrator` [ RunTime:0.0030s ]
NOTIC: [8] Undefined index: manageid D:\xampp\htdocs\Educational_Administration_System\back_end\Application\Home\Controller\IndexController.class.php 第 10 行.
NOTIC: [8] Use of undefined constant administratorid - assumed 'administratorid' D:\xampp\htdocs\Educational_Administration_System\back_end\Application\Home\Controller\IndexController.class.php 第 27 行.
SQL: SELECT COUNT(*) AS tp_count FROM `adminstrator` LIMIT 1   [ RunTime:0.0000s ]
SQL: SELECT `Id`,`Password` FROM `adminstrator` ORDER BY id LIMIT 0,8   [ RunTime:0.0010s ]
INFO: [ view_parse ] --START--
INFO: [ template_filter ] --START--
INFO: Run Behavior\ContentReplaceBehavior [ RunTime:0.001000s ]
INFO: [ template_filter ] --END-- [ RunTime:0.001000s ]
INFO: Run Behavior\ParseTemplateBehavior [ RunTime:0.007000s ]
INFO: [ view_parse ] --END-- [ RunTime:0.007000s ]
INFO: [ view_filter ] --START--
INFO: Run Behavior\WriteHtmlCacheBehavior [ RunTime:0.001000s ]
INFO: [ view_filter ] --END-- [ RunTime:0.001000s ]
INFO: [ app_end ] --START--
INFO: Run Behavior\ShowPageTraceBehavior [ RunTime:0.000000s ]
INFO: [ app_end ] --END-- [ RunTime:0.000000s ]

[ 2016-06-09T22:20:55+08:00 ] ::1 /Educational_Administration_System/back_end/index.php/Home/Index/main
INFO: [ app_init ] --START--
INFO: Run Behavior\BuildLiteBehavior [ RunTime:0.000000s ]
INFO: [ app_init ] --END-- [ RunTime:0.001000s ]
INFO: [ app_begin ] --START--
INFO: Run Behavior\ReadHtmlCacheBehavior [ RunTime:0.001000s ]
INFO: [ app_begin ] --END-- [ RunTime:0.001000s ]
NOTIC: [8] Use of undefined constant hahaha - assumed 'hahaha' D:\xampp\htdocs\Educational_Administration_System\back_end\Application\Home\Controller\IndexController.class.php 第 77 行.
INFO: [ view_parse ] --START--
INFO: [ template_filter ] --START--
INFO: Run Behavior\ContentReplaceBehavior [ RunTime:0.000000s ]
INFO: [ template_filter ] --END-- [ RunTime:0.000000s ]
INFO: Run Behavior\ParseTemplateBehavior [ RunTime:0.007001s ]
INFO: [ view_parse ] --END-- [ RunTime:0.007001s ]
INFO: [ view_filter ] --START--
INFO: Run Behavior\WriteHtmlCacheBehavior [ RunTime:0.000000s ]
INFO: [ view_filter ] --END-- [ RunTime:0.000000s ]
INFO: [ app_end ] --START--
INFO: Run Behavior\ShowPageTraceBehavior [ RunTime:0.001000s ]
INFO: [ app_end ] --END-- [ RunTime:0.001000s ]

[ 2016-06-09T22:20:55+08:00 ] ::1 /Educational_Administration_System/back_end/index.php/Home/Index/__PUBLIC_/css/main.css
INFO: [ app_init ] --START--
INFO: Run Behavior\BuildLiteBehavior [ RunTime:0.000000s ]
INFO: [ app_init ] --END-- [ RunTime:0.000000s ]
INFO: [ app_begin ] --START--
INFO: Run Behavior\ReadHtmlCacheBehavior [ RunTime:0.001000s ]
INFO: [ app_begin ] --END-- [ RunTime:0.001000s ]
ERR: 非法操作:__PUBLIC_

[ 2016-06-09T22:21:07+08:00 ] ::1 /Educational_Administration_System/back_end/index.php/Home/Tecmanage
INFO: [ app_init ] --START--
INFO: Run Behavior\BuildLiteBehavior [ RunTime:0.000000s ]
INFO: [ app_init ] --END-- [ RunTime:0.001000s ]
INFO: [ app_begin ] --START--
INFO: Run Behavior\ReadHtmlCacheBehavior [ RunTime:0.000000s ]
INFO: [ app_begin ] --END-- [ RunTime:0.000000s ]
INFO: [ view_parse ] --START--
INFO: [ template_filter ] --START--
INFO: Run Behavior\ContentReplaceBehavior [ RunTime:0.001000s ]
INFO: [ template_filter ] --END-- [ RunTime:0.001000s ]
INFO: Run Behavior\ParseTemplateBehavior [ RunTime:0.007000s ]
INFO: [ view_parse ] --END-- [ RunTime:0.007000s ]
INFO: [ view_filter ] --START--
INFO: Run Behavior\WriteHtmlCacheBehavior [ RunTime:0.000000s ]
INFO: [ view_filter ] --END-- [ RunTime:0.000000s ]
INFO: [ app_end ] --START--
INFO: Run Behavior\ShowPageTraceBehavior [ RunTime:0.000000s ]
INFO: [ app_end ] --END-- [ RunTime:0.000000s ]

[ 2016-06-09T22:21:07+08:00 ] ::1 /Educational_Administration_System/back_end/index.php/Home/Tecmanage/main
INFO: [ app_init ] --START--
INFO: Run Behavior\BuildLiteBehavior [ RunTime:0.000000s ]
INFO: [ app_init ] --END-- [ RunTime:0.000000s ]
INFO: [ app_begin ] --START--
INFO: Run Behavior\ReadHtmlCacheBehavior [ RunTime:0.002000s ]
INFO: [ app_begin ] --END-- [ RunTime:0.002000s ]
SQL: SHOW COLUMNS FROM `teacher` [ RunTime:0.0030s ]
SQL: SELECT COUNT(*) AS tp_count FROM `teacher` LIMIT 1   [ RunTime:0.0000s ]
SQL: SELECT `Id`,`Name`,`Sex`,`Password`,`Academy`,`Speciality`,`Dates_Enrollment`,`Phone`,`Identification_Card`,`Nation`,`BirthPlace`,`BirthDay`,`EMail` FROM `teacher` LIMIT 0,8   [ RunTime:0.0000s ]
INFO: [ view_parse ] --START--
INFO: [ template_filter ] --START--
INFO: Run Behavior\ContentReplaceBehavior [ RunTime:0.000000s ]
INFO: [ template_filter ] --END-- [ RunTime:0.000000s ]
NOTIC: [8] Undefined index: title D:\xampp\htdocs\Educational_Administration_System\back_end\Application\Runtime\Cache\Home\e73c75b2159226463942dd3411fb6012.php 第 66 行.
NOTIC: [8] Undefined index: title D:\xampp\htdocs\Educational_Administration_System\back_end\Application\Runtime\Cache\Home\e73c75b2159226463942dd3411fb6012.php 第 66 行.
NOTIC: [8] Undefined index: title D:\xampp\htdocs\Educational_Administration_System\back_end\Application\Runtime\Cache\Home\e73c75b2159226463942dd3411fb6012.php 第 66 行.
NOTIC: [8] Undefined index: title D:\xampp\htdocs\Educational_Administration_System\back_end\Application\Runtime\Cache\Home\e73c75b2159226463942dd3411fb6012.php 第 66 行.
NOTIC: [8] Undefined index: title D:\xampp\htdocs\Educational_Administration_System\back_end\Application\Runtime\Cache\Home\e73c75b2159226463942dd3411fb6012.php 第 66 行.
NOTIC: [8] Undefined index: title D:\xampp\htdocs\Educational_Administration_System\back_end\Application\Runtime\Cache\Home\e73c75b2159226463942dd3411fb6012.php 第 66 行.
NOTIC: [8] Undefined index: title D:\xampp\htdocs\Educational_Administration_System\back_end\Application\Runtime\Cache\Home\e73c75b2159226463942dd3411fb6012.php 第 66 行.
NOTIC: [8] Undefined index: title D:\xampp\htdocs\Educational_Administration_System\back_end\Application\Runtime\Cache\Home\e73c75b2159226463942dd3411fb6012.php 第 66 行.
INFO: Run Behavior\ParseTemplateBehavior [ RunTime:0.011000s ]
INFO: [ view_parse ] --END-- [ RunTime:0.011000s ]
INFO: [ view_filter ] --START--
INFO: Run Behavior\WriteHtmlCacheBehavior [ RunTime:0.001001s ]
INFO: [ view_filter ] --END-- [ RunTime:0.001001s ]
INFO: [ app_end ] --START--
INFO: Run Behavior\ShowPageTraceBehavior [ RunTime:0.001000s ]
INFO: [ app_end ] --END-- [ RunTime:0.001000s ]

[ 2016-06-09T22:21:07+08:00 ] ::1 /Educational_Administration_System/back_end/index.php/Home/Tecmanage/__PUBLIC_/css/main.css
INFO: [ app_init ] --START--
INFO: Run Behavior\BuildLiteBehavior [ RunTime:0.000000s ]
INFO: [ app_init ] --END-- [ RunTime:0.000000s ]
INFO: [ app_begin ] --START--
INFO: Run Behavior\ReadHtmlCacheBehavior [ RunTime:0.001000s ]
INFO: [ app_begin ] --END-- [ RunTime:0.001000s ]
ERR: 非法操作:__PUBLIC_

[ 2016-06-09T22:21:19+08:00 ] ::1 /Educational_Administration_System/back_end/index.php/Home/Tecmanage
INFO: [ app_init ] --START--
INFO: Run Behavior\BuildLiteBehavior [ RunTime:0.000000s ]
INFO: [ app_init ] --END-- [ RunTime:0.001000s ]
INFO: [ app_begin ] --START--
INFO: Run Behavior\ReadHtmlCacheBehavior [ RunTime:0.000000s ]
INFO: [ app_begin ] --END-- [ RunTime:0.000000s ]
INFO: [ view_parse ] --START--
INFO: [ template_filter ] --START--
INFO: Run Behavior\ContentReplaceBehavior [ RunTime:0.000000s ]
INFO: [ template_filter ] --END-- [ RunTime:0.000000s ]
INFO: Run Behavior\ParseTemplateBehavior [ RunTime:0.007000s ]
INFO: [ view_parse ] --END-- [ RunTime:0.007000s ]
INFO: [ view_filter ] --START--
INFO: Run Behavior\WriteHtmlCacheBehavior [ RunTime:0.000000s ]
INFO: [ view_filter ] --END-- [ RunTime:0.000000s ]
INFO: [ app_end ] --START--
INFO: Run Behavior\ShowPageTraceBehavior [ RunTime:0.001000s ]
INFO: [ app_end ] --END-- [ RunTime:0.001000s ]

[ 2016-06-09T22:21:19+08:00 ] ::1 /Educational_Administration_System/back_end/index.php/Home/Tecmanage/main
INFO: [ app_init ] --START--
INFO: Run Behavior\BuildLiteBehavior [ RunTime:0.000000s ]
INFO: [ app_init ] --END-- [ RunTime:0.001000s ]
INFO: [ app_begin ] --START--
INFO: Run Behavior\ReadHtmlCacheBehavior [ RunTime:0.001000s ]
INFO: [ app_begin ] --END-- [ RunTime:0.001000s ]
SQL: SHOW COLUMNS FROM `teacher` [ RunTime:0.0040s ]
SQL: SELECT COUNT(*) AS tp_count FROM `teacher` LIMIT 1   [ RunTime:0.0000s ]
SQL: SELECT `Id`,`Name`,`Sex`,`Password`,`Academy`,`Speciality`,`Dates_Enrollment`,`Phone`,`Identification_Card`,`Nation`,`BirthPlace`,`BirthDay`,`EMail` FROM `teacher` LIMIT 0,8   [ RunTime:0.0000s ]
INFO: [ view_parse ] --START--
INFO: [ template_filter ] --START--
INFO: Run Behavior\ContentReplaceBehavior [ RunTime:0.000000s ]
INFO: [ template_filter ] --END-- [ RunTime:0.000000s ]
NOTIC: [8] Undefined index: title D:\xampp\htdocs\Educational_Administration_System\back_end\Application\Runtime\Cache\Home\e73c75b2159226463942dd3411fb6012.php 第 66 行.
NOTIC: [8] Undefined index: title D:\xampp\htdocs\Educational_Administration_System\back_end\Application\Runtime\Cache\Home\e73c75b2159226463942dd3411fb6012.php 第 66 行.
NOTIC: [8] Undefined index: title D:\xampp\htdocs\Educational_Administration_System\back_end\Application\Runtime\Cache\Home\e73c75b2159226463942dd3411fb6012.php 第 66 行.
NOTIC: [8] Undefined index: title D:\xampp\htdocs\Educational_Administration_System\back_end\Application\Runtime\Cache\Home\e73c75b2159226463942dd3411fb6012.php 第 66 行.
NOTIC: [8] Undefined index: title D:\xampp\htdocs\Educational_Administration_System\back_end\Application\Runtime\Cache\Home\e73c75b2159226463942dd3411fb6012.php 第 66 行.
NOTIC: [8] Undefined index: title D:\xampp\htdocs\Educational_Administration_System\back_end\Application\Runtime\Cache\Home\e73c75b2159226463942dd3411fb6012.php 第 66 行.
NOTIC: [8] Undefined index: title D:\xampp\htdocs\Educational_Administration_System\back_end\Application\Runtime\Cache\Home\e73c75b2159226463942dd3411fb6012.php 第 66 行.
NOTIC: [8] Undefined index: title D:\xampp\htdocs\Educational_Administration_System\back_end\Application\Runtime\Cache\Home\e73c75b2159226463942dd3411fb6012.php 第 66 行.
INFO: Run Behavior\ParseTemplateBehavior [ RunTime:0.012000s ]
INFO: [ view_parse ] --END-- [ RunTime:0.012000s ]
INFO: [ view_filter ] --START--
INFO: Run Behavior\WriteHtmlCacheBehavior [ RunTime:0.000000s ]
INFO: [ view_filter ] --END-- [ RunTime:0.000000s ]
INFO: [ app_end ] --START--
INFO: Run Behavior\ShowPageTraceBehavior [ RunTime:0.001000s ]
INFO: [ app_end ] --END-- [ RunTime:0.001000s ]

[ 2016-06-09T22:21:20+08:00 ] ::1 /Educational_Administration_System/back_end/index.php/Home/Tecmanage/__PUBLIC_/css/main.css
INFO: [ app_init ] --START--
INFO: Run Behavior\BuildLiteBehavior [ RunTime:0.000000s ]
INFO: [ app_init ] --END-- [ RunTime:0.001000s ]
INFO: [ app_begin ] --START--
INFO: Run Behavior\ReadHtmlCacheBehavior [ RunTime:0.001000s ]
INFO: [ app_begin ] --END-- [ RunTime:0.001000s ]
ERR: 非法操作:__PUBLIC_

[ 2016-06-09T22:21:22+08:00 ] ::1 /Educational_Administration_System/back_end/index.php/Home/Stumanage
INFO: [ app_init ] --START--
INFO: Run Behavior\BuildLiteBehavior [ RunTime:0.000000s ]
INFO: [ app_init ] --END-- [ RunTime:0.001000s ]
INFO: [ app_begin ] --START--
INFO: Run Behavior\ReadHtmlCacheBehavior [ RunTime:0.001000s ]
INFO: [ app_begin ] --END-- [ RunTime:0.001000s ]
INFO: [ view_parse ] --START--
INFO: [ template_filter ] --START--
INFO: Run Behavior\ContentReplaceBehavior [ RunTime:0.000000s ]
INFO: [ template_filter ] --END-- [ RunTime:0.000000s ]
INFO: Run Behavior\ParseTemplateBehavior [ RunTime:0.008001s ]
INFO: [ view_parse ] --END-- [ RunTime:0.008001s ]
INFO: [ view_filter ] --START--
INFO: Run Behavior\WriteHtmlCacheBehavior [ RunTime:0.001000s ]
INFO: [ view_filter ] --END-- [ RunTime:0.001000s ]
INFO: [ app_end ] --START--
INFO: Run Behavior\ShowPageTraceBehavior [ RunTime:0.001000s ]
INFO: [ app_end ] --END-- [ RunTime:0.001000s ]

[ 2016-06-09T22:21:22+08:00 ] ::1 /Educational_Administration_System/back_end/index.php/Home/Stumanage/main
INFO: [ app_init ] --START--
INFO: Run Behavior\BuildLiteBehavior [ RunTime:0.000000s ]
INFO: [ app_init ] --END-- [ RunTime:0.000000s ]
INFO: [ app_begin ] --START--
INFO: Run Behavior\ReadHtmlCacheBehavior [ RunTime:0.001000s ]
INFO: [ app_begin ] --END-- [ RunTime:0.001000s ]
SQL: SHOW COLUMNS FROM `student` [ RunTime:0.0020s ]
SQL: SELECT COUNT(*) AS tp_count FROM `student` LIMIT 1   [ RunTime:0.0000s ]
SQL: SELECT `Id`,`Name`,`Sex`,`Academy`,`speciality` FROM `student` LIMIT 0,8   [ RunTime:0.0000s ]
INFO: [ view_parse ] --START--
INFO: [ template_filter ] --START--
INFO: Run Behavior\ContentReplaceBehavior [ RunTime:0.000000s ]
INFO: [ template_filter ] --END-- [ RunTime:0.001000s ]
INFO: Run Behavior\ParseTemplateBehavior [ RunTime:0.010001s ]
INFO: [ view_parse ] --END-- [ RunTime:0.010001s ]
INFO: [ view_filter ] --START--
INFO: Run Behavior\WriteHtmlCacheBehavior [ RunTime:0.000000s ]
INFO: [ view_filter ] --END-- [ RunTime:0.001000s ]
INFO: [ app_end ] --START--
INFO: Run Behavior\ShowPageTraceBehavior [ RunTime:0.001000s ]
INFO: [ app_end ] --END-- [ RunTime:0.001000s ]

[ 2016-06-09T22:21:22+08:00 ] ::1 /Educational_Administration_System/back_end/index.php/Home/Stumanage/__PUBLIC_/css/main.css
INFO: [ app_init ] --START--
INFO: Run Behavior\BuildLiteBehavior [ RunTime:0.000000s ]
INFO: [ app_init ] --END-- [ RunTime:0.000000s ]
INFO: [ app_begin ] --START--
INFO: Run Behavior\ReadHtmlCacheBehavior [ RunTime:0.001000s ]
INFO: [ app_begin ] --END-- [ RunTime:0.001000s ]
ERR: 非法操作:__PUBLIC_

[ 2016-06-09T22:22:18+08:00 ] ::1 /Educational_Administration_System/back_end/index.php
INFO: [ app_init ] --START--
INFO: Run Behavior\BuildLiteBehavior [ RunTime:0.000000s ]
INFO: [ app_init ] --END-- [ RunTime:0.001000s ]
INFO: [ app_begin ] --START--
INFO: Run Behavior\ReadHtmlCacheBehavior [ RunTime:0.000000s ]
INFO: [ app_begin ] --END-- [ RunTime:0.000000s ]
NOTIC: [8] Use of undefined constant username - assumed 'username' D:\xampp\htdocs\Educational_Administration_System\back_end\Application\Home\Controller\IndexController.class.php 第 6 行.
SQL: SHOW COLUMNS FROM `adminstrator` [ RunTime:0.0020s ]
NOTIC: [8] Undefined index: manageid D:\xampp\htdocs\Educational_Administration_System\back_end\Application\Home\Controller\IndexController.class.php 第 10 行.
NOTIC: [8] Use of undefined constant administratorid - assumed 'administratorid' D:\xampp\htdocs\Educational_Administration_System\back_end\Application\Home\Controller\IndexController.class.php 第 27 行.
SQL: SELECT COUNT(*) AS tp_count FROM `adminstrator` LIMIT 1   [ RunTime:0.0000s ]
SQL: SELECT `Id`,`Password` FROM `adminstrator` ORDER BY id LIMIT 0,8   [ RunTime:0.0000s ]
INFO: [ view_parse ] --START--
INFO: [ template_filter ] --START--
INFO: Run Behavior\ContentReplaceBehavior [ RunTime:0.000000s ]
INFO: [ template_filter ] --END-- [ RunTime:0.000000s ]
INFO: Run Behavior\ParseTemplateBehavior [ RunTime:0.007000s ]
INFO: [ view_parse ] --END-- [ RunTime:0.007000s ]
INFO: [ view_filter ] --START--
INFO: Run Behavior\WriteHtmlCacheBehavior [ RunTime:0.001000s ]
INFO: [ view_filter ] --END-- [ RunTime:0.001000s ]
INFO: [ app_end ] --START--
INFO: Run Behavior\ShowPageTraceBehavior [ RunTime:0.001000s ]
INFO: [ app_end ] --END-- [ RunTime:0.001000s ]

[ 2016-06-09T22:22:18+08:00 ] ::1 /Educational_Administration_System/back_end/index.php/Home/Index/main
INFO: [ app_init ] --START--
INFO: Run Behavior\BuildLiteBehavior [ RunTime:0.000000s ]
INFO: [ app_init ] --END-- [ RunTime:0.001000s ]
INFO: [ app_begin ] --START--
INFO: Run Behavior\ReadHtmlCacheBehavior [ RunTime:0.001000s ]
INFO: [ app_begin ] --END-- [ RunTime:0.001000s ]
NOTIC: [8] Use of undefined constant hahaha - assumed 'hahaha' D:\xampp\htdocs\Educational_Administration_System\back_end\Application\Home\Controller\IndexController.class.php 第 77 行.
INFO: [ view_parse ] --START--
INFO: [ template_filter ] --START--
INFO: Run Behavior\ContentReplaceBehavior [ RunTime:0.000000s ]
INFO: [ template_filter ] --END-- [ RunTime:0.000000s ]
INFO: Run Behavior\ParseTemplateBehavior [ RunTime:0.006001s ]
INFO: [ view_parse ] --END-- [ RunTime:0.006001s ]
INFO: [ view_filter ] --START--
INFO: Run Behavior\WriteHtmlCacheBehavior [ RunTime:0.000000s ]
INFO: [ view_filter ] --END-- [ RunTime:0.000000s ]
INFO: [ app_end ] --START--
INFO: Run Behavior\ShowPageTraceBehavior [ RunTime:0.001000s ]
INFO: [ app_end ] --END-- [ RunTime:0.001000s ]

[ 2016-06-09T22:22:18+08:00 ] ::1 /Educational_Administration_System/back_end/index.php/Home/Index/__PUBLIC_/css/main.css
INFO: [ app_init ] --START--
INFO: Run Behavior\BuildLiteBehavior [ RunTime:0.000000s ]
INFO: [ app_init ] --END-- [ RunTime:0.000000s ]
INFO: [ app_begin ] --START--
INFO: Run Behavior\ReadHtmlCacheBehavior [ RunTime:0.001000s ]
INFO: [ app_begin ] --END-- [ RunTime:0.001000s ]
ERR: 非法操作:__PUBLIC_

[ 2016-06-09T22:22:24+08:00 ] ::1 /Educational_Administration_System/back_end/index.php/Home/Index/quit
INFO: [ app_init ] --START--
INFO: Run Behavior\BuildLiteBehavior [ RunTime:0.000000s ]
INFO: [ app_init ] --END-- [ RunTime:0.000000s ]
INFO: [ app_begin ] --START--
INFO: Run Behavior\ReadHtmlCacheBehavior [ RunTime:0.001000s ]
INFO: [ app_begin ] --END-- [ RunTime:0.001000s ]
NOTIC: [8] Use of undefined constant username - assumed 'username' D:\xampp\htdocs\Educational_Administration_System\back_end\Application\Home\Controller\IndexController.class.php 第 65 行.
SQL: SHOW COLUMNS FROM `log` [ RunTime:0.0030s ]
SQL: SHOW COLUMNS FROM `logtype` [ RunTime:0.0030s ]
SQL: INSERT INTO `log` (`UserId`,`Time`,`Type`) VALUES ('2013014135','16-06-09-22-22-24','1') [ RunTime:0.0030s ]
NOTIC: [8] Object of class Think\Model could not be converted to int D:\xampp\htdocs\Educational_Administration_System\back_end\Application\Home\Controller\IndexController.class.php 第 90 行.

[ 2016-06-09T22:22:24+08:00 ] ::1 /Educational_Administration_System/back_end/index.php/Home/Login/index.html
INFO: [ app_init ] --START--
INFO: Run Behavior\BuildLiteBehavior [ RunTime:0.000000s ]
INFO: [ app_init ] --END-- [ RunTime:0.001000s ]
INFO: [ app_begin ] --START--
INFO: Run Behavior\ReadHtmlCacheBehavior [ RunTime:0.001000s ]
INFO: [ app_begin ] --END-- [ RunTime:0.001000s ]
NOTIC: [8] Use of undefined constant title - assumed 'title' D:\xampp\htdocs\Educational_Administration_System\back_end\Application\Home\Controller\LoginController.class.php 第 6 行.
INFO: [ view_parse ] --START--
INFO: [ template_filter ] --START--
INFO: Run Behavior\ContentReplaceBehavior [ RunTime:0.000000s ]
INFO: [ template_filter ] --END-- [ RunTime:0.000000s ]
INFO: Run Behavior\ParseTemplateBehavior [ RunTime:0.006000s ]
INFO: [ view_parse ] --END-- [ RunTime:0.006000s ]
INFO: [ view_filter ] --START--
INFO: Run Behavior\WriteHtmlCacheBehavior [ RunTime:0.001000s ]
INFO: [ view_filter ] --END-- [ RunTime:0.001000s ]
INFO: [ app_end ] --START--
INFO: Run Behavior\ShowPageTraceBehavior [ RunTime:0.001000s ]
INFO: [ app_end ] --END-- [ RunTime:0.001000s ]

[ 2016-06-09T22:29:21+08:00 ] ::1 /Educational_Administration_System/back_end/index.php/Home/Tecmanage
INFO: [ app_init ] --START--
INFO: Run Behavior\BuildLiteBehavior [ RunTime:0.000000s ]
INFO: [ app_init ] --END-- [ RunTime:0.000000s ]
INFO: [ app_begin ] --START--
INFO: Run Behavior\ReadHtmlCacheBehavior [ RunTime:0.001000s ]
INFO: [ app_begin ] --END-- [ RunTime:0.001000s ]
INFO: [ view_parse ] --START--
INFO: [ template_filter ] --START--
INFO: Run Behavior\ContentReplaceBehavior [ RunTime:0.001000s ]
INFO: [ template_filter ] --END-- [ RunTime:0.001000s ]
INFO: Run Behavior\ParseTemplateBehavior [ RunTime:0.007001s ]
INFO: [ view_parse ] --END-- [ RunTime:0.007001s ]
INFO: [ view_filter ] --START--
INFO: Run Behavior\WriteHtmlCacheBehavior [ RunTime:0.000000s ]
INFO: [ view_filter ] --END-- [ RunTime:0.000000s ]
INFO: [ app_end ] --START--
INFO: Run Behavior\ShowPageTraceBehavior [ RunTime:0.001000s ]
INFO: [ app_end ] --END-- [ RunTime:0.001000s ]

[ 2016-06-09T22:29:21+08:00 ] ::1 /Educational_Administration_System/back_end/index.php/Home/Tecmanage/main
INFO: [ app_init ] --START--
INFO: Run Behavior\BuildLiteBehavior [ RunTime:0.000000s ]
INFO: [ app_init ] --END-- [ RunTime:0.000000s ]
INFO: [ app_begin ] --START--
INFO: Run Behavior\ReadHtmlCacheBehavior [ RunTime:0.001000s ]
INFO: [ app_begin ] --END-- [ RunTime:0.001000s ]
SQL: SHOW COLUMNS FROM `teacher` [ RunTime:0.0030s ]
SQL: SELECT COUNT(*) AS tp_count FROM `teacher` LIMIT 1   [ RunTime:0.0000s ]
SQL: SELECT `Id`,`Name`,`Sex`,`Password`,`Academy`,`Speciality`,`Dates_Enrollment`,`Phone`,`Identification_Card`,`Nation`,`BirthPlace`,`BirthDay`,`EMail` FROM `teacher` LIMIT 0,8   [ RunTime:0.0000s ]
INFO: [ view_parse ] --START--
INFO: [ template_filter ] --START--
INFO: Run Behavior\ContentReplaceBehavior [ RunTime:0.000000s ]
INFO: [ template_filter ] --END-- [ RunTime:0.000000s ]
NOTIC: [8] Undefined index: title D:\xampp\htdocs\Educational_Administration_System\back_end\Application\Runtime\Cache\Home\e73c75b2159226463942dd3411fb6012.php 第 66 行.
NOTIC: [8] Undefined index: title D:\xampp\htdocs\Educational_Administration_System\back_end\Application\Runtime\Cache\Home\e73c75b2159226463942dd3411fb6012.php 第 66 行.
NOTIC: [8] Undefined index: title D:\xampp\htdocs\Educational_Administration_System\back_end\Application\Runtime\Cache\Home\e73c75b2159226463942dd3411fb6012.php 第 66 行.
NOTIC: [8] Undefined index: title D:\xampp\htdocs\Educational_Administration_System\back_end\Application\Runtime\Cache\Home\e73c75b2159226463942dd3411fb6012.php 第 66 行.
NOTIC: [8] Undefined index: title D:\xampp\htdocs\Educational_Administration_System\back_end\Application\Runtime\Cache\Home\e73c75b2159226463942dd3411fb6012.php 第 66 行.
NOTIC: [8] Undefined index: title D:\xampp\htdocs\Educational_Administration_System\back_end\Application\Runtime\Cache\Home\e73c75b2159226463942dd3411fb6012.php 第 66 行.
NOTIC: [8] Undefined index: title D:\xampp\htdocs\Educational_Administration_System\back_end\Application\Runtime\Cache\Home\e73c75b2159226463942dd3411fb6012.php 第 66 行.
NOTIC: [8] Undefined index: title D:\xampp\htdocs\Educational_Administration_System\back_end\Application\Runtime\Cache\Home\e73c75b2159226463942dd3411fb6012.php 第 66 行.
INFO: Run Behavior\ParseTemplateBehavior [ RunTime:0.013000s ]
INFO: [ view_parse ] --END-- [ RunTime:0.013000s ]
INFO: [ view_filter ] --START--
INFO: Run Behavior\WriteHtmlCacheBehavior [ RunTime:0.000000s ]
INFO: [ view_filter ] --END-- [ RunTime:0.000000s ]
INFO: [ app_end ] --START--
INFO: Run Behavior\ShowPageTraceBehavior [ RunTime:0.001000s ]
INFO: [ app_end ] --END-- [ RunTime:0.001000s ]

[ 2016-06-09T22:29:21+08:00 ] ::1 /Educational_Administration_System/back_end/index.php/Home/Tecmanage/__PUBLIC_/css/main.css
INFO: [ app_init ] --START--
INFO: Run Behavior\BuildLiteBehavior [ RunTime:0.000000s ]
INFO: [ app_init ] --END-- [ RunTime:0.000000s ]
INFO: [ app_begin ] --START--
INFO: Run Behavior\ReadHtmlCacheBehavior [ RunTime:0.002000s ]
INFO: [ app_begin ] --END-- [ RunTime:0.002000s ]
ERR: 非法操作:__PUBLIC_

[ 2016-06-09T22:29:23+08:00 ] ::1 /Educational_Administration_System/back_end/index.php/Home/Stumanage
INFO: [ app_init ] --START--
INFO: Run Behavior\BuildLiteBehavior [ RunTime:0.000000s ]
INFO: [ app_init ] --END-- [ RunTime:0.001000s ]
INFO: [ app_begin ] --START--
INFO: Run Behavior\ReadHtmlCacheBehavior [ RunTime:0.001000s ]
INFO: [ app_begin ] --END-- [ RunTime:0.001000s ]
INFO: [ view_parse ] --START--
INFO: [ template_filter ] --START--
INFO: Run Behavior\ContentReplaceBehavior [ RunTime:0.000000s ]
INFO: [ template_filter ] --END-- [ RunTime:0.000000s ]
INFO: Run Behavior\ParseTemplateBehavior [ RunTime:0.006000s ]
INFO: [ view_parse ] --END-- [ RunTime:0.006000s ]
INFO: [ view_filter ] --START--
INFO: Run Behavior\WriteHtmlCacheBehavior [ RunTime:0.000000s ]
INFO: [ view_filter ] --END-- [ RunTime:0.000000s ]
INFO: [ app_end ] --START--
INFO: Run Behavior\ShowPageTraceBehavior [ RunTime:0.001000s ]
INFO: [ app_end ] --END-- [ RunTime:0.001000s ]

[ 2016-06-09T22:29:23+08:00 ] ::1 /Educational_Administration_System/back_end/index.php/Home/Stumanage/main
INFO: [ app_init ] --START--
INFO: Run Behavior\BuildLiteBehavior [ RunTime:0.000000s ]
INFO: [ app_init ] --END-- [ RunTime:0.000000s ]
INFO: [ app_begin ] --START--
INFO: Run Behavior\ReadHtmlCacheBehavior [ RunTime:0.001000s ]
INFO: [ app_begin ] --END-- [ RunTime:0.001000s ]
SQL: SHOW COLUMNS FROM `student` [ RunTime:0.0030s ]
SQL: SELECT COUNT(*) AS tp_count FROM `student` LIMIT 1   [ RunTime:0.0000s ]
SQL: SELECT `Id`,`Name`,`Sex`,`Academy`,`speciality` FROM `student` LIMIT 0,8   [ RunTime:0.0000s ]
INFO: [ view_parse ] --START--
INFO: [ template_filter ] --START--
INFO: Run Behavior\ContentReplaceBehavior [ RunTime:0.000000s ]
INFO: [ template_filter ] --END-- [ RunTime:0.000000s ]
INFO: Run Behavior\ParseTemplateBehavior [ RunTime:0.010001s ]
INFO: [ view_parse ] --END-- [ RunTime:0.010001s ]
INFO: [ view_filter ] --START--
INFO: Run Behavior\WriteHtmlCacheBehavior [ RunTime:0.000000s ]
INFO: [ view_filter ] --END-- [ RunTime:0.000000s ]
INFO: [ app_end ] --START--
INFO: Run Behavior\ShowPageTraceBehavior [ RunTime:0.001000s ]
INFO: [ app_end ] --END-- [ RunTime:0.002000s ]

[ 2016-06-09T22:29:23+08:00 ] ::1 /Educational_Administration_System/back_end/index.php/Home/Stumanage/__PUBLIC_/css/main.css
INFO: [ app_init ] --START--
INFO: Run Behavior\BuildLiteBehavior [ RunTime:0.000000s ]
INFO: [ app_init ] --END-- [ RunTime:0.000000s ]
INFO: [ app_begin ] --START--
INFO: Run Behavior\ReadHtmlCacheBehavior [ RunTime:0.001000s ]
INFO: [ app_begin ] --END-- [ RunTime:0.001000s ]
ERR: 非法操作:__PUBLIC_

[ 2016-06-09T22:29:24+08:00 ] ::1 /Educational_Administration_System/back_end/index.php/Home/Stumanage/read/id/2013014118
INFO: [ app_init ] --START--
INFO: Run Behavior\BuildLiteBehavior [ RunTime:0.000000s ]
INFO: [ app_init ] --END-- [ RunTime:0.001000s ]
INFO: [ app_begin ] --START--
INFO: Run Behavior\ReadHtmlCacheBehavior [ RunTime:0.001000s ]
INFO: [ app_begin ] --END-- [ RunTime:0.001000s ]
SQL: SHOW COLUMNS FROM `student` [ RunTime:0.0030s ]
SQL: SELECT * FROM `student` WHERE ( Id = '2013014118' )  [ RunTime:0.0000s ]
INFO: [ view_parse ] --START--
INFO: [ template_filter ] --START--
INFO: Run Behavior\ContentReplaceBehavior [ RunTime:0.000000s ]
INFO: [ template_filter ] --END-- [ RunTime:0.000000s ]
INFO: Run Behavior\ParseTemplateBehavior [ RunTime:0.007001s ]
INFO: [ view_parse ] --END-- [ RunTime:0.007001s ]
INFO: [ view_filter ] --START--
INFO: Run Behavior\WriteHtmlCacheBehavior [ RunTime:0.000000s ]
INFO: [ view_filter ] --END-- [ RunTime:0.000000s ]
INFO: [ app_end ] --START--
INFO: Run Behavior\ShowPageTraceBehavior [ RunTime:0.001000s ]
INFO: [ app_end ] --END-- [ RunTime:0.001000s ]

[ 2016-06-09T22:29:24+08:00 ] ::1 /Educational_Administration_System/back_end/index.php/Home/Stumanage/read/id/__PUBLIC_/css/main.css
INFO: [ app_init ] --START--
INFO: Run Behavior\BuildLiteBehavior [ RunTime:0.000000s ]
INFO: [ app_init ] --END-- [ RunTime:0.001000s ]
INFO: [ app_begin ] --START--
INFO: Run Behavior\ReadHtmlCacheBehavior [ RunTime:0.001000s ]
INFO: [ app_begin ] --END-- [ RunTime:0.001000s ]
SQL: SHOW COLUMNS FROM `student` [ RunTime:0.0040s ]
SQL: SELECT * FROM `student` WHERE ( Id = '__PUBLIC_' )  [ RunTime:0.0000s ]
NOTIC: [8] Undefined offset: 0 D:\xampp\htdocs\Educational_Administration_System\back_end\Application\Home\Controller\StumanageController.class.php 第 36 行.
NOTIC: [8] Undefined offset: 0 D:\xampp\htdocs\Educational_Administration_System\back_end\Application\Home\Controller\StumanageController.class.php 第 37 行.
NOTIC: [8] Undefined offset: 0 D:\xampp\htdocs\Educational_Administration_System\back_end\Application\Home\Controller\StumanageController.class.php 第 38 行.
NOTIC: [8] Undefined offset: 0 D:\xampp\htdocs\Educational_Administration_System\back_end\Application\Home\Controller\StumanageController.class.php 第 39 行.
NOTIC: [8] Undefined offset: 0 D:\xampp\htdocs\Educational_Administration_System\back_end\Application\Home\Controller\StumanageController.class.php 第 40 行.
NOTIC: [8] Undefined offset: 0 D:\xampp\htdocs\Educational_Administration_System\back_end\Application\Home\Controller\StumanageController.class.php 第 41 行.
NOTIC: [8] Undefined offset: 0 D:\xampp\htdocs\Educational_Administration_System\back_end\Application\Home\Controller\StumanageController.class.php 第 42 行.
NOTIC: [8] Undefined offset: 0 D:\xampp\htdocs\Educational_Administration_System\back_end\Application\Home\Controller\StumanageController.class.php 第 43 行.
NOTIC: [8] Undefined offset: 0 D:\xampp\htdocs\Educational_Administration_System\back_end\Application\Home\Controller\StumanageController.class.php 第 44 行.
NOTIC: [8] Undefined offset: 0 D:\xampp\htdocs\Educational_Administration_System\back_end\Application\Home\Controller\StumanageController.class.php 第 45 行.
NOTIC: [8] Undefined offset: 0 D:\xampp\htdocs\Educational_Administration_System\back_end\Application\Home\Controller\StumanageController.class.php 第 46 行.
NOTIC: [8] Undefined offset: 0 D:\xampp\htdocs\Educational_Administration_System\back_end\Application\Home\Controller\StumanageController.class.php 第 47 行.
NOTIC: [8] Undefined offset: 0 D:\xampp\htdocs\Educational_Administration_System\back_end\Application\Home\Controller\StumanageController.class.php 第 48 行.
NOTIC: [8] Undefined offset: 0 D:\xampp\htdocs\Educational_Administration_System\back_end\Application\Home\Controller\StumanageController.class.php 第 49 行.
NOTIC: [8] Undefined offset: 0 D:\xampp\htdocs\Educational_Administration_System\back_end\Application\Home\Controller\StumanageController.class.php 第 49 行.
NOTIC: [8] Undefined offset: 0 D:\xampp\htdocs\Educational_Administration_System\back_end\Application\Home\Controller\StumanageController.class.php 第 49 行.
INFO: [ view_parse ] --START--
INFO: [ template_filter ] --START--
INFO: Run Behavior\ContentReplaceBehavior [ RunTime:0.000000s ]
INFO: [ template_filter ] --END-- [ RunTime:0.000000s ]
NOTIC: [8] Undefined variable: academy D:\xampp\htdocs\Educational_Administration_System\back_end\Application\Runtime\Cache\Home\cd1726e4608790dd30897facef2e060f.php 第 39 行.
NOTIC: [8] Undefined variable: speciality D:\xampp\htdocs\Educational_Administration_System\back_end\Application\Runtime\Cache\Home\cd1726e4608790dd30897facef2e060f.php 第 41 行.
NOTIC: [8] Undefined variable: grade D:\xampp\htdocs\Educational_Administration_System\back_end\Application\Runtime\Cache\Home\cd1726e4608790dd30897facef2e060f.php 第 47 行.
INFO: Run Behavior\ParseTemplateBehavior [ RunTime:0.011001s ]
INFO: [ view_parse ] --END-- [ RunTime:0.011001s ]
INFO: [ view_filter ] --START--
INFO: Run Behavior\WriteHtmlCacheBehavior [ RunTime:0.001000s ]
INFO: [ view_filter ] --END-- [ RunTime:0.001000s ]
INFO: [ app_end ] --START--
INFO: Run Behavior\ShowPageTraceBehavior [ RunTime:0.001000s ]
INFO: [ app_end ] --END-- [ RunTime:0.001000s ]

