[ 2016-05-13T16:16:39+08:00 ] ::1 /management_system/
INFO: [ app_init ] --START--
INFO: Run Behavior\BuildLiteBehavior [ RunTime:0.000031s ]
INFO: [ app_init ] --END-- [ RunTime:0.025697s ]
INFO: [ app_begin ] --START--
INFO: Run Behavior\ReadHtmlCacheBehavior [ RunTime:0.019760s ]
INFO: [ app_begin ] --END-- [ RunTime:0.019946s ]
NOTIC: [8] Use of undefined constant username - assumed 'username' G:\wamp\www\management_system\Application\Home\Controller\IndexController.class.php 第 6 行.
SQL: SHOW COLUMNS FROM `adminstrator` [ RunTime:0.2138s ]
NOTIC: [8] Undefined index: manageid G:\wamp\www\management_system\Application\Home\Controller\IndexController.class.php 第 8 行.
NOTIC: [8] Use of undefined constant adminstratorid - assumed 'adminstratorid' G:\wamp\www\management_system\Application\Home\Controller\IndexController.class.php 第 25 行.
SQL: SELECT COUNT(*) AS tp_count FROM `adminstrator` LIMIT 1   [ RunTime:0.0530s ]
SQL: SELECT `Id`,`Password` FROM `adminstrator` ORDER BY id LIMIT 0,8   [ RunTime:0.0003s ]
INFO: [ view_parse ] --START--
INFO: [ template_filter ] --START--
INFO: Run Behavior\ContentReplaceBehavior [ RunTime:0.000146s ]
INFO: [ template_filter ] --END-- [ RunTime:0.000296s ]
NOTIC: [8] Undefined variable: title G:\wamp\www\management_system\Application\Runtime\Cache\Home\2a94b8bda04ff446dcedd42276fc99ee.php 第 5 行.
NOTIC: [8] Undefined variable: default2 G:\wamp\www\management_system\Application\Runtime\Cache\Home\2a94b8bda04ff446dcedd42276fc99ee.php 第 138 行.
NOTIC: [8] Undefined variable: default2 G:\wamp\www\management_system\Application\Runtime\Cache\Home\2a94b8bda04ff446dcedd42276fc99ee.php 第 200 行.
NOTIC: [8] Undefined variable: get_password G:\wamp\www\management_system\Application\Runtime\Cache\Home\2a94b8bda04ff446dcedd42276fc99ee.php 第 216 行.
INFO: Run Behavior\ParseTemplateBehavior [ RunTime:0.277970s ]
INFO: [ view_parse ] --END-- [ RunTime:0.278100s ]
INFO: [ view_filter ] --START--
INFO: Run Behavior\WriteHtmlCacheBehavior [ RunTime:0.016992s ]
INFO: [ view_filter ] --END-- [ RunTime:0.017115s ]
INFO: [ app_end ] --START--
INFO: Run Behavior\ShowPageTraceBehavior [ RunTime:0.037795s ]
INFO: [ app_end ] --END-- [ RunTime:0.037966s ]

[ 2016-05-13T16:16:44+08:00 ] ::1 /management_system/index.php/Home/Index/quit
INFO: [ app_init ] --START--
INFO: Run Behavior\BuildLiteBehavior [ RunTime:0.000025s ]
INFO: [ app_init ] --END-- [ RunTime:0.000441s ]
INFO: [ app_begin ] --START--
INFO: Run Behavior\ReadHtmlCacheBehavior [ RunTime:0.000718s ]
INFO: [ app_begin ] --END-- [ RunTime:0.000849s ]

[ 2016-05-13T16:16:44+08:00 ] ::1 /management_system/index.php/Home/Login/index.html
INFO: [ app_init ] --START--
INFO: Run Behavior\BuildLiteBehavior [ RunTime:0.000023s ]
INFO: [ app_init ] --END-- [ RunTime:0.000377s ]
INFO: [ app_begin ] --START--
INFO: Run Behavior\ReadHtmlCacheBehavior [ RunTime:0.000598s ]
INFO: [ app_begin ] --END-- [ RunTime:0.000724s ]
NOTIC: [8] Use of undefined constant title - assumed 'title' G:\wamp\www\management_system\Application\Home\Controller\LoginController.class.php 第 6 行.
INFO: [ view_parse ] --START--
INFO: [ template_filter ] --START--
INFO: Run Behavior\ContentReplaceBehavior [ RunTime:0.000096s ]
INFO: [ template_filter ] --END-- [ RunTime:0.000235s ]
INFO: Run Behavior\ParseTemplateBehavior [ RunTime:0.045550s ]
INFO: [ view_parse ] --END-- [ RunTime:0.045699s ]
INFO: [ view_filter ] --START--
INFO: Run Behavior\WriteHtmlCacheBehavior [ RunTime:0.000384s ]
INFO: [ view_filter ] --END-- [ RunTime:0.000480s ]
INFO: [ app_end ] --START--
INFO: Run Behavior\ShowPageTraceBehavior [ RunTime:0.000581s ]
INFO: [ app_end ] --END-- [ RunTime:0.000680s ]

[ 2016-05-13T16:16:52+08:00 ] ::1 /management_system/index.php/Home/Login/login
INFO: [ app_init ] --START--
INFO: Run Behavior\BuildLiteBehavior [ RunTime:0.000034s ]
INFO: [ app_init ] --END-- [ RunTime:0.000397s ]
INFO: [ app_begin ] --START--
INFO: Run Behavior\ReadHtmlCacheBehavior [ RunTime:0.000452s ]
INFO: [ app_begin ] --END-- [ RunTime:0.000559s ]
SQL: SHOW COLUMNS FROM `adminstrator` [ RunTime:0.0030s ]
SQL: SELECT * FROM `adminstrator` WHERE ( ID = '2013014118' AND Password = 'e10adc3949ba59abbe56e057f20f883e' ) LIMIT 1   [ RunTime:0.1087s ]
NOTIC: [8] Use of undefined constant username - assumed 'username' G:\wamp\www\management_system\Application\Home\Controller\LoginController.class.php 第 19 行.

[ 2016-05-13T16:16:52+08:00 ] ::1 /management_system/index.php/Home/Index/index.html
INFO: [ app_init ] --START--
INFO: Run Behavior\BuildLiteBehavior [ RunTime:0.000024s ]
INFO: [ app_init ] --END-- [ RunTime:0.000403s ]
INFO: [ app_begin ] --START--
INFO: Run Behavior\ReadHtmlCacheBehavior [ RunTime:0.000424s ]
INFO: [ app_begin ] --END-- [ RunTime:0.000525s ]
NOTIC: [8] Use of undefined constant username - assumed 'username' G:\wamp\www\management_system\Application\Home\Controller\IndexController.class.php 第 6 行.
SQL: SHOW COLUMNS FROM `adminstrator` [ RunTime:0.0037s ]
NOTIC: [8] Undefined index: manageid G:\wamp\www\management_system\Application\Home\Controller\IndexController.class.php 第 8 行.
NOTIC: [8] Use of undefined constant adminstratorid - assumed 'adminstratorid' G:\wamp\www\management_system\Application\Home\Controller\IndexController.class.php 第 25 行.
SQL: SELECT COUNT(*) AS tp_count FROM `adminstrator` LIMIT 1   [ RunTime:0.0002s ]
SQL: SELECT `Id`,`Password` FROM `adminstrator` ORDER BY id LIMIT 0,8   [ RunTime:0.0002s ]
INFO: [ view_parse ] --START--
INFO: [ template_filter ] --START--
INFO: Run Behavior\ContentReplaceBehavior [ RunTime:0.000113s ]
INFO: [ template_filter ] --END-- [ RunTime:0.000228s ]
NOTIC: [8] Undefined variable: title G:\wamp\www\management_system\Application\Runtime\Cache\Home\2a94b8bda04ff446dcedd42276fc99ee.php 第 5 行.
NOTIC: [8] Undefined variable: default2 G:\wamp\www\management_system\Application\Runtime\Cache\Home\2a94b8bda04ff446dcedd42276fc99ee.php 第 138 行.
NOTIC: [8] Undefined variable: default2 G:\wamp\www\management_system\Application\Runtime\Cache\Home\2a94b8bda04ff446dcedd42276fc99ee.php 第 200 行.
NOTIC: [8] Undefined variable: get_password G:\wamp\www\management_system\Application\Runtime\Cache\Home\2a94b8bda04ff446dcedd42276fc99ee.php 第 216 行.
INFO: Run Behavior\ParseTemplateBehavior [ RunTime:0.011592s ]
INFO: [ view_parse ] --END-- [ RunTime:0.011696s ]
INFO: [ view_filter ] --START--
INFO: Run Behavior\WriteHtmlCacheBehavior [ RunTime:0.000236s ]
INFO: [ view_filter ] --END-- [ RunTime:0.000327s ]
INFO: [ app_end ] --START--
INFO: Run Behavior\ShowPageTraceBehavior [ RunTime:0.000448s ]
INFO: [ app_end ] --END-- [ RunTime:0.000552s ]

[ 2016-05-13T16:16:59+08:00 ] ::1 /management_system/index.php/Home/Sysmessage/index
INFO: [ app_init ] --START--
INFO: Run Behavior\BuildLiteBehavior [ RunTime:0.000025s ]
INFO: [ app_init ] --END-- [ RunTime:0.000426s ]
INFO: [ app_begin ] --START--
INFO: Run Behavior\ReadHtmlCacheBehavior [ RunTime:0.000601s ]
INFO: [ app_begin ] --END-- [ RunTime:0.000713s ]
SQL: SHOW COLUMNS FROM `notification` [ RunTime:0.1167s ]
NOTIC: [8] Undefined index: messageid G:\wamp\www\management_system\Application\Home\Controller\SysmessageController.class.php 第 8 行.
SQL: SELECT COUNT(*) AS tp_count FROM `notification` LIMIT 1   [ RunTime:0.0003s ]
SQL: SELECT `Id`,`Time`,`Title` FROM `notification` ORDER BY Id LIMIT 0,8   [ RunTime:0.0002s ]
INFO: [ view_parse ] --START--
INFO: [ template_filter ] --START--
INFO: Run Behavior\ContentReplaceBehavior [ RunTime:0.000116s ]
INFO: [ template_filter ] --END-- [ RunTime:0.000247s ]
NOTIC: [8] Undefined variable: title G:\wamp\www\management_system\Application\Runtime\Cache\Home\4906699f7ece90c864b78b35c99024fe.php 第 5 行.
INFO: Run Behavior\ParseTemplateBehavior [ RunTime:0.044386s ]
INFO: [ view_parse ] --END-- [ RunTime:0.044499s ]
INFO: [ view_filter ] --START--
INFO: Run Behavior\WriteHtmlCacheBehavior [ RunTime:0.000235s ]
INFO: [ view_filter ] --END-- [ RunTime:0.000353s ]
INFO: [ app_end ] --START--
INFO: Run Behavior\ShowPageTraceBehavior [ RunTime:0.000428s ]
INFO: [ app_end ] --END-- [ RunTime:0.000544s ]

[ 2016-05-13T16:19:24+08:00 ] ::1 /management_system/index.php/Home/Stumanage/index
INFO: [ app_init ] --START--
INFO: Run Behavior\BuildLiteBehavior [ RunTime:0.000046s ]
INFO: [ app_init ] --END-- [ RunTime:0.000895s ]
INFO: [ app_begin ] --START--
INFO: Run Behavior\ReadHtmlCacheBehavior [ RunTime:0.001506s ]
INFO: [ app_begin ] --END-- [ RunTime:0.001679s ]
INFO: [ view_parse ] --START--
INFO: [ template_filter ] --START--
INFO: Run Behavior\ContentReplaceBehavior [ RunTime:0.000117s ]
INFO: [ template_filter ] --END-- [ RunTime:0.000271s ]
NOTIC: [8] Undefined variable: title G:\wamp\www\management_system\Application\Runtime\Cache\Home\6d17f075ba5031e2aaabba4d3714bbac.php 第 5 行.
NOTIC: [8] Undefined variable: news_list G:\wamp\www\management_system\Application\Runtime\Cache\Home\6d17f075ba5031e2aaabba4d3714bbac.php 第 172 行.
NOTIC: [8] Undefined variable: page_method G:\wamp\www\management_system\Application\Runtime\Cache\Home\6d17f075ba5031e2aaabba4d3714bbac.php 第 191 行.
NOTIC: [8] Undefined variable: stud_list G:\wamp\www\management_system\Application\Runtime\Cache\Home\6d17f075ba5031e2aaabba4d3714bbac.php 第 295 行.
NOTIC: [8] Undefined variable: page_method G:\wamp\www\management_system\Application\Runtime\Cache\Home\6d17f075ba5031e2aaabba4d3714bbac.php 第 310 行.
INFO: Run Behavior\ParseTemplateBehavior [ RunTime:0.084667s ]
INFO: [ view_parse ] --END-- [ RunTime:0.084790s ]
INFO: [ view_filter ] --START--
INFO: Run Behavior\WriteHtmlCacheBehavior [ RunTime:0.001056s ]
INFO: [ view_filter ] --END-- [ RunTime:0.001156s ]
INFO: [ app_end ] --START--
INFO: Run Behavior\ShowPageTraceBehavior [ RunTime:0.001688s ]
INFO: [ app_end ] --END-- [ RunTime:0.001837s ]

[ 2016-05-13T16:19:26+08:00 ] ::1 /management_system/index.php/Home/Coumanage/index
INFO: [ app_init ] --START--
INFO: Run Behavior\BuildLiteBehavior [ RunTime:0.000043s ]
INFO: [ app_init ] --END-- [ RunTime:0.000862s ]
INFO: [ app_begin ] --START--
INFO: Run Behavior\ReadHtmlCacheBehavior [ RunTime:0.001256s ]
INFO: [ app_begin ] --END-- [ RunTime:0.001374s ]
INFO: [ view_parse ] --START--
INFO: [ template_filter ] --START--
INFO: Run Behavior\ContentReplaceBehavior [ RunTime:0.000122s ]
INFO: [ template_filter ] --END-- [ RunTime:0.000243s ]
NOTIC: [8] Undefined variable: title G:\wamp\www\management_system\Application\Runtime\Cache\Home\18cba416b7585c4bd78ecc29712a4f23.php 第 5 行.
NOTIC: [8] Undefined variable: news_list G:\wamp\www\management_system\Application\Runtime\Cache\Home\18cba416b7585c4bd78ecc29712a4f23.php 第 172 行.
NOTIC: [8] Undefined variable: page_method G:\wamp\www\management_system\Application\Runtime\Cache\Home\18cba416b7585c4bd78ecc29712a4f23.php 第 191 行.
INFO: Run Behavior\ParseTemplateBehavior [ RunTime:0.080287s ]
INFO: [ view_parse ] --END-- [ RunTime:0.080441s ]
INFO: [ view_filter ] --START--
INFO: Run Behavior\WriteHtmlCacheBehavior [ RunTime:0.001066s ]
INFO: [ view_filter ] --END-- [ RunTime:0.001168s ]
INFO: [ app_end ] --START--
INFO: Run Behavior\ShowPageTraceBehavior [ RunTime:0.001224s ]
INFO: [ app_end ] --END-- [ RunTime:0.001326s ]

[ 2016-05-13T16:19:29+08:00 ] ::1 /management_system/index.php/Home/Sysmessage/index
INFO: [ app_init ] --START--
INFO: Run Behavior\BuildLiteBehavior [ RunTime:0.000026s ]
INFO: [ app_init ] --END-- [ RunTime:0.000613s ]
INFO: [ app_begin ] --START--
INFO: Run Behavior\ReadHtmlCacheBehavior [ RunTime:0.001828s ]
INFO: [ app_begin ] --END-- [ RunTime:0.001986s ]
SQL: SHOW COLUMNS FROM `notification` [ RunTime:0.0034s ]
NOTIC: [8] Undefined index: messageid G:\wamp\www\management_system\Application\Home\Controller\SysmessageController.class.php 第 8 行.
SQL: SELECT COUNT(*) AS tp_count FROM `notification` LIMIT 1   [ RunTime:0.0004s ]
SQL: SELECT `Id`,`Time`,`Title` FROM `notification` ORDER BY Id LIMIT 0,8   [ RunTime:0.0003s ]
INFO: [ view_parse ] --START--
INFO: [ template_filter ] --START--
INFO: Run Behavior\ContentReplaceBehavior [ RunTime:0.000115s ]
INFO: [ template_filter ] --END-- [ RunTime:0.000234s ]
NOTIC: [8] Undefined variable: title G:\wamp\www\management_system\Application\Runtime\Cache\Home\4906699f7ece90c864b78b35c99024fe.php 第 5 行.
INFO: Run Behavior\ParseTemplateBehavior [ RunTime:0.016724s ]
INFO: [ view_parse ] --END-- [ RunTime:0.016880s ]
INFO: [ view_filter ] --START--
INFO: Run Behavior\WriteHtmlCacheBehavior [ RunTime:0.001585s ]
INFO: [ view_filter ] --END-- [ RunTime:0.001770s ]
INFO: [ app_end ] --START--
INFO: Run Behavior\ShowPageTraceBehavior [ RunTime:0.001869s ]
INFO: [ app_end ] --END-- [ RunTime:0.002045s ]

[ 2016-05-13T16:30:28+08:00 ] ::1 /management_system/index.php/Home/Index/index
INFO: [ app_init ] --START--
INFO: Run Behavior\BuildLiteBehavior [ RunTime:0.000023s ]
INFO: [ app_init ] --END-- [ RunTime:0.000397s ]
INFO: [ app_begin ] --START--
INFO: Run Behavior\ReadHtmlCacheBehavior [ RunTime:0.000834s ]
INFO: [ app_begin ] --END-- [ RunTime:0.000941s ]
NOTIC: [8] Use of undefined constant username - assumed 'username' G:\wamp\www\management_system\Application\Home\Controller\IndexController.class.php 第 6 行.
SQL: SHOW COLUMNS FROM `adminstrator` [ RunTime:0.0023s ]
NOTIC: [8] Undefined index: manageid G:\wamp\www\management_system\Application\Home\Controller\IndexController.class.php 第 8 行.
NOTIC: [8] Use of undefined constant adminstratorid - assumed 'adminstratorid' G:\wamp\www\management_system\Application\Home\Controller\IndexController.class.php 第 25 行.
SQL: SELECT COUNT(*) AS tp_count FROM `adminstrator` LIMIT 1   [ RunTime:0.0003s ]
SQL: SELECT `Id`,`Password` FROM `adminstrator` ORDER BY id LIMIT 0,8   [ RunTime:0.0002s ]
INFO: [ view_parse ] --START--
INFO: [ template_filter ] --START--
INFO: Run Behavior\ContentReplaceBehavior [ RunTime:0.000118s ]
INFO: [ template_filter ] --END-- [ RunTime:0.000237s ]
NOTIC: [8] Undefined variable: title G:\wamp\www\management_system\Application\Runtime\Cache\Home\2a94b8bda04ff446dcedd42276fc99ee.php 第 5 行.
NOTIC: [8] Undefined variable: default2 G:\wamp\www\management_system\Application\Runtime\Cache\Home\2a94b8bda04ff446dcedd42276fc99ee.php 第 138 行.
NOTIC: [8] Undefined variable: default2 G:\wamp\www\management_system\Application\Runtime\Cache\Home\2a94b8bda04ff446dcedd42276fc99ee.php 第 200 行.
NOTIC: [8] Undefined variable: get_password G:\wamp\www\management_system\Application\Runtime\Cache\Home\2a94b8bda04ff446dcedd42276fc99ee.php 第 216 行.
INFO: Run Behavior\ParseTemplateBehavior [ RunTime:0.012057s ]
INFO: [ view_parse ] --END-- [ RunTime:0.012198s ]
INFO: [ view_filter ] --START--
INFO: Run Behavior\WriteHtmlCacheBehavior [ RunTime:0.000542s ]
INFO: [ view_filter ] --END-- [ RunTime:0.000638s ]
INFO: [ app_end ] --START--
INFO: Run Behavior\ShowPageTraceBehavior [ RunTime:0.000701s ]
INFO: [ app_end ] --END-- [ RunTime:0.000814s ]

[ 2016-05-13T16:30:31+08:00 ] ::1 /management_system/index.php/Home/Tecmanage/index
INFO: [ app_init ] --START--
INFO: Run Behavior\BuildLiteBehavior [ RunTime:0.000034s ]
INFO: [ app_init ] --END-- [ RunTime:0.000494s ]
INFO: [ app_begin ] --START--
INFO: Run Behavior\ReadHtmlCacheBehavior [ RunTime:0.000713s ]
INFO: [ app_begin ] --END-- [ RunTime:0.000822s ]
INFO: [ view_parse ] --START--
INFO: [ template_filter ] --START--
INFO: Run Behavior\ContentReplaceBehavior [ RunTime:0.000159s ]
INFO: [ template_filter ] --END-- [ RunTime:0.000336s ]
NOTIC: [8] Undefined variable: title G:\wamp\www\management_system\Application\Runtime\Cache\Home\3917728b9387331b9c01e4d448b4d63f.php 第 5 行.
NOTIC: [8] Undefined variable: news_list G:\wamp\www\management_system\Application\Runtime\Cache\Home\3917728b9387331b9c01e4d448b4d63f.php 第 167 行.
NOTIC: [8] Undefined variable: page_method G:\wamp\www\management_system\Application\Runtime\Cache\Home\3917728b9387331b9c01e4d448b4d63f.php 第 186 行.
INFO: Run Behavior\ParseTemplateBehavior [ RunTime:0.040305s ]
INFO: [ view_parse ] --END-- [ RunTime:0.040417s ]
INFO: [ view_filter ] --START--
INFO: Run Behavior\WriteHtmlCacheBehavior [ RunTime:0.000505s ]
INFO: [ view_filter ] --END-- [ RunTime:0.000600s ]
INFO: [ app_end ] --START--
INFO: Run Behavior\ShowPageTraceBehavior [ RunTime:0.000660s ]
INFO: [ app_end ] --END-- [ RunTime:0.000779s ]

[ 2016-05-13T16:31:14+08:00 ] ::1 /management_system/index.php/Home/Sysmessage/index
INFO: [ app_init ] --START--
INFO: Run Behavior\BuildLiteBehavior [ RunTime:0.000031s ]
INFO: [ app_init ] --END-- [ RunTime:0.000425s ]
INFO: [ app_begin ] --START--
INFO: Run Behavior\ReadHtmlCacheBehavior [ RunTime:0.000674s ]
INFO: [ app_begin ] --END-- [ RunTime:0.000775s ]
SQL: SHOW COLUMNS FROM `notification` [ RunTime:0.0026s ]
NOTIC: [8] Undefined index: messageid G:\wamp\www\management_system\Application\Home\Controller\SysmessageController.class.php 第 8 行.
SQL: SELECT COUNT(*) AS tp_count FROM `notification` LIMIT 1   [ RunTime:0.0003s ]
SQL: SELECT `Id`,`Time`,`Title` FROM `notification` ORDER BY Id LIMIT 0,8   [ RunTime:0.0003s ]
INFO: [ view_parse ] --START--
INFO: [ template_filter ] --START--
INFO: Run Behavior\ContentReplaceBehavior [ RunTime:0.000117s ]
INFO: [ template_filter ] --END-- [ RunTime:0.000242s ]
NOTIC: [8] Undefined variable: title G:\wamp\www\management_system\Application\Runtime\Cache\Home\4906699f7ece90c864b78b35c99024fe.php 第 5 行.
INFO: Run Behavior\ParseTemplateBehavior [ RunTime:0.011353s ]
INFO: [ view_parse ] --END-- [ RunTime:0.011457s ]
INFO: [ view_filter ] --START--
INFO: Run Behavior\WriteHtmlCacheBehavior [ RunTime:0.000426s ]
INFO: [ view_filter ] --END-- [ RunTime:0.000518s ]
INFO: [ app_end ] --START--
INFO: Run Behavior\ShowPageTraceBehavior [ RunTime:0.000647s ]
INFO: [ app_end ] --END-- [ RunTime:0.000743s ]

[ 2016-05-13T16:31:16+08:00 ] ::1 /management_system/index.php/Home/Degmessage/index
INFO: [ app_init ] --START--
INFO: Run Behavior\BuildLiteBehavior [ RunTime:0.000024s ]
INFO: [ app_init ] --END-- [ RunTime:0.000427s ]
INFO: [ app_begin ] --START--
INFO: Run Behavior\ReadHtmlCacheBehavior [ RunTime:0.000695s ]
INFO: [ app_begin ] --END-- [ RunTime:0.000855s ]
INFO: [ view_parse ] --START--
INFO: [ template_filter ] --START--
INFO: Run Behavior\ContentReplaceBehavior [ RunTime:0.000128s ]
INFO: [ template_filter ] --END-- [ RunTime:0.000257s ]
NOTIC: [8] Undefined variable: title G:\wamp\www\management_system\Application\Runtime\Cache\Home\000d5cbf37cfc005587977598f200fb6.php 第 5 行.
NOTIC: [8] Undefined variable: news_list G:\wamp\www\management_system\Application\Runtime\Cache\Home\000d5cbf37cfc005587977598f200fb6.php 第 167 行.
NOTIC: [8] Undefined variable: page_method G:\wamp\www\management_system\Application\Runtime\Cache\Home\000d5cbf37cfc005587977598f200fb6.php 第 186 行.
INFO: Run Behavior\ParseTemplateBehavior [ RunTime:0.016566s ]
INFO: [ view_parse ] --END-- [ RunTime:0.016680s ]
INFO: [ view_filter ] --START--
INFO: Run Behavior\WriteHtmlCacheBehavior [ RunTime:0.000478s ]
INFO: [ view_filter ] --END-- [ RunTime:0.000589s ]
INFO: [ app_end ] --START--
INFO: Run Behavior\ShowPageTraceBehavior [ RunTime:0.000703s ]
INFO: [ app_end ] --END-- [ RunTime:0.000805s ]

[ 2016-05-13T16:31:28+08:00 ] ::1 /management_system/index.php/Home/Index/index
INFO: [ app_init ] --START--
INFO: Run Behavior\BuildLiteBehavior [ RunTime:0.000023s ]
INFO: [ app_init ] --END-- [ RunTime:0.000404s ]
INFO: [ app_begin ] --START--
INFO: Run Behavior\ReadHtmlCacheBehavior [ RunTime:0.000670s ]
INFO: [ app_begin ] --END-- [ RunTime:0.000791s ]
NOTIC: [8] Use of undefined constant username - assumed 'username' G:\wamp\www\management_system\Application\Home\Controller\IndexController.class.php 第 6 行.
SQL: SHOW COLUMNS FROM `adminstrator` [ RunTime:0.0026s ]
NOTIC: [8] Undefined index: manageid G:\wamp\www\management_system\Application\Home\Controller\IndexController.class.php 第 8 行.
NOTIC: [8] Use of undefined constant adminstratorid - assumed 'adminstratorid' G:\wamp\www\management_system\Application\Home\Controller\IndexController.class.php 第 25 行.
SQL: SELECT COUNT(*) AS tp_count FROM `adminstrator` LIMIT 1   [ RunTime:0.0002s ]
SQL: SELECT `Id`,`Password` FROM `adminstrator` ORDER BY id LIMIT 0,8   [ RunTime:0.0003s ]
INFO: [ view_parse ] --START--
INFO: [ template_filter ] --START--
INFO: Run Behavior\ContentReplaceBehavior [ RunTime:0.000121s ]
INFO: [ template_filter ] --END-- [ RunTime:0.000246s ]
NOTIC: [8] Undefined variable: title G:\wamp\www\management_system\Application\Runtime\Cache\Home\2a94b8bda04ff446dcedd42276fc99ee.php 第 5 行.
NOTIC: [8] Undefined variable: default2 G:\wamp\www\management_system\Application\Runtime\Cache\Home\2a94b8bda04ff446dcedd42276fc99ee.php 第 138 行.
NOTIC: [8] Undefined variable: default2 G:\wamp\www\management_system\Application\Runtime\Cache\Home\2a94b8bda04ff446dcedd42276fc99ee.php 第 200 行.
NOTIC: [8] Undefined variable: get_password G:\wamp\www\management_system\Application\Runtime\Cache\Home\2a94b8bda04ff446dcedd42276fc99ee.php 第 216 行.
INFO: Run Behavior\ParseTemplateBehavior [ RunTime:0.011944s ]
INFO: [ view_parse ] --END-- [ RunTime:0.012089s ]
INFO: [ view_filter ] --START--
INFO: Run Behavior\WriteHtmlCacheBehavior [ RunTime:0.000465s ]
INFO: [ view_filter ] --END-- [ RunTime:0.000557s ]
INFO: [ app_end ] --START--
INFO: Run Behavior\ShowPageTraceBehavior [ RunTime:0.000688s ]
INFO: [ app_end ] --END-- [ RunTime:0.000782s ]

[ 2016-05-13T16:32:14+08:00 ] ::1 /management_system/index.php/Home/Tecmanage/index
INFO: [ app_init ] --START--
INFO: Run Behavior\BuildLiteBehavior [ RunTime:0.000025s ]
INFO: [ app_init ] --END-- [ RunTime:0.000450s ]
INFO: [ app_begin ] --START--
INFO: Run Behavior\ReadHtmlCacheBehavior [ RunTime:0.000726s ]
INFO: [ app_begin ] --END-- [ RunTime:0.000827s ]
INFO: [ view_parse ] --START--
INFO: [ template_filter ] --START--
INFO: Run Behavior\ContentReplaceBehavior [ RunTime:0.000117s ]
INFO: [ template_filter ] --END-- [ RunTime:0.000236s ]
NOTIC: [8] Undefined variable: title G:\wamp\www\management_system\Application\Runtime\Cache\Home\3917728b9387331b9c01e4d448b4d63f.php 第 5 行.
NOTIC: [8] Undefined variable: news_list G:\wamp\www\management_system\Application\Runtime\Cache\Home\3917728b9387331b9c01e4d448b4d63f.php 第 167 行.
NOTIC: [8] Undefined variable: page_method G:\wamp\www\management_system\Application\Runtime\Cache\Home\3917728b9387331b9c01e4d448b4d63f.php 第 186 行.
INFO: Run Behavior\ParseTemplateBehavior [ RunTime:0.012971s ]
INFO: [ view_parse ] --END-- [ RunTime:0.013079s ]
INFO: [ view_filter ] --START--
INFO: Run Behavior\WriteHtmlCacheBehavior [ RunTime:0.000473s ]
INFO: [ view_filter ] --END-- [ RunTime:0.000571s ]
INFO: [ app_end ] --START--
INFO: Run Behavior\ShowPageTraceBehavior [ RunTime:0.000712s ]
INFO: [ app_end ] --END-- [ RunTime:0.000822s ]

[ 2016-05-13T16:32:16+08:00 ] ::1 /management_system/index.php/Home/Stumanage/index
INFO: [ app_init ] --START--
INFO: Run Behavior\BuildLiteBehavior [ RunTime:0.000023s ]
INFO: [ app_init ] --END-- [ RunTime:0.000392s ]
INFO: [ app_begin ] --START--
INFO: Run Behavior\ReadHtmlCacheBehavior [ RunTime:0.000662s ]
INFO: [ app_begin ] --END-- [ RunTime:0.000763s ]
INFO: [ view_parse ] --START--
INFO: [ template_filter ] --START--
INFO: Run Behavior\ContentReplaceBehavior [ RunTime:0.000128s ]
INFO: [ template_filter ] --END-- [ RunTime:0.000270s ]
NOTIC: [8] Undefined variable: title G:\wamp\www\management_system\Application\Runtime\Cache\Home\6d17f075ba5031e2aaabba4d3714bbac.php 第 5 行.
NOTIC: [8] Undefined variable: news_list G:\wamp\www\management_system\Application\Runtime\Cache\Home\6d17f075ba5031e2aaabba4d3714bbac.php 第 172 行.
NOTIC: [8] Undefined variable: page_method G:\wamp\www\management_system\Application\Runtime\Cache\Home\6d17f075ba5031e2aaabba4d3714bbac.php 第 191 行.
NOTIC: [8] Undefined variable: stud_list G:\wamp\www\management_system\Application\Runtime\Cache\Home\6d17f075ba5031e2aaabba4d3714bbac.php 第 295 行.
NOTIC: [8] Undefined variable: page_method G:\wamp\www\management_system\Application\Runtime\Cache\Home\6d17f075ba5031e2aaabba4d3714bbac.php 第 310 行.
INFO: Run Behavior\ParseTemplateBehavior [ RunTime:0.015344s ]
INFO: [ view_parse ] --END-- [ RunTime:0.015485s ]
INFO: [ view_filter ] --START--
INFO: Run Behavior\WriteHtmlCacheBehavior [ RunTime:0.000501s ]
INFO: [ view_filter ] --END-- [ RunTime:0.000609s ]
INFO: [ app_end ] --START--
INFO: Run Behavior\ShowPageTraceBehavior [ RunTime:0.000834s ]
INFO: [ app_end ] --END-- [ RunTime:0.000950s ]

[ 2016-05-13T16:32:18+08:00 ] ::1 /management_system/index.php/Home/Coumanage/index
INFO: [ app_init ] --START--
INFO: Run Behavior\BuildLiteBehavior [ RunTime:0.000026s ]
INFO: [ app_init ] --END-- [ RunTime:0.000477s ]
INFO: [ app_begin ] --START--
INFO: Run Behavior\ReadHtmlCacheBehavior [ RunTime:0.000923s ]
INFO: [ app_begin ] --END-- [ RunTime:0.001059s ]
INFO: [ view_parse ] --START--
INFO: [ template_filter ] --START--
INFO: Run Behavior\ContentReplaceBehavior [ RunTime:0.000162s ]
INFO: [ template_filter ] --END-- [ RunTime:0.000289s ]
NOTIC: [8] Undefined variable: title G:\wamp\www\management_system\Application\Runtime\Cache\Home\18cba416b7585c4bd78ecc29712a4f23.php 第 5 行.
NOTIC: [8] Undefined variable: news_list G:\wamp\www\management_system\Application\Runtime\Cache\Home\18cba416b7585c4bd78ecc29712a4f23.php 第 172 行.
NOTIC: [8] Undefined variable: page_method G:\wamp\www\management_system\Application\Runtime\Cache\Home\18cba416b7585c4bd78ecc29712a4f23.php 第 191 行.
INFO: Run Behavior\ParseTemplateBehavior [ RunTime:0.013949s ]
INFO: [ view_parse ] --END-- [ RunTime:0.014081s ]
INFO: [ view_filter ] --START--
INFO: Run Behavior\WriteHtmlCacheBehavior [ RunTime:0.000511s ]
INFO: [ view_filter ] --END-- [ RunTime:0.000613s ]
INFO: [ app_end ] --START--
INFO: Run Behavior\ShowPageTraceBehavior [ RunTime:0.000957s ]
INFO: [ app_end ] --END-- [ RunTime:0.001117s ]

[ 2016-05-13T16:32:20+08:00 ] ::1 /management_system/index.php/Home/Clamanage/index
INFO: [ app_init ] --START--
INFO: Run Behavior\BuildLiteBehavior [ RunTime:0.000027s ]
INFO: [ app_init ] --END-- [ RunTime:0.000467s ]
INFO: [ app_begin ] --START--
INFO: Run Behavior\ReadHtmlCacheBehavior [ RunTime:0.000774s ]
INFO: [ app_begin ] --END-- [ RunTime:0.000904s ]
INFO: [ view_parse ] --START--
INFO: [ template_filter ] --START--
INFO: Run Behavior\ContentReplaceBehavior [ RunTime:0.000122s ]
INFO: [ template_filter ] --END-- [ RunTime:0.000245s ]
NOTIC: [8] Undefined variable: title G:\wamp\www\management_system\Application\Runtime\Cache\Home\c6f90f0fc0e82e784911a8a024f15f1f.php 第 5 行.
NOTIC: [8] Undefined variable: news_list G:\wamp\www\management_system\Application\Runtime\Cache\Home\c6f90f0fc0e82e784911a8a024f15f1f.php 第 167 行.
NOTIC: [8] Undefined variable: page_method G:\wamp\www\management_system\Application\Runtime\Cache\Home\c6f90f0fc0e82e784911a8a024f15f1f.php 第 186 行.
INFO: Run Behavior\ParseTemplateBehavior [ RunTime:0.016141s ]
INFO: [ view_parse ] --END-- [ RunTime:0.016307s ]
INFO: [ view_filter ] --START--
INFO: Run Behavior\WriteHtmlCacheBehavior [ RunTime:0.000510s ]
INFO: [ view_filter ] --END-- [ RunTime:0.000625s ]
INFO: [ app_end ] --START--
INFO: Run Behavior\ShowPageTraceBehavior [ RunTime:0.000854s ]
INFO: [ app_end ] --END-- [ RunTime:0.000984s ]

[ 2016-05-13T16:32:21+08:00 ] ::1 /management_system/index.php/Home/Coumanage/index
INFO: [ app_init ] --START--
INFO: Run Behavior\BuildLiteBehavior [ RunTime:0.000024s ]
INFO: [ app_init ] --END-- [ RunTime:0.000408s ]
INFO: [ app_begin ] --START--
INFO: Run Behavior\ReadHtmlCacheBehavior [ RunTime:0.000670s ]
INFO: [ app_begin ] --END-- [ RunTime:0.000770s ]
INFO: [ view_parse ] --START--
INFO: [ template_filter ] --START--
INFO: Run Behavior\ContentReplaceBehavior [ RunTime:0.000113s ]
INFO: [ template_filter ] --END-- [ RunTime:0.000220s ]
NOTIC: [8] Undefined variable: title G:\wamp\www\management_system\Application\Runtime\Cache\Home\18cba416b7585c4bd78ecc29712a4f23.php 第 5 行.
NOTIC: [8] Undefined variable: news_list G:\wamp\www\management_system\Application\Runtime\Cache\Home\18cba416b7585c4bd78ecc29712a4f23.php 第 172 行.
NOTIC: [8] Undefined variable: page_method G:\wamp\www\management_system\Application\Runtime\Cache\Home\18cba416b7585c4bd78ecc29712a4f23.php 第 191 行.
INFO: Run Behavior\ParseTemplateBehavior [ RunTime:0.011988s ]
INFO: [ view_parse ] --END-- [ RunTime:0.012093s ]
INFO: [ view_filter ] --START--
INFO: Run Behavior\WriteHtmlCacheBehavior [ RunTime:0.000466s ]
INFO: [ view_filter ] --END-- [ RunTime:0.000559s ]
INFO: [ app_end ] --START--
INFO: Run Behavior\ShowPageTraceBehavior [ RunTime:0.000691s ]
INFO: [ app_end ] --END-- [ RunTime:0.000795s ]

[ 2016-05-13T16:32:23+08:00 ] ::1 /management_system/index.php/Home/Tecmanage/index
INFO: [ app_init ] --START--
INFO: Run Behavior\BuildLiteBehavior [ RunTime:0.000040s ]
INFO: [ app_init ] --END-- [ RunTime:0.000424s ]
INFO: [ app_begin ] --START--
INFO: Run Behavior\ReadHtmlCacheBehavior [ RunTime:0.000676s ]
INFO: [ app_begin ] --END-- [ RunTime:0.000776s ]
INFO: [ view_parse ] --START--
INFO: [ template_filter ] --START--
INFO: Run Behavior\ContentReplaceBehavior [ RunTime:0.000184s ]
INFO: [ template_filter ] --END-- [ RunTime:0.000379s ]
NOTIC: [8] Undefined variable: title G:\wamp\www\management_system\Application\Runtime\Cache\Home\3917728b9387331b9c01e4d448b4d63f.php 第 5 行.
NOTIC: [8] Undefined variable: news_list G:\wamp\www\management_system\Application\Runtime\Cache\Home\3917728b9387331b9c01e4d448b4d63f.php 第 167 行.
NOTIC: [8] Undefined variable: page_method G:\wamp\www\management_system\Application\Runtime\Cache\Home\3917728b9387331b9c01e4d448b4d63f.php 第 186 行.
INFO: Run Behavior\ParseTemplateBehavior [ RunTime:0.014706s ]
INFO: [ view_parse ] --END-- [ RunTime:0.014819s ]
INFO: [ view_filter ] --START--
INFO: Run Behavior\WriteHtmlCacheBehavior [ RunTime:0.000446s ]
INFO: [ view_filter ] --END-- [ RunTime:0.000551s ]
INFO: [ app_end ] --START--
INFO: Run Behavior\ShowPageTraceBehavior [ RunTime:0.000697s ]
INFO: [ app_end ] --END-- [ RunTime:0.000794s ]

[ 2016-05-13T16:32:24+08:00 ] ::1 /management_system/index.php/Home/Stumanage/index
INFO: [ app_init ] --START--
INFO: Run Behavior\BuildLiteBehavior [ RunTime:0.000026s ]
INFO: [ app_init ] --END-- [ RunTime:0.000428s ]
INFO: [ app_begin ] --START--
INFO: Run Behavior\ReadHtmlCacheBehavior [ RunTime:0.000689s ]
INFO: [ app_begin ] --END-- [ RunTime:0.000796s ]
INFO: [ view_parse ] --START--
INFO: [ template_filter ] --START--
INFO: Run Behavior\ContentReplaceBehavior [ RunTime:0.000153s ]
INFO: [ template_filter ] --END-- [ RunTime:0.000289s ]
NOTIC: [8] Undefined variable: title G:\wamp\www\management_system\Application\Runtime\Cache\Home\6d17f075ba5031e2aaabba4d3714bbac.php 第 5 行.
NOTIC: [8] Undefined variable: news_list G:\wamp\www\management_system\Application\Runtime\Cache\Home\6d17f075ba5031e2aaabba4d3714bbac.php 第 172 行.
NOTIC: [8] Undefined variable: page_method G:\wamp\www\management_system\Application\Runtime\Cache\Home\6d17f075ba5031e2aaabba4d3714bbac.php 第 191 行.
NOTIC: [8] Undefined variable: stud_list G:\wamp\www\management_system\Application\Runtime\Cache\Home\6d17f075ba5031e2aaabba4d3714bbac.php 第 295 行.
NOTIC: [8] Undefined variable: page_method G:\wamp\www\management_system\Application\Runtime\Cache\Home\6d17f075ba5031e2aaabba4d3714bbac.php 第 310 行.
INFO: Run Behavior\ParseTemplateBehavior [ RunTime:0.014351s ]
INFO: [ view_parse ] --END-- [ RunTime:0.014453s ]
INFO: [ view_filter ] --START--
INFO: Run Behavior\WriteHtmlCacheBehavior [ RunTime:0.000449s ]
INFO: [ view_filter ] --END-- [ RunTime:0.000540s ]
INFO: [ app_end ] --START--
INFO: Run Behavior\ShowPageTraceBehavior [ RunTime:0.000682s ]
INFO: [ app_end ] --END-- [ RunTime:0.000776s ]

[ 2016-05-13T16:32:26+08:00 ] ::1 /management_system/index.php/Home/Coumanage/index
INFO: [ app_init ] --START--
INFO: Run Behavior\BuildLiteBehavior [ RunTime:0.000023s ]
INFO: [ app_init ] --END-- [ RunTime:0.000392s ]
INFO: [ app_begin ] --START--
INFO: Run Behavior\ReadHtmlCacheBehavior [ RunTime:0.000641s ]
INFO: [ app_begin ] --END-- [ RunTime:0.000741s ]
INFO: [ view_parse ] --START--
INFO: [ template_filter ] --START--
INFO: Run Behavior\ContentReplaceBehavior [ RunTime:0.000114s ]
INFO: [ template_filter ] --END-- [ RunTime:0.000223s ]
NOTIC: [8] Undefined variable: title G:\wamp\www\management_system\Application\Runtime\Cache\Home\18cba416b7585c4bd78ecc29712a4f23.php 第 5 行.
NOTIC: [8] Undefined variable: news_list G:\wamp\www\management_system\Application\Runtime\Cache\Home\18cba416b7585c4bd78ecc29712a4f23.php 第 172 行.
NOTIC: [8] Undefined variable: page_method G:\wamp\www\management_system\Application\Runtime\Cache\Home\18cba416b7585c4bd78ecc29712a4f23.php 第 191 行.
INFO: Run Behavior\ParseTemplateBehavior [ RunTime:0.011926s ]
INFO: [ view_parse ] --END-- [ RunTime:0.012047s ]
INFO: [ view_filter ] --START--
INFO: Run Behavior\WriteHtmlCacheBehavior [ RunTime:0.000454s ]
INFO: [ view_filter ] --END-- [ RunTime:0.000559s ]
INFO: [ app_end ] --START--
INFO: Run Behavior\ShowPageTraceBehavior [ RunTime:0.000683s ]
INFO: [ app_end ] --END-- [ RunTime:0.000778s ]

[ 2016-05-13T16:32:27+08:00 ] ::1 /management_system/index.php/Home/Clamanage/index
INFO: [ app_init ] --START--
INFO: Run Behavior\BuildLiteBehavior [ RunTime:0.000036s ]
INFO: [ app_init ] --END-- [ RunTime:0.000422s ]
INFO: [ app_begin ] --START--
INFO: Run Behavior\ReadHtmlCacheBehavior [ RunTime:0.000669s ]
INFO: [ app_begin ] --END-- [ RunTime:0.000769s ]
INFO: [ view_parse ] --START--
INFO: [ template_filter ] --START--
INFO: Run Behavior\ContentReplaceBehavior [ RunTime:0.000137s ]
INFO: [ template_filter ] --END-- [ RunTime:0.000276s ]
NOTIC: [8] Undefined variable: title G:\wamp\www\management_system\Application\Runtime\Cache\Home\c6f90f0fc0e82e784911a8a024f15f1f.php 第 5 行.
NOTIC: [8] Undefined variable: news_list G:\wamp\www\management_system\Application\Runtime\Cache\Home\c6f90f0fc0e82e784911a8a024f15f1f.php 第 167 行.
NOTIC: [8] Undefined variable: page_method G:\wamp\www\management_system\Application\Runtime\Cache\Home\c6f90f0fc0e82e784911a8a024f15f1f.php 第 186 行.
INFO: Run Behavior\ParseTemplateBehavior [ RunTime:0.012040s ]
INFO: [ view_parse ] --END-- [ RunTime:0.012142s ]
INFO: [ view_filter ] --START--
INFO: Run Behavior\WriteHtmlCacheBehavior [ RunTime:0.000466s ]
INFO: [ view_filter ] --END-- [ RunTime:0.000557s ]
INFO: [ app_end ] --START--
INFO: Run Behavior\ShowPageTraceBehavior [ RunTime:0.000681s ]
INFO: [ app_end ] --END-- [ RunTime:0.000776s ]

[ 2016-05-13T16:32:30+08:00 ] ::1 /management_system/index.php/Home/Sysmessage/index
INFO: [ app_init ] --START--
INFO: Run Behavior\BuildLiteBehavior [ RunTime:0.000024s ]
INFO: [ app_init ] --END-- [ RunTime:0.000420s ]
INFO: [ app_begin ] --START--
INFO: Run Behavior\ReadHtmlCacheBehavior [ RunTime:0.000665s ]
INFO: [ app_begin ] --END-- [ RunTime:0.000765s ]
SQL: SHOW COLUMNS FROM `notification` [ RunTime:0.0028s ]
NOTIC: [8] Undefined index: messageid G:\wamp\www\management_system\Application\Home\Controller\SysmessageController.class.php 第 8 行.
SQL: SELECT COUNT(*) AS tp_count FROM `notification` LIMIT 1   [ RunTime:0.0003s ]
SQL: SELECT `Id`,`Time`,`Title` FROM `notification` ORDER BY Id LIMIT 0,8   [ RunTime:0.0003s ]
INFO: [ view_parse ] --START--
INFO: [ template_filter ] --START--
INFO: Run Behavior\ContentReplaceBehavior [ RunTime:0.000129s ]
INFO: [ template_filter ] --END-- [ RunTime:0.000264s ]
NOTIC: [8] Undefined variable: title G:\wamp\www\management_system\Application\Runtime\Cache\Home\4906699f7ece90c864b78b35c99024fe.php 第 5 行.
INFO: Run Behavior\ParseTemplateBehavior [ RunTime:0.010903s ]
INFO: [ view_parse ] --END-- [ RunTime:0.011014s ]
INFO: [ view_filter ] --START--
INFO: Run Behavior\WriteHtmlCacheBehavior [ RunTime:0.000467s ]
INFO: [ view_filter ] --END-- [ RunTime:0.000559s ]
INFO: [ app_end ] --START--
INFO: Run Behavior\ShowPageTraceBehavior [ RunTime:0.000650s ]
INFO: [ app_end ] --END-- [ RunTime:0.000805s ]

[ 2016-05-13T16:32:32+08:00 ] ::1 /management_system/index.php/Home/Degmessage/index
INFO: [ app_init ] --START--
INFO: Run Behavior\BuildLiteBehavior [ RunTime:0.000024s ]
INFO: [ app_init ] --END-- [ RunTime:0.000438s ]
INFO: [ app_begin ] --START--
INFO: Run Behavior\ReadHtmlCacheBehavior [ RunTime:0.000674s ]
INFO: [ app_begin ] --END-- [ RunTime:0.000773s ]
INFO: [ view_parse ] --START--
INFO: [ template_filter ] --START--
INFO: Run Behavior\ContentReplaceBehavior [ RunTime:0.000146s ]
INFO: [ template_filter ] --END-- [ RunTime:0.000283s ]
NOTIC: [8] Undefined variable: title G:\wamp\www\management_system\Application\Runtime\Cache\Home\000d5cbf37cfc005587977598f200fb6.php 第 5 行.
NOTIC: [8] Undefined variable: news_list G:\wamp\www\management_system\Application\Runtime\Cache\Home\000d5cbf37cfc005587977598f200fb6.php 第 167 行.
NOTIC: [8] Undefined variable: page_method G:\wamp\www\management_system\Application\Runtime\Cache\Home\000d5cbf37cfc005587977598f200fb6.php 第 186 行.
INFO: Run Behavior\ParseTemplateBehavior [ RunTime:0.012882s ]
INFO: [ view_parse ] --END-- [ RunTime:0.013024s ]
INFO: [ view_filter ] --START--
INFO: Run Behavior\WriteHtmlCacheBehavior [ RunTime:0.000507s ]
INFO: [ view_filter ] --END-- [ RunTime:0.000600s ]
INFO: [ app_end ] --START--
INFO: Run Behavior\ShowPageTraceBehavior [ RunTime:0.000706s ]
INFO: [ app_end ] --END-- [ RunTime:0.000802s ]

[ 2016-05-13T16:32:35+08:00 ] ::1 /management_system/index.php/Home/Sysmessage/index
INFO: [ app_init ] --START--
INFO: Run Behavior\BuildLiteBehavior [ RunTime:0.000023s ]
INFO: [ app_init ] --END-- [ RunTime:0.000393s ]
INFO: [ app_begin ] --START--
INFO: Run Behavior\ReadHtmlCacheBehavior [ RunTime:0.000719s ]
INFO: [ app_begin ] --END-- [ RunTime:0.000822s ]
SQL: SHOW COLUMNS FROM `notification` [ RunTime:0.0028s ]
NOTIC: [8] Undefined index: messageid G:\wamp\www\management_system\Application\Home\Controller\SysmessageController.class.php 第 8 行.
SQL: SELECT COUNT(*) AS tp_count FROM `notification` LIMIT 1   [ RunTime:0.0003s ]
SQL: SELECT `Id`,`Time`,`Title` FROM `notification` ORDER BY Id LIMIT 0,8   [ RunTime:0.0003s ]
INFO: [ view_parse ] --START--
INFO: [ template_filter ] --START--
INFO: Run Behavior\ContentReplaceBehavior [ RunTime:0.000170s ]
INFO: [ template_filter ] --END-- [ RunTime:0.000362s ]
NOTIC: [8] Undefined variable: title G:\wamp\www\management_system\Application\Runtime\Cache\Home\4906699f7ece90c864b78b35c99024fe.php 第 5 行.
INFO: Run Behavior\ParseTemplateBehavior [ RunTime:0.012464s ]
INFO: [ view_parse ] --END-- [ RunTime:0.012579s ]
INFO: [ view_filter ] --START--
INFO: Run Behavior\WriteHtmlCacheBehavior [ RunTime:0.000752s ]
INFO: [ view_filter ] --END-- [ RunTime:0.000921s ]
INFO: [ app_end ] --START--
INFO: Run Behavior\ShowPageTraceBehavior [ RunTime:0.000684s ]
INFO: [ app_end ] --END-- [ RunTime:0.000782s ]

[ 2016-05-13T16:32:50+08:00 ] ::1 /management_system/index.php/Home/Tecmanage/index
INFO: [ app_init ] --START--
INFO: Run Behavior\BuildLiteBehavior [ RunTime:0.000023s ]
INFO: [ app_init ] --END-- [ RunTime:0.000420s ]
INFO: [ app_begin ] --START--
INFO: Run Behavior\ReadHtmlCacheBehavior [ RunTime:0.000692s ]
INFO: [ app_begin ] --END-- [ RunTime:0.000792s ]
INFO: [ view_parse ] --START--
INFO: [ template_filter ] --START--
INFO: Run Behavior\ContentReplaceBehavior [ RunTime:0.000138s ]
INFO: [ template_filter ] --END-- [ RunTime:0.000255s ]
NOTIC: [8] Undefined variable: title G:\wamp\www\management_system\Application\Runtime\Cache\Home\3917728b9387331b9c01e4d448b4d63f.php 第 5 行.
NOTIC: [8] Undefined variable: news_list G:\wamp\www\management_system\Application\Runtime\Cache\Home\3917728b9387331b9c01e4d448b4d63f.php 第 167 行.
NOTIC: [8] Undefined variable: page_method G:\wamp\www\management_system\Application\Runtime\Cache\Home\3917728b9387331b9c01e4d448b4d63f.php 第 186 行.
INFO: Run Behavior\ParseTemplateBehavior [ RunTime:0.013168s ]
INFO: [ view_parse ] --END-- [ RunTime:0.013274s ]
INFO: [ view_filter ] --START--
INFO: Run Behavior\WriteHtmlCacheBehavior [ RunTime:0.000480s ]
INFO: [ view_filter ] --END-- [ RunTime:0.000603s ]
INFO: [ app_end ] --START--
INFO: Run Behavior\ShowPageTraceBehavior [ RunTime:0.000672s ]
INFO: [ app_end ] --END-- [ RunTime:0.000765s ]

[ 2016-05-13T16:33:53+08:00 ] ::1 /management_system/index.php/Home/Stumanage/index
INFO: [ app_init ] --START--
INFO: Run Behavior\BuildLiteBehavior [ RunTime:0.000023s ]
INFO: [ app_init ] --END-- [ RunTime:0.000411s ]
INFO: [ app_begin ] --START--
INFO: Run Behavior\ReadHtmlCacheBehavior [ RunTime:0.000685s ]
INFO: [ app_begin ] --END-- [ RunTime:0.000787s ]
INFO: [ view_parse ] --START--
INFO: [ template_filter ] --START--
INFO: Run Behavior\ContentReplaceBehavior [ RunTime:0.000120s ]
INFO: [ template_filter ] --END-- [ RunTime:0.000253s ]
NOTIC: [8] Undefined variable: title G:\wamp\www\management_system\Application\Runtime\Cache\Home\6d17f075ba5031e2aaabba4d3714bbac.php 第 5 行.
NOTIC: [8] Undefined variable: news_list G:\wamp\www\management_system\Application\Runtime\Cache\Home\6d17f075ba5031e2aaabba4d3714bbac.php 第 172 行.
NOTIC: [8] Undefined variable: page_method G:\wamp\www\management_system\Application\Runtime\Cache\Home\6d17f075ba5031e2aaabba4d3714bbac.php 第 191 行.
NOTIC: [8] Undefined variable: stud_list G:\wamp\www\management_system\Application\Runtime\Cache\Home\6d17f075ba5031e2aaabba4d3714bbac.php 第 295 行.
NOTIC: [8] Undefined variable: page_method G:\wamp\www\management_system\Application\Runtime\Cache\Home\6d17f075ba5031e2aaabba4d3714bbac.php 第 310 行.
INFO: Run Behavior\ParseTemplateBehavior [ RunTime:0.013996s ]
INFO: [ view_parse ] --END-- [ RunTime:0.014097s ]
INFO: [ view_filter ] --START--
INFO: Run Behavior\WriteHtmlCacheBehavior [ RunTime:0.000480s ]
INFO: [ view_filter ] --END-- [ RunTime:0.000570s ]
INFO: [ app_end ] --START--
INFO: Run Behavior\ShowPageTraceBehavior [ RunTime:0.000675s ]
INFO: [ app_end ] --END-- [ RunTime:0.000770s ]

[ 2016-05-13T16:37:48+08:00 ] ::1 /management_system/index.php/Home/Index/quit
INFO: [ app_init ] --START--
INFO: Run Behavior\BuildLiteBehavior [ RunTime:0.000025s ]
INFO: [ app_init ] --END-- [ RunTime:0.000403s ]
INFO: [ app_begin ] --START--
INFO: Run Behavior\ReadHtmlCacheBehavior [ RunTime:0.000722s ]
INFO: [ app_begin ] --END-- [ RunTime:0.000825s ]

[ 2016-05-13T16:37:48+08:00 ] ::1 /management_system/index.php/Home/Login/index.html
INFO: [ app_init ] --START--
INFO: Run Behavior\BuildLiteBehavior [ RunTime:0.000024s ]
INFO: [ app_init ] --END-- [ RunTime:0.000419s ]
INFO: [ app_begin ] --START--
INFO: Run Behavior\ReadHtmlCacheBehavior [ RunTime:0.000686s ]
INFO: [ app_begin ] --END-- [ RunTime:0.000812s ]
NOTIC: [8] Use of undefined constant title - assumed 'title' G:\wamp\www\management_system\Application\Home\Controller\LoginController.class.php 第 6 行.
INFO: [ view_parse ] --START--
INFO: [ template_filter ] --START--
INFO: Run Behavior\ContentReplaceBehavior [ RunTime:0.000073s ]
INFO: [ template_filter ] --END-- [ RunTime:0.000199s ]
INFO: Run Behavior\ParseTemplateBehavior [ RunTime:0.007520s ]
INFO: [ view_parse ] --END-- [ RunTime:0.007660s ]
INFO: [ view_filter ] --START--
INFO: Run Behavior\WriteHtmlCacheBehavior [ RunTime:0.000726s ]
INFO: [ view_filter ] --END-- [ RunTime:0.000865s ]
INFO: [ app_end ] --START--
INFO: Run Behavior\ShowPageTraceBehavior [ RunTime:0.001036s ]
INFO: [ app_end ] --END-- [ RunTime:0.001187s ]

[ 2016-05-13T16:44:10+08:00 ] ::1 /management_system/index.php/Home/Tecmanage/index
INFO: [ app_init ] --START--
INFO: Run Behavior\BuildLiteBehavior [ RunTime:0.000024s ]
INFO: [ app_init ] --END-- [ RunTime:0.000403s ]
INFO: [ app_begin ] --START--
INFO: Run Behavior\ReadHtmlCacheBehavior [ RunTime:0.000733s ]
INFO: [ app_begin ] --END-- [ RunTime:0.000848s ]
INFO: [ view_parse ] --START--
INFO: [ template_filter ] --START--
INFO: Run Behavior\ContentReplaceBehavior [ RunTime:0.000125s ]
INFO: [ template_filter ] --END-- [ RunTime:0.000255s ]
NOTIC: [8] Undefined variable: title G:\wamp\www\management_system\Application\Runtime\Cache\Home\3917728b9387331b9c01e4d448b4d63f.php 第 5 行.
NOTIC: [8] Undefined variable: news_list G:\wamp\www\management_system\Application\Runtime\Cache\Home\3917728b9387331b9c01e4d448b4d63f.php 第 167 行.
NOTIC: [8] Undefined variable: page_method G:\wamp\www\management_system\Application\Runtime\Cache\Home\3917728b9387331b9c01e4d448b4d63f.php 第 186 行.
INFO: Run Behavior\ParseTemplateBehavior [ RunTime:0.012797s ]
INFO: [ view_parse ] --END-- [ RunTime:0.012910s ]
INFO: [ view_filter ] --START--
INFO: Run Behavior\WriteHtmlCacheBehavior [ RunTime:0.000527s ]
INFO: [ view_filter ] --END-- [ RunTime:0.000630s ]
INFO: [ app_end ] --START--
INFO: Run Behavior\ShowPageTraceBehavior [ RunTime:0.000683s ]
INFO: [ app_end ] --END-- [ RunTime:0.000779s ]

[ 2016-05-13T16:44:21+08:00 ] ::1 /management_system/index.php/Home/Index/index
INFO: [ app_init ] --START--
INFO: Run Behavior\BuildLiteBehavior [ RunTime:0.000023s ]
INFO: [ app_init ] --END-- [ RunTime:0.000398s ]
INFO: [ app_begin ] --START--
INFO: Run Behavior\ReadHtmlCacheBehavior [ RunTime:0.000674s ]
INFO: [ app_begin ] --END-- [ RunTime:0.000776s ]
NOTIC: [8] Use of undefined constant username - assumed 'username' G:\wamp\www\management_system\Application\Home\Controller\IndexController.class.php 第 6 行.
SQL: SHOW COLUMNS FROM `adminstrator` [ RunTime:0.0024s ]
NOTIC: [8] Undefined index: manageid G:\wamp\www\management_system\Application\Home\Controller\IndexController.class.php 第 8 行.
NOTIC: [8] Use of undefined constant adminstratorid - assumed 'adminstratorid' G:\wamp\www\management_system\Application\Home\Controller\IndexController.class.php 第 25 行.
SQL: SELECT COUNT(*) AS tp_count FROM `adminstrator` LIMIT 1   [ RunTime:0.0003s ]
SQL: SELECT `Id`,`Password` FROM `adminstrator` ORDER BY id LIMIT 0,8   [ RunTime:0.0002s ]
INFO: [ view_parse ] --START--
INFO: [ template_filter ] --START--
INFO: Run Behavior\ContentReplaceBehavior [ RunTime:0.000117s ]
INFO: [ template_filter ] --END-- [ RunTime:0.000232s ]
NOTIC: [8] Undefined variable: title G:\wamp\www\management_system\Application\Runtime\Cache\Home\2a94b8bda04ff446dcedd42276fc99ee.php 第 5 行.
NOTIC: [8] Undefined variable: default2 G:\wamp\www\management_system\Application\Runtime\Cache\Home\2a94b8bda04ff446dcedd42276fc99ee.php 第 138 行.
NOTIC: [8] Undefined variable: default2 G:\wamp\www\management_system\Application\Runtime\Cache\Home\2a94b8bda04ff446dcedd42276fc99ee.php 第 200 行.
NOTIC: [8] Undefined variable: get_password G:\wamp\www\management_system\Application\Runtime\Cache\Home\2a94b8bda04ff446dcedd42276fc99ee.php 第 216 行.
INFO: Run Behavior\ParseTemplateBehavior [ RunTime:0.012148s ]
INFO: [ view_parse ] --END-- [ RunTime:0.012257s ]
INFO: [ view_filter ] --START--
INFO: Run Behavior\WriteHtmlCacheBehavior [ RunTime:0.000525s ]
INFO: [ view_filter ] --END-- [ RunTime:0.000622s ]
INFO: [ app_end ] --START--
INFO: Run Behavior\ShowPageTraceBehavior [ RunTime:0.000734s ]
INFO: [ app_end ] --END-- [ RunTime:0.000835s ]

[ 2016-05-13T16:44:25+08:00 ] ::1 /management_system/index.php/Home/Tecmanage/index
INFO: [ app_init ] --START--
INFO: Run Behavior\BuildLiteBehavior [ RunTime:0.000023s ]
INFO: [ app_init ] --END-- [ RunTime:0.000396s ]
INFO: [ app_begin ] --START--
INFO: Run Behavior\ReadHtmlCacheBehavior [ RunTime:0.000688s ]
INFO: [ app_begin ] --END-- [ RunTime:0.000790s ]
INFO: [ view_parse ] --START--
INFO: [ template_filter ] --START--
INFO: Run Behavior\ContentReplaceBehavior [ RunTime:0.000115s ]
INFO: [ template_filter ] --END-- [ RunTime:0.000268s ]
NOTIC: [8] Undefined variable: title G:\wamp\www\management_system\Application\Runtime\Cache\Home\3917728b9387331b9c01e4d448b4d63f.php 第 5 行.
NOTIC: [8] Undefined variable: news_list G:\wamp\www\management_system\Application\Runtime\Cache\Home\3917728b9387331b9c01e4d448b4d63f.php 第 167 行.
NOTIC: [8] Undefined variable: page_method G:\wamp\www\management_system\Application\Runtime\Cache\Home\3917728b9387331b9c01e4d448b4d63f.php 第 186 行.
INFO: Run Behavior\ParseTemplateBehavior [ RunTime:0.012087s ]
INFO: [ view_parse ] --END-- [ RunTime:0.012193s ]
INFO: [ view_filter ] --START--
INFO: Run Behavior\WriteHtmlCacheBehavior [ RunTime:0.000527s ]
INFO: [ view_filter ] --END-- [ RunTime:0.000622s ]
INFO: [ app_end ] --START--
INFO: Run Behavior\ShowPageTraceBehavior [ RunTime:0.000729s ]
INFO: [ app_end ] --END-- [ RunTime:0.000823s ]

[ 2016-05-13T16:48:08+08:00 ] ::1 /management_system/index.php/Home/Index/index
INFO: [ app_init ] --START--
INFO: Run Behavior\BuildLiteBehavior [ RunTime:0.000023s ]
INFO: [ app_init ] --END-- [ RunTime:0.000423s ]
INFO: [ app_begin ] --START--
INFO: Run Behavior\ReadHtmlCacheBehavior [ RunTime:0.000748s ]
INFO: [ app_begin ] --END-- [ RunTime:0.000871s ]
NOTIC: [8] Use of undefined constant username - assumed 'username' G:\wamp\www\management_system\Application\Home\Controller\IndexController.class.php 第 6 行.
SQL: SHOW COLUMNS FROM `adminstrator` [ RunTime:0.0024s ]
NOTIC: [8] Undefined index: manageid G:\wamp\www\management_system\Application\Home\Controller\IndexController.class.php 第 8 行.
NOTIC: [8] Use of undefined constant adminstratorid - assumed 'adminstratorid' G:\wamp\www\management_system\Application\Home\Controller\IndexController.class.php 第 25 行.
SQL: SELECT COUNT(*) AS tp_count FROM `adminstrator` LIMIT 1   [ RunTime:0.0002s ]
SQL: SELECT `Id`,`Password` FROM `adminstrator` ORDER BY id LIMIT 0,8   [ RunTime:0.0002s ]
INFO: [ view_parse ] --START--
INFO: [ template_filter ] --START--
INFO: Run Behavior\ContentReplaceBehavior [ RunTime:0.000141s ]
INFO: [ template_filter ] --END-- [ RunTime:0.000250s ]
NOTIC: [8] Undefined variable: title G:\wamp\www\management_system\Application\Runtime\Cache\Home\2a94b8bda04ff446dcedd42276fc99ee.php 第 5 行.
NOTIC: [8] Undefined variable: default2 G:\wamp\www\management_system\Application\Runtime\Cache\Home\2a94b8bda04ff446dcedd42276fc99ee.php 第 138 行.
NOTIC: [8] Undefined variable: default2 G:\wamp\www\management_system\Application\Runtime\Cache\Home\2a94b8bda04ff446dcedd42276fc99ee.php 第 200 行.
NOTIC: [8] Undefined variable: get_password G:\wamp\www\management_system\Application\Runtime\Cache\Home\2a94b8bda04ff446dcedd42276fc99ee.php 第 216 行.
INFO: Run Behavior\ParseTemplateBehavior [ RunTime:0.012320s ]
INFO: [ view_parse ] --END-- [ RunTime:0.012429s ]
INFO: [ view_filter ] --START--
INFO: Run Behavior\WriteHtmlCacheBehavior [ RunTime:0.000511s ]
INFO: [ view_filter ] --END-- [ RunTime:0.000640s ]
INFO: [ app_end ] --START--
INFO: Run Behavior\ShowPageTraceBehavior [ RunTime:0.000735s ]
INFO: [ app_end ] --END-- [ RunTime:0.000843s ]

[ 2016-05-13T16:49:33+08:00 ] ::1 /management_system/index.php/Home/Tecmanage/index
INFO: [ app_init ] --START--
INFO: Run Behavior\BuildLiteBehavior [ RunTime:0.000024s ]
INFO: [ app_init ] --END-- [ RunTime:0.000430s ]
INFO: [ app_begin ] --START--
INFO: Run Behavior\ReadHtmlCacheBehavior [ RunTime:0.000726s ]
INFO: [ app_begin ] --END-- [ RunTime:0.000834s ]
INFO: [ app_end ] --START--
INFO: Run Behavior\ShowPageTraceBehavior [ RunTime:0.000728s ]
INFO: [ app_end ] --END-- [ RunTime:0.000834s ]

[ 2016-05-13T16:49:50+08:00 ] ::1 /management_system/index.php/Home/Tecmanage/index
INFO: [ app_init ] --START--
INFO: Run Behavior\BuildLiteBehavior [ RunTime:0.000024s ]
INFO: [ app_init ] --END-- [ RunTime:0.000400s ]
INFO: [ app_begin ] --START--
INFO: Run Behavior\ReadHtmlCacheBehavior [ RunTime:0.000763s ]
INFO: [ app_begin ] --END-- [ RunTime:0.000875s ]
INFO: [ view_parse ] --START--
INFO: [ template_filter ] --START--
INFO: Run Behavior\ContentReplaceBehavior [ RunTime:0.000170s ]
INFO: [ template_filter ] --END-- [ RunTime:0.000325s ]
NOTIC: [8] Undefined variable: title G:\wamp\www\management_system\Application\Runtime\Cache\Home\3917728b9387331b9c01e4d448b4d63f.php 第 5 行.
NOTIC: [8] Undefined variable: news_list G:\wamp\www\management_system\Application\Runtime\Cache\Home\3917728b9387331b9c01e4d448b4d63f.php 第 167 行.
NOTIC: [8] Undefined variable: page_method G:\wamp\www\management_system\Application\Runtime\Cache\Home\3917728b9387331b9c01e4d448b4d63f.php 第 186 行.
INFO: Run Behavior\ParseTemplateBehavior [ RunTime:0.012579s ]
INFO: [ view_parse ] --END-- [ RunTime:0.012685s ]
INFO: [ view_filter ] --START--
INFO: Run Behavior\WriteHtmlCacheBehavior [ RunTime:0.000553s ]
INFO: [ view_filter ] --END-- [ RunTime:0.000647s ]
INFO: [ app_end ] --START--
INFO: Run Behavior\ShowPageTraceBehavior [ RunTime:0.000746s ]
INFO: [ app_end ] --END-- [ RunTime:0.000855s ]

[ 2016-05-13T16:50:48+08:00 ] ::1 /management_system/index.php/Home/Index/index
INFO: [ app_init ] --START--
INFO: Run Behavior\BuildLiteBehavior [ RunTime:0.000022s ]
INFO: [ app_init ] --END-- [ RunTime:0.000396s ]
INFO: [ app_begin ] --START--
INFO: Run Behavior\ReadHtmlCacheBehavior [ RunTime:0.000929s ]
INFO: [ app_begin ] --END-- [ RunTime:0.001117s ]
NOTIC: [8] Use of undefined constant username - assumed 'username' G:\wamp\www\management_system\Application\Home\Controller\IndexController.class.php 第 6 行.
SQL: SHOW COLUMNS FROM `adminstrator` [ RunTime:0.0022s ]
NOTIC: [8] Undefined index: manageid G:\wamp\www\management_system\Application\Home\Controller\IndexController.class.php 第 8 行.
NOTIC: [8] Use of undefined constant adminstratorid - assumed 'adminstratorid' G:\wamp\www\management_system\Application\Home\Controller\IndexController.class.php 第 25 行.
SQL: SELECT COUNT(*) AS tp_count FROM `adminstrator` LIMIT 1   [ RunTime:0.0002s ]
SQL: SELECT `Id`,`Password` FROM `adminstrator` ORDER BY id LIMIT 0,8   [ RunTime:0.0003s ]
INFO: [ view_parse ] --START--
INFO: [ template_filter ] --START--
INFO: Run Behavior\ContentReplaceBehavior [ RunTime:0.000122s ]
INFO: [ template_filter ] --END-- [ RunTime:0.000241s ]
NOTIC: [8] Undefined variable: title G:\wamp\www\management_system\Application\Runtime\Cache\Home\2a94b8bda04ff446dcedd42276fc99ee.php 第 5 行.
NOTIC: [8] Undefined variable: default2 G:\wamp\www\management_system\Application\Runtime\Cache\Home\2a94b8bda04ff446dcedd42276fc99ee.php 第 138 行.
NOTIC: [8] Undefined variable: default2 G:\wamp\www\management_system\Application\Runtime\Cache\Home\2a94b8bda04ff446dcedd42276fc99ee.php 第 200 行.
NOTIC: [8] Undefined variable: get_password G:\wamp\www\management_system\Application\Runtime\Cache\Home\2a94b8bda04ff446dcedd42276fc99ee.php 第 216 行.
INFO: Run Behavior\ParseTemplateBehavior [ RunTime:0.011698s ]
INFO: [ view_parse ] --END-- [ RunTime:0.011849s ]
INFO: [ view_filter ] --START--
INFO: Run Behavior\WriteHtmlCacheBehavior [ RunTime:0.000572s ]
INFO: [ view_filter ] --END-- [ RunTime:0.000668s ]
INFO: [ app_end ] --START--
INFO: Run Behavior\ShowPageTraceBehavior [ RunTime:0.000727s ]
INFO: [ app_end ] --END-- [ RunTime:0.000827s ]

