[ 2016-05-11T08:19:37+08:00 ] ::1 /thinkphp_3.2.3_full/index.php/Login/index.html
INFO: [ app_init ] --START--
INFO: Run Behavior\BuildLiteBehavior [ RunTime:0.000025s ]
INFO: [ app_init ] --END-- [ RunTime:0.000391s ]
ERR: 无法加载模块:Login

[ 2016-05-11T08:32:20+08:00 ] ::1 /thinkphp_3.2.3_full/index.php/Login/index.html
INFO: [ app_init ] --START--
INFO: Run Behavior\BuildLiteBehavior [ RunTime:0.000025s ]
INFO: [ app_init ] --END-- [ RunTime:0.000442s ]
ERR: 无法加载模块:Login

[ 2016-05-11T15:26:46+08:00 ] ::1 /thinkphp_3.2.3_full/index.php/Stumanage/index.html
INFO: [ app_init ] --START--
INFO: Run Behavior\BuildLiteBehavior [ RunTime:0.000026s ]
INFO: [ app_init ] --END-- [ RunTime:0.000415s ]
ERR: 无法加载模块:Stumanage

[ 2016-05-11T15:31:47+08:00 ] ::1 /thinkphp_3.2.3_full/index.php/Stumanage/index.html
INFO: [ app_init ] --START--
INFO: Run Behavior\BuildLiteBehavior [ RunTime:0.000122s ]
INFO: [ app_init ] --END-- [ RunTime:0.000977s ]
ERR: 无法加载模块:Stumanage

[ 2016-05-11T15:33:46+08:00 ] ::1 /thinkphp_3.2.3_full/index.php/Stumanage/index.html
INFO: [ app_init ] --START--
INFO: Run Behavior\BuildLiteBehavior [ RunTime:0.000040s ]
INFO: [ app_init ] --END-- [ RunTime:0.000724s ]
ERR: 无法加载模块:Stumanage

[ 2016-05-11T15:34:28+08:00 ] ::1 /thinkphp_3.2.3_full/index.php/Stumanage/index.html
INFO: [ app_init ] --START--
INFO: Run Behavior\BuildLiteBehavior [ RunTime:0.000028s ]
INFO: [ app_init ] --END-- [ RunTime:0.000417s ]
ERR: 无法加载模块:Stumanage

[ 2016-05-11T15:35:09+08:00 ] ::1 /thinkphp_3.2.3_full/index.php/Stumanage/index.html
INFO: [ app_init ] --START--
INFO: Run Behavior\BuildLiteBehavior [ RunTime:0.000028s ]
INFO: [ app_init ] --END-- [ RunTime:0.000437s ]
ERR: 无法加载模块:Stumanage

[ 2016-05-11T15:35:13+08:00 ] ::1 /thinkphp_3.2.3_full/index.php/Stumanage/index.html
INFO: [ app_init ] --START--
INFO: Run Behavior\BuildLiteBehavior [ RunTime:0.000026s ]
INFO: [ app_init ] --END-- [ RunTime:0.000417s ]
ERR: 无法加载模块:Stumanage

[ 2016-05-11T15:35:37+08:00 ] ::1 /thinkphp_3.2.3_full/index.php/Stumanage/index.html
INFO: [ app_init ] --START--
INFO: Run Behavior\BuildLiteBehavior [ RunTime:0.000025s ]
INFO: [ app_init ] --END-- [ RunTime:0.000375s ]
ERR: 无法加载模块:Stumanage

[ 2016-05-11T17:22:08+08:00 ] ::1 /thinkphp_3.2.3_full/index.php/Index/index/username/Jane.html
INFO: [ app_init ] --START--
INFO: Run Behavior\BuildLiteBehavior [ RunTime:0.000025s ]
INFO: [ app_init ] --END-- [ RunTime:0.000391s ]
ERR: 无法加载模块:Index

[ 2016-05-11T17:22:32+08:00 ] ::1 /thinkphp_3.2.3_full/index.php/Index/index/username/Jane.html
INFO: [ app_init ] --START--
INFO: Run Behavior\BuildLiteBehavior [ RunTime:0.000024s ]
INFO: [ app_init ] --END-- [ RunTime:0.000383s ]
ERR: 无法加载模块:Index

[ 2016-05-11T17:22:56+08:00 ] ::1 /thinkphp_3.2.3_full/index.php/Index/index/username/Jane.html
INFO: [ app_init ] --START--
INFO: Run Behavior\BuildLiteBehavior [ RunTime:0.000024s ]
INFO: [ app_init ] --END-- [ RunTime:0.000381s ]
ERR: 无法加载模块:Index

[ 2016-05-11T17:22:59+08:00 ] ::1 /thinkphp_3.2.3_full/index.php/Index/index/Jane.html
INFO: [ app_init ] --START--
INFO: Run Behavior\BuildLiteBehavior [ RunTime:0.000024s ]
INFO: [ app_init ] --END-- [ RunTime:0.000357s ]
ERR: 无法加载模块:Index

